#
# There is insufficient memory for the Java Runtime Environment to continue.
# Native memory allocation (mmap) failed to map 73400320 bytes for committing reserved memory.
# Possible reasons:
#   The system is out of physical RAM or swap space
#   In 32 bit mode, the process size limit was hit
# Possible solutions:
#   Reduce memory load on the system
#   Increase physical memory or swap space
#   Check if swap backing store is full
#   Use 64 bit Java on a 64 bit OS
#   Decrease Java heap size (-Xmx/-Xms)
#   Decrease number of Java threads
#   Decrease Java thread stack sizes (-Xss)
#   Set larger code cache with -XX:ReservedCodeCacheSize=
# This output file may be truncated or incomplete.
#
#  Out of Memory Error (os_linux.cpp:2640), pid=9148, tid=0x00007f9cbc1f3700
#
# JRE version: Java(TM) SE Runtime Environment (8.0_144-b01) (build 1.8.0_144-b01)
# Java VM: Java HotSpot(TM) 64-Bit Server VM (25.144-b01 mixed mode linux-amd64 compressed oops)
# Failed to write core dump. Core dumps have been disabled. To enable core dumping, try "ulimit -c unlimited" before starting Java again
#

---------------  T H R E A D  ---------------

Current thread (0x00007f9cd0077800):  VMThread [stack: 0x00007f9cbc0f3000,0x00007f9cbc1f4000] [id=9156]

Stack: [0x00007f9cbc0f3000,0x00007f9cbc1f4000],  sp=0x00007f9cbc1f2320,  free space=1020k
Native frames: (J=compiled Java code, j=interpreted, Vv=VM code, C=native code)
V  [libjvm.so+0xacb18a]  VMError::report_and_die()+0x2ba
V  [libjvm.so+0x4ff4db]  report_vm_out_of_memory(char const*, int, unsigned long, VMErrorType, char const*)+0x8b
V  [libjvm.so+0x927d23]  os::Linux::commit_memory_impl(char*, unsigned long, bool)+0x103
V  [libjvm.so+0x928279]  os::pd_commit_memory(char*, unsigned long, unsigned long, bool)+0x29
V  [libjvm.so+0x92249a]  os::commit_memory(char*, unsigned long, unsigned long, bool)+0x2a
V  [libjvm.so+0x996ff3]  PSVirtualSpace::expand_by(unsigned long)+0x53
V  [libjvm.so+0x9983f8]  PSYoungGen::resize_generation(unsigned long, unsigned long)+0xf8
V  [libjvm.so+0x997552]  PSYoungGen::resize(unsigned long, unsigned long)+0x22
V  [libjvm.so+0x99482b]  PSScavenge::invoke_no_policy()+0xf3b
V  [libjvm.so+0x994fb1]  PSScavenge::invoke()+0x41
V  [libjvm.so+0x94bce0]  ParallelScavengeHeap::failed_mem_allocate(unsigned long)+0x70
V  [libjvm.so+0xaccba7]  VM_ParallelGCFailedAllocation::doit()+0x97
V  [libjvm.so+0xad4685]  VM_Operation::evaluate()+0x55
V  [libjvm.so+0xad2a5a]  VMThread::evaluate_operation(VM_Operation*)+0xba
V  [libjvm.so+0xad2dde]  VMThread::loop()+0x1ce
V  [libjvm.so+0xad3250]  VMThread::run()+0x70
V  [libjvm.so+0x92a338]  java_start(Thread*)+0x108

VM_Operation (0x00007f9cd8b73790): ParallelGCFailedAllocation, mode: safepoint, requested by thread 0x00007f9cd000a000


---------------  P R O C E S S  ---------------

Java Threads: ( => current thread )
  0x00007f9cd0667800 JavaThread "process reaper" daemon [_thread_blocked, id=9166, stack(0x00007f9cbc024000,0x00007f9cbc05d000)]
  0x00007f9cd00d2800 JavaThread "Service Thread" daemon [_thread_blocked, id=9163, stack(0x00007f9cb761c000,0x00007f9cb771d000)]
  0x00007f9cd00bd000 JavaThread "C1 CompilerThread2" daemon [_thread_blocked, id=9162, stack(0x00007f9cb771d000,0x00007f9cb781e000)]
  0x00007f9cd00bb800 JavaThread "C2 CompilerThread1" daemon [_thread_in_native, id=9161, stack(0x00007f9cb781e000,0x00007f9cb791f000)]
  0x00007f9cd00b8800 JavaThread "C2 CompilerThread0" daemon [_thread_in_native, id=9160, stack(0x00007f9cb791f000,0x00007f9cb7a20000)]
  0x00007f9cd00b7000 JavaThread "Signal Dispatcher" daemon [_thread_blocked, id=9159, stack(0x00007f9cb7a20000,0x00007f9cb7b21000)]
  0x00007f9cd0084000 JavaThread "Finalizer" daemon [_thread_blocked, id=9158, stack(0x00007f9cb7dfe000,0x00007f9cb7eff000)]
  0x00007f9cd007f800 JavaThread "Reference Handler" daemon [_thread_blocked, id=9157, stack(0x00007f9cb7eff000,0x00007f9cb8000000)]
  0x00007f9cd000a000 JavaThread "main" [_thread_blocked, id=9151, stack(0x00007f9cd8a76000,0x00007f9cd8b77000)]

Other Threads:
=>0x00007f9cd0077800 VMThread [stack: 0x00007f9cbc0f3000,0x00007f9cbc1f4000] [id=9156]
  0x00007f9cd00d5000 WatcherThread [stack: 0x00007f9cb751b000,0x00007f9cb761c000] [id=9164]

VM state:at safepoint (normal execution)

VM Mutex/Monitor currently owned by a thread:  ([mutex/lock_event])
[0x00007f9cd00061a0] Threads_lock - owner thread: 0x00007f9cd0077800
[0x00007f9cd00066a0] Heap_lock - owner thread: 0x00007f9cd000a000

Heap:
 PSYoungGen      total 68608K, used 5088K [0x00000000d6f00000, 0x00000000db700000, 0x0000000100000000)
  eden space 63488K, 0% used [0x00000000d6f00000,0x00000000d6f00000,0x00000000dad00000)
  from space 5120K, 99% used [0x00000000dad00000,0x00000000db1f8020,0x00000000db200000)
  to   space 5120K, 0% used [0x00000000db200000,0x00000000db200000,0x00000000db700000)
 ParOldGen       total 84992K, used 7232K [0x0000000084c00000, 0x0000000089f00000, 0x00000000d6f00000)
  object space 84992K, 8% used [0x0000000084c00000,0x0000000085310248,0x0000000089f00000)
 Metaspace       used 18455K, capacity 18916K, committed 19072K, reserved 1067008K
  class space    used 2258K, capacity 2398K, committed 2432K, reserved 1048576K

Card table byte_map: [0x00007f9cd5439000,0x00007f9cd5814000] byte_map_base: 0x00007f9cd5013000

Marking Bits: (ParMarkBitMap*) 0x00007f9cd7f44dc0
 Begin Bits: [0x00007f9cbd260000, 0x00007f9cbf130000)
 End Bits:   [0x00007f9cbf130000, 0x00007f9cc1000000)

Polling page: 0x00007f9cd8b92000

CodeCache: size=245760Kb used=8954Kb max_used=8954Kb free=236805Kb
 bounds [0x00007f9cc1000000, 0x00007f9cc18d0000, 0x00007f9cd0000000]
 total_blobs=2968 nmethods=2609 adapters=272
 compilation: enabled

Compilation events (10 events):
Event: 4,058 Thread 0x00007f9cd00bd000 2616       1       com.sun.tools.javac.util.SharedNameTable$NameImpl::getIndex (5 bytes)
Event: 4,058 Thread 0x00007f9cd00bd000 nmethod 2616 0x00007f9cc18c0210 code [0x00007f9cc18c0360, 0x00007f9cc18c0470]
Event: 4,058 Thread 0x00007f9cd00bd000 2613       3       com.sun.tools.javac.util.Names::fromString (9 bytes)
Event: 4,058 Thread 0x00007f9cd00bd000 nmethod 2613 0x00007f9cc18c04d0 code [0x00007f9cc18c0660, 0x00007f9cc18c0b78]
Event: 4,058 Thread 0x00007f9cd00bd000 2614       3       com.sun.tools.javac.util.Name$Table::fromString (14 bytes)
Event: 4,058 Thread 0x00007f9cd00bd000 nmethod 2614 0x00007f9cc18c0d90 code [0x00007f9cc18c0f20, 0x00007f9cc18c1358]
Event: 4,058 Thread 0x00007f9cd00bd000 2617       3       com.sun.tools.javac.util.Context::uncheckedCast (2 bytes)
Event: 4,059 Thread 0x00007f9cd00bd000 nmethod 2617 0x00007f9cc18c14d0 code [0x00007f9cc18c1620, 0x00007f9cc18c1750]
Event: 4,077 Thread 0x00007f9cd00bd000 2618       3       com.sun.tools.javac.util.Context::get (82 bytes)
Event: 4,078 Thread 0x00007f9cd00bd000 nmethod 2618 0x00007f9cc18c1bd0 code [0x00007f9cc18c1e40, 0x00007f9cc18c2d58]

GC Heap History (9 events):
Event: 0,971 GC heap before
{Heap before GC invocations=1 (full 0):
 PSYoungGen      total 36864K, used 31744K [0x00000000d6f00000, 0x00000000d9800000, 0x0000000100000000)
  eden space 31744K, 100% used [0x00000000d6f00000,0x00000000d8e00000,0x00000000d8e00000)
  from space 5120K, 0% used [0x00000000d9300000,0x00000000d9300000,0x00000000d9800000)
  to   space 5120K, 0% used [0x00000000d8e00000,0x00000000d8e00000,0x00000000d9300000)
 ParOldGen       total 84992K, used 0K [0x0000000084c00000, 0x0000000089f00000, 0x00000000d6f00000)
  object space 84992K, 0% used [0x0000000084c00000,0x0000000084c00000,0x0000000089f00000)
 Metaspace       used 7817K, capacity 7982K, committed 8192K, reserved 1056768K
  class space    used 982K, capacity 1021K, committed 1024K, reserved 1048576K
Event: 0,976 GC heap after
Heap after GC invocations=1 (full 0):
 PSYoungGen      total 36864K, used 4701K [0x00000000d6f00000, 0x00000000d9800000, 0x0000000100000000)
  eden space 31744K, 0% used [0x00000000d6f00000,0x00000000d6f00000,0x00000000d8e00000)
  from space 5120K, 91% used [0x00000000d8e00000,0x00000000d9297648,0x00000000d9300000)
  to   space 5120K, 0% used [0x00000000d9300000,0x00000000d9300000,0x00000000d9800000)
 ParOldGen       total 84992K, used 16K [0x0000000084c00000, 0x0000000089f00000, 0x00000000d6f00000)
  object space 84992K, 0% used [0x0000000084c00000,0x0000000084c04000,0x0000000089f00000)
 Metaspace       used 7817K, capacity 7982K, committed 8192K, reserved 1056768K
  class space    used 982K, capacity 1021K, committed 1024K, reserved 1048576K
}
Event: 1,888 GC heap before
{Heap before GC invocations=2 (full 0):
 PSYoungGen      total 36864K, used 36445K [0x00000000d6f00000, 0x00000000d9800000, 0x0000000100000000)
  eden space 31744K, 100% used [0x00000000d6f00000,0x00000000d8e00000,0x00000000d8e00000)
  from space 5120K, 91% used [0x00000000d8e00000,0x00000000d9297648,0x00000000d9300000)
  to   space 5120K, 0% used [0x00000000d9300000,0x00000000d9300000,0x00000000d9800000)
 ParOldGen       total 84992K, used 16K [0x0000000084c00000, 0x0000000089f00000, 0x00000000d6f00000)
  object space 84992K, 0% used [0x0000000084c00000,0x0000000084c04000,0x0000000089f00000)
 Metaspace       used 13021K, capacity 13424K, committed 13568K, reserved 1060864K
  class space    used 1602K, capacity 1723K, committed 1792K, reserved 1048576K
Event: 1,916 GC heap after
Heap after GC invocations=2 (full 0):
 PSYoungGen      total 36864K, used 5113K [0x00000000d6f00000, 0x00000000db700000, 0x0000000100000000)
  eden space 31744K, 0% used [0x00000000d6f00000,0x00000000d6f00000,0x00000000d8e00000)
  from space 5120K, 99% used [0x00000000d9300000,0x00000000d97fe4f0,0x00000000d9800000)
  to   space 5120K, 0% used [0x00000000d8e00000,0x00000000d8e00000,0x00000000d9300000)
 ParOldGen       total 84992K, used 1671K [0x0000000084c00000, 0x0000000089f00000, 0x00000000d6f00000)
  object space 84992K, 1% used [0x0000000084c00000,0x0000000084da1f28,0x0000000089f00000)
 Metaspace       used 13021K, capacity 13424K, committed 13568K, reserved 1060864K
  class space    used 1602K, capacity 1723K, committed 1792K, reserved 1048576K
}
Event: 2,811 GC heap before
{Heap before GC invocations=3 (full 0):
 PSYoungGen      total 36864K, used 36857K [0x00000000d6f00000, 0x00000000db700000, 0x0000000100000000)
  eden space 31744K, 100% used [0x00000000d6f00000,0x00000000d8e00000,0x00000000d8e00000)
  from space 5120K, 99% used [0x00000000d9300000,0x00000000d97fe4f0,0x00000000d9800000)
  to   space 5120K, 0% used [0x00000000d8e00000,0x00000000d8e00000,0x00000000d9300000)
 ParOldGen       total 84992K, used 1671K [0x0000000084c00000, 0x0000000089f00000, 0x00000000d6f00000)
  object space 84992K, 1% used [0x0000000084c00000,0x0000000084da1f28,0x0000000089f00000)
 Metaspace       used 13484K, capacity 13896K, committed 14080K, reserved 1060864K
  class space    used 1635K, capacity 1766K, committed 1792K, reserved 1048576K
Event: 2,823 GC heap after
Heap after GC invocations=3 (full 0):
 PSYoungGen      total 36864K, used 5104K [0x00000000d6f00000, 0x00000000db700000, 0x0000000100000000)
  eden space 31744K, 0% used [0x00000000d6f00000,0x00000000d6f00000,0x00000000d8e00000)
  from space 5120K, 99% used [0x00000000d8e00000,0x00000000d92fc010,0x00000000d9300000)
  to   space 5120K, 0% used [0x00000000db200000,0x00000000db200000,0x00000000db700000)
 ParOldGen       total 84992K, used 2453K [0x0000000084c00000, 0x0000000089f00000, 0x00000000d6f00000)
  object space 84992K, 2% used [0x0000000084c00000,0x0000000084e65578,0x0000000089f00000)
 Metaspace       used 13484K, capacity 13896K, committed 14080K, reserved 1060864K
  class space    used 1635K, capacity 1766K, committed 1792K, reserved 1048576K
}
Event: 3,290 GC heap before
{Heap before GC invocations=4 (full 0):
 PSYoungGen      total 36864K, used 36848K [0x00000000d6f00000, 0x00000000db700000, 0x0000000100000000)
  eden space 31744K, 100% used [0x00000000d6f00000,0x00000000d8e00000,0x00000000d8e00000)
  from space 5120K, 99% used [0x00000000d8e00000,0x00000000d92fc010,0x00000000d9300000)
  to   space 5120K, 0% used [0x00000000db200000,0x00000000db200000,0x00000000db700000)
 ParOldGen       total 84992K, used 2453K [0x0000000084c00000, 0x0000000089f00000, 0x00000000d6f00000)
  object space 84992K, 2% used [0x0000000084c00000,0x0000000084e65578,0x0000000089f00000)
 Metaspace       used 13841K, capacity 14216K, committed 14336K, reserved 1062912K
  class space    used 1655K, capacity 1766K, committed 1792K, reserved 1048576K
Event: 3,310 GC heap after
Heap after GC invocations=4 (full 0):
 PSYoungGen      total 68608K, used 5104K [0x00000000d6f00000, 0x00000000db700000, 0x0000000100000000)
  eden space 63488K, 0% used [0x00000000d6f00000,0x00000000d6f00000,0x00000000dad00000)
  from space 5120K, 99% used [0x00000000db200000,0x00000000db6fc030,0x00000000db700000)
  to   space 5120K, 0% used [0x00000000dad00000,0x00000000dad00000,0x00000000db200000)
 ParOldGen       total 84992K, used 3623K [0x0000000084c00000, 0x0000000089f00000, 0x00000000d6f00000)
  object space 84992K, 4% used [0x0000000084c00000,0x0000000084f89cd0,0x0000000089f00000)
 Metaspace       used 13841K, capacity 14216K, committed 14336K, reserved 1062912K
  class space    used 1655K, capacity 1766K, committed 1792K, reserved 1048576K
}
Event: 4,132 GC heap before
{Heap before GC invocations=5 (full 0):
 PSYoungGen      total 68608K, used 68579K [0x00000000d6f00000, 0x00000000db700000, 0x0000000100000000)
  eden space 63488K, 99% used [0x00000000d6f00000,0x00000000dacfcdf8,0x00000000dad00000)
  from space 5120K, 99% used [0x00000000db200000,0x00000000db6fc030,0x00000000db700000)
  to   space 5120K, 0% used [0x00000000dad00000,0x00000000dad00000,0x00000000db200000)
 ParOldGen       total 84992K, used 3623K [0x0000000084c00000, 0x0000000089f00000, 0x00000000d6f00000)
  object space 84992K, 4% used [0x0000000084c00000,0x0000000084f89cd0,0x0000000089f00000)
 Metaspace       used 18455K, capacity 18916K, committed 19072K, reserved 1067008K
  class space    used 2258K, capacity 2398K, committed 2432K, reserved 1048576K

Deoptimization events (10 events):
Event: 3,081 Thread 0x00007f9cd000a000 Uncommon trap: reason=bimorphic action=maybe_recompile pc=0x00007f9cc16117d4 method=java.util.regex.Pattern$Curly.match0(Ljava/util/regex/Matcher;IILjava/lang/CharSequence;)Z @ 170
Event: 3,081 Thread 0x00007f9cd000a000 Uncommon trap: reason=bimorphic action=maybe_recompile pc=0x00007f9cc16117d4 method=java.util.regex.Pattern$Curly.match0(Ljava/util/regex/Matcher;IILjava/lang/CharSequence;)Z @ 170
Event: 3,084 Thread 0x00007f9cd000a000 Uncommon trap: reason=bimorphic action=maybe_recompile pc=0x00007f9cc16117d4 method=java.util.regex.Pattern$Curly.match0(Ljava/util/regex/Matcher;IILjava/lang/CharSequence;)Z @ 170
Event: 3,084 Thread 0x00007f9cd000a000 Uncommon trap: reason=bimorphic action=maybe_recompile pc=0x00007f9cc16117d4 method=java.util.regex.Pattern$Curly.match0(Ljava/util/regex/Matcher;IILjava/lang/CharSequence;)Z @ 170
Event: 3,229 Thread 0x00007f9cd000a000 Uncommon trap: reason=unstable_if action=reinterpret pc=0x00007f9cc15b4d9c method=java.util.LinkedHashMap.afterNodeInsertion(Z)V @ 18
Event: 3,359 Thread 0x00007f9cd000a000 Uncommon trap: reason=unstable_if action=reinterpret pc=0x00007f9cc17335f0 method=java.util.IdentityHashMap.nextKeyIndex(II)I @ 4
Event: 3,425 Thread 0x00007f9cd000a000 Uncommon trap: reason=bimorphic action=maybe_recompile pc=0x00007f9cc1356580 method=java.util.HashMap.putVal(ILjava/lang/Object;Ljava/lang/Object;ZZ)Ljava/lang/Object; @ 203
Event: 3,504 Thread 0x00007f9cd000a000 Uncommon trap: reason=unstable_if action=reinterpret pc=0x00007f9cc15c79a8 method=java.util.ArrayList.remove(Ljava/lang/Object;)Z @ 46
Event: 3,682 Thread 0x00007f9cd000a000 Uncommon trap: reason=bimorphic action=maybe_recompile pc=0x00007f9cc1356580 method=java.util.HashMap.putVal(ILjava/lang/Object;Ljava/lang/Object;ZZ)Ljava/lang/Object; @ 203
Event: 3,883 Thread 0x00007f9cd000a000 Uncommon trap: reason=unstable_if action=reinterpret pc=0x00007f9cc1737d74 method=java.util.regex.Pattern.has(I)Z @ 6

Internal exceptions (10 events):
Event: 1,027 Thread 0x00007f9cd000a000 Exception <a 'java/lang/NoClassDefFoundError'> (0x00000000d71cbb40) thrown at [/HUDSON3/workspace/8-2-build-linux-amd64/jdk8u144/9417/hotspot/src/share/vm/oops/instanceKlass.cpp, line 964]
Event: 1,467 Thread 0x00007f9cd000a000 Exception <a 'java/lang/NoSuchFieldError': method resolution failed> (0x00000000d862e260) thrown at [/HUDSON3/workspace/8-2-build-linux-amd64/jdk8u144/9417/hotspot/src/share/vm/prims/methodHandles.cpp, line 1146]
Event: 1,471 Thread 0x00007f9cd000a000 Exception <a 'java/lang/NoSuchFieldError': method resolution failed> (0x00000000d863b920) thrown at [/HUDSON3/workspace/8-2-build-linux-amd64/jdk8u144/9417/hotspot/src/share/vm/prims/methodHandles.cpp, line 1146]
Event: 2,013 Thread 0x00007f9cd000a000 Implicit null exception at 0x00007f9cc13b5d75 to 0x00007f9cc13b5f59
Event: 2,013 Thread 0x00007f9cd000a000 Implicit null exception at 0x00007f9cc12f60af to 0x00007f9cc12f6119
Event: 2,113 Thread 0x00007f9cd000a000 Implicit null exception at 0x00007f9cc14ff2c6 to 0x00007f9cc14ff5e9
Event: 2,848 Thread 0x00007f9cd000a000 Implicit null exception at 0x00007f9cc1375058 to 0x00007f9cc13750e6
Event: 3,457 Thread 0x00007f9cd000a000 Exception <a 'java/lang/NoClassDefFoundError': org/slf4j/Logger> (0x00000000d75bbd00) thrown at [/HUDSON3/workspace/8-2-build-linux-amd64/jdk8u144/9417/hotspot/src/share/vm/oops/constantPool.cpp, line 235]
Event: 3,696 Thread 0x00007f9cd000a000 Exception <a 'java/lang/NoClassDefFoundError': org/slf4j/Logger> (0x00000000d8b473d0) thrown at [/HUDSON3/workspace/8-2-build-linux-amd64/jdk8u144/9417/hotspot/src/share/vm/oops/constantPool.cpp, line 235]
Event: 3,818 Thread 0x00007f9cd000a000 Exception <a 'java/lang/ClassNotFoundException': com/sun/tools/javac/api/JavacTool> (0x00000000d8faa0d0) thrown at [/HUDSON3/workspace/8-2-build-linux-amd64/jdk8u144/9417/hotspot/src/share/vm/classfile/systemDictionary.cpp, line 210]

Events (10 events):
Event: 4,106 loading class javax/lang/model/type/TypeKind done
Event: 4,107 loading class com/sun/tools/javac/file/Locations$Path
Event: 4,107 loading class com/sun/tools/javac/file/Locations$Path done
Event: 4,107 Executing VM operation: Deoptimize
Event: 4,108 Executing VM operation: Deoptimize done
Event: 4,108 loading class com/sun/tools/javac/util/ListBuffer$1
Event: 4,108 loading class com/sun/tools/javac/util/ListBuffer$1 done
Event: 4,109 loading class com/sun/tools/javac/util/StringUtils
Event: 4,109 loading class com/sun/tools/javac/util/StringUtils done
Event: 4,131 Executing VM operation: ParallelGCFailedAllocation


Dynamic libraries:
00400000-00401000 r-xp 00000000 08:05 4332282                            /usr/lib/jvm/java-8-oracle/bin/java
00600000-00601000 rw-p 00000000 08:05 4332282                            /usr/lib/jvm/java-8-oracle/bin/java
00e7a000-00e9b000 rw-p 00000000 00:00 0                                  [heap]
84c00000-89f00000 rw-p 00000000 00:00 0 
89f00000-d6f00000 ---p 00000000 00:00 0 
d6f00000-db700000 rw-p 00000000 00:00 0 
dfd00000-100000000 ---p 00000000 00:00 0 
100000000-100260000 rw-p 00000000 00:00 0 
100260000-140000000 ---p 00000000 00:00 0 
7f9c78000000-7f9c78021000 rw-p 00000000 00:00 0 
7f9c78021000-7f9c7c000000 ---p 00000000 00:00 0 
7f9c80000000-7f9c80021000 rw-p 00000000 00:00 0 
7f9c80021000-7f9c84000000 ---p 00000000 00:00 0 
7f9c84000000-7f9c84021000 rw-p 00000000 00:00 0 
7f9c84021000-7f9c88000000 ---p 00000000 00:00 0 
7f9c88000000-7f9c88bee000 rw-p 00000000 00:00 0 
7f9c88bee000-7f9c8c000000 ---p 00000000 00:00 0 
7f9c8c000000-7f9c8c98c000 rw-p 00000000 00:00 0 
7f9c8c98c000-7f9c90000000 ---p 00000000 00:00 0 
7f9c90000000-7f9c90021000 rw-p 00000000 00:00 0 
7f9c90021000-7f9c94000000 ---p 00000000 00:00 0 
7f9c94000000-7f9c95559000 rw-p 00000000 00:00 0 
7f9c95559000-7f9c98000000 ---p 00000000 00:00 0 
7f9c98000000-7f9c98021000 rw-p 00000000 00:00 0 
7f9c98021000-7f9c9c000000 ---p 00000000 00:00 0 
7f9c9c000000-7f9c9c021000 rw-p 00000000 00:00 0 
7f9c9c021000-7f9ca0000000 ---p 00000000 00:00 0 
7f9ca0000000-7f9ca0021000 rw-p 00000000 00:00 0 
7f9ca0021000-7f9ca4000000 ---p 00000000 00:00 0 
7f9ca4000000-7f9ca4292000 rw-p 00000000 00:00 0 
7f9ca4292000-7f9ca8000000 ---p 00000000 00:00 0 
7f9ca8000000-7f9ca8021000 rw-p 00000000 00:00 0 
7f9ca8021000-7f9cac000000 ---p 00000000 00:00 0 
7f9cb0000000-7f9cb0021000 rw-p 00000000 00:00 0 
7f9cb0021000-7f9cb4000000 ---p 00000000 00:00 0 
7f9cb65ec000-7f9cb65f3000 r--s 00000000 08:05 4332684                    /usr/lib/x86_64-linux-gnu/gconv/gconv-modules.cache
7f9cb65f3000-7f9cb6614000 r--p 00000000 08:05 5260085                    /usr/share/locale-langpack/pt_BR/LC_MESSAGES/libc.mo
7f9cb6614000-7f9cb6642000 r--s 003ab000 08:05 3670654                    /home/gabriel/.m2/repository/org/primefaces/primefaces/6.1/primefaces-6.1.jar
7f9cb6642000-7f9cb6682000 rw-p 00000000 00:00 0 
7f9cb6682000-7f9cb6842000 ---p 00000000 00:00 0 
7f9cb6842000-7f9cb6a42000 rw-p 00000000 00:00 0 
7f9cb6a42000-7f9cb6abc000 r--s 010f7000 08:05 4202552                    /usr/lib/jvm/java-8-oracle/lib/tools.jar
7f9cb6abc000-7f9cb6abf000 r--s 0001b000 08:05 3671758                    /home/gabriel/.m2/repository/junit/junit/3.8.2/junit-3.8.2.jar
7f9cb6abf000-7f9cb6acd000 r--s 0008f000 08:05 3671756                    /home/gabriel/.m2/repository/com/google/collections/google-collections/1.0/google-collections-1.0.jar
7f9cb6acd000-7f9cb6ace000 r--s 0000a000 08:05 3671754                    /home/gabriel/.m2/repository/commons-logging/commons-logging-api/1.1/commons-logging-api-1.1.jar
7f9cb6ace000-7f9cb6ad5000 r--s 00051000 08:05 3671752                    /home/gabriel/.m2/repository/log4j/log4j/1.2.12/log4j-1.2.12.jar
7f9cb6ad5000-7f9cb6ad9000 r--s 0001d000 08:05 3671750                    /home/gabriel/.m2/repository/org/apache/xbean/xbean-reflect/3.4/xbean-reflect-3.4.jar
7f9cb6ad9000-7f9cb6ada000 r--s 00004000 08:05 3671749                    /home/gabriel/.m2/repository/org/codehaus/plexus/plexus-compiler-javac/2.2/plexus-compiler-javac-2.2.jar
7f9cb6ada000-7f9cb6adc000 r--s 00000000 08:05 3671747                    /home/gabriel/.m2/repository/org/codehaus/plexus/plexus-compiler-manager/2.2/plexus-compiler-manager-2.2.jar
7f9cb6adc000-7f9cb6ade000 r--s 00005000 08:05 3671744                    /home/gabriel/.m2/repository/org/codehaus/plexus/plexus-compiler-api/2.2/plexus-compiler-api-2.2.jar
7f9cb6ade000-7f9cb6ae0000 r--s 00000000 08:05 3671743                    /home/gabriel/.m2/repository/org/codehaus/plexus/plexus-component-annotations/1.5.5/plexus-component-annotations-1.5.5.jar
7f9cb6ae0000-7f9cb6ae2000 r--s 00002000 08:05 3671742                    /home/gabriel/.m2/repository/org/apache/maven/shared/maven-shared-incremental/1.1/maven-shared-incremental-1.1.jar
7f9cb6ae2000-7f9cb6ae5000 r--s 00023000 08:05 3671741                    /home/gabriel/.m2/repository/org/apache/maven/shared/maven-shared-utils/0.1/maven-shared-utils-0.1.jar
7f9cb6ae5000-7f9cb6ae9000 r--s 00030000 08:05 3671740                    /home/gabriel/.m2/repository/org/codehaus/plexus/plexus-utils/1.5.1/plexus-utils-1.5.1.jar
7f9cb6ae9000-7f9cb6aeb000 r--s 00009000 08:05 3542768                    /home/gabriel/.m2/repository/org/apache/maven/plugins/maven-compiler-plugin/3.1/maven-compiler-plugin-3.1.jar
7f9cb6aeb000-7f9cb6aee000 r--s 0000d000 08:05 3671558                    /home/gabriel/.m2/repository/org/codehaus/plexus/plexus-interpolation/1.19/plexus-interpolation-1.19.jar
7f9cb6aee000-7f9cb6af0000 r--s 00006000 08:05 3671553                    /home/gabriel/.m2/repository/com/google/code/findbugs/jsr305/2.0.1/jsr305-2.0.1.jar
7f9cb6af0000-7f9cb6af3000 r--s 00023000 08:05 3671550                    /home/gabriel/.m2/repository/org/apache/maven/shared/maven-shared-utils/0.3/maven-shared-utils-0.3.jar
7f9cb6af3000-7f9cb6cf3000 rw-p 00000000 00:00 0 
7f9cb6cf3000-7f9cb6d04000 r-xp 00000000 08:05 4332369                    /usr/lib/jvm/java-8-oracle/jre/lib/amd64/libnio.so
7f9cb6d04000-7f9cb6f03000 ---p 00011000 08:05 4332369                    /usr/lib/jvm/java-8-oracle/jre/lib/amd64/libnio.so
7f9cb6f03000-7f9cb6f04000 rw-p 00010000 08:05 4332369                    /usr/lib/jvm/java-8-oracle/jre/lib/amd64/libnio.so
7f9cb6f04000-7f9cb6f1a000 r-xp 00000000 08:05 4332344                    /usr/lib/jvm/java-8-oracle/jre/lib/amd64/libnet.so
7f9cb6f1a000-7f9cb711a000 ---p 00016000 08:05 4332344                    /usr/lib/jvm/java-8-oracle/jre/lib/amd64/libnet.so
7f9cb711a000-7f9cb711b000 rw-p 00016000 08:05 4332344                    /usr/lib/jvm/java-8-oracle/jre/lib/amd64/libnet.so
7f9cb711b000-7f9cb731b000 rw-p 00000000 00:00 0 
7f9cb731b000-7f9cb751b000 rw-p 00000000 00:00 0 
7f9cb751b000-7f9cb751c000 ---p 00000000 00:00 0 
7f9cb751c000-7f9cb761c000 rw-p 00000000 00:00 0 
7f9cb761c000-7f9cb761f000 ---p 00000000 00:00 0 
7f9cb761f000-7f9cb771d000 rw-p 00000000 00:00 0 
7f9cb771d000-7f9cb7720000 ---p 00000000 00:00 0 
7f9cb7720000-7f9cb781e000 rw-p 00000000 00:00 0 
7f9cb781e000-7f9cb7821000 ---p 00000000 00:00 0 
7f9cb7821000-7f9cb791f000 rw-p 00000000 00:00 0 
7f9cb791f000-7f9cb7922000 ---p 00000000 00:00 0 
7f9cb7922000-7f9cb7a20000 rw-p 00000000 00:00 0 
7f9cb7a20000-7f9cb7a23000 ---p 00000000 00:00 0 
7f9cb7a23000-7f9cb7b21000 rw-p 00000000 00:00 0 
7f9cb7b21000-7f9cb7dfe000 r--p 00000000 08:05 4067675                    /usr/lib/locale/locale-archive
7f9cb7dfe000-7f9cb7e01000 ---p 00000000 00:00 0 
7f9cb7e01000-7f9cb7eff000 rw-p 00000000 00:00 0 
7f9cb7eff000-7f9cb7f02000 ---p 00000000 00:00 0 
7f9cb7f02000-7f9cb8000000 rw-p 00000000 00:00 0 
7f9cb8000000-7f9cb8021000 rw-p 00000000 00:00 0 
7f9cb8021000-7f9cbc000000 ---p 00000000 00:00 0 
7f9cbc000000-7f9cbc001000 r--s 00001000 08:05 3671557                    /home/gabriel/.m2/repository/org/sonatype/plexus/plexus-build-api/0.0.4/plexus-build-api-0.0.4.jar
7f9cbc001000-7f9cbc003000 r--s 00009000 08:05 3671551                    /home/gabriel/.m2/repository/org/apache/maven/shared/maven-filtering/1.2/maven-filtering-1.2.jar
7f9cbc003000-7f9cbc007000 r--s 00037000 08:05 3671547                    /home/gabriel/.m2/repository/org/codehaus/plexus/plexus-utils/3.0.15/plexus-utils-3.0.15.jar
7f9cbc007000-7f9cbc009000 r--s 00002000 08:05 3671546                    /home/gabriel/.m2/repository/org/sonatype/plexus/plexus-cipher/1.4/plexus-cipher-1.4.jar
7f9cbc009000-7f9cbc00a000 r--s 00006000 08:05 3671543                    /home/gabriel/.m2/repository/org/sonatype/plexus/plexus-sec-dispatcher/1.3/plexus-sec-dispatcher-1.3.jar
7f9cbc00a000-7f9cbc00c000 r--s 00002000 08:05 3671542                    /home/gabriel/.m2/repository/org/codehaus/plexus/plexus-interactivity-api/1.0-alpha-4/plexus-interactivity-api-1.0-alpha-4.jar
7f9cbc00c000-7f9cbc00e000 r--s 00009000 08:05 3671540                    /home/gabriel/.m2/repository/commons-cli/commons-cli/1.2/commons-cli-1.2.jar
7f9cbc00e000-7f9cbc00f000 r--s 00002000 08:05 3671537                    /home/gabriel/.m2/repository/org/apache/maven/doxia/doxia-logging-api/1.1/doxia-logging-api-1.1.jar
7f9cbc00f000-7f9cbc011000 r--s 00002000 08:05 3671536                    /home/gabriel/.m2/repository/org/apache/maven/doxia/doxia-sink-api/1.1/doxia-sink-api-1.1.jar
7f9cbc011000-7f9cbc012000 r--s 00002000 08:05 3671534                    /home/gabriel/.m2/repository/org/apache/maven/reporting/maven-reporting-api/2.2.1/maven-reporting-api-2.2.1.jar
7f9cbc012000-7f9cbc014000 r--s 00003000 08:05 3671529                    /home/gabriel/.m2/repository/org/slf4j/jcl-over-slf4j/1.5.6/jcl-over-slf4j-1.5.6.jar
7f9cbc014000-7f9cbc016000 r--s 00004000 08:05 3671528                    /home/gabriel/.m2/repository/org/slf4j/slf4j-api/1.5.6/slf4j-api-1.5.6.jar
7f9cbc016000-7f9cbc018000 r--s 00001000 08:05 3671530                    /home/gabriel/.m2/repository/org/slf4j/slf4j-jdk14/1.5.6/slf4j-jdk14-1.5.6.jar
7f9cbc018000-7f9cbc01b000 r--s 0001b000 08:05 3671531                    /home/gabriel/.m2/repository/junit/junit/3.8.1/junit-3.8.1.jar
7f9cbc01b000-7f9cbc023000 r--s 00049000 08:05 3671527                    /home/gabriel/.m2/repository/backport-util-concurrent/backport-util-concurrent/3.1/backport-util-concurrent-3.1.jar
7f9cbc023000-7f9cbc024000 r--s 00007000 08:05 3670019                    /home/gabriel/.m2/repository/org/apache/maven/plugins/maven-resources-plugin/2.7/maven-resources-plugin-2.7.jar
7f9cbc024000-7f9cbc027000 ---p 00000000 00:00 0 
7f9cbc027000-7f9cbc05d000 rw-p 00000000 00:00 0 
7f9cbc05d000-7f9cbc05e000 r--p 00000000 00:00 0 
7f9cbc05e000-7f9cbc063000 r--s 0009a000 08:05 4332308                    /usr/lib/jvm/java-8-oracle/jre/lib/jsse.jar
7f9cbc063000-7f9cbc065000 r--s 0000d000 08:05 3415608                    /home/gabriel/netbeans-8.2/java/maven-nblib/netbeans-eventspy.jar
7f9cbc065000-7f9cbc06f000 r--s 00116000 08:05 4461286                    /usr/lib/jvm/java-8-oracle/jre/lib/ext/localedata.jar
7f9cbc06f000-7f9cbc073000 r--s 00033000 08:05 3415611                    /home/gabriel/netbeans-8.2/java/maven/lib/plexus-utils-2.0.6.jar
7f9cbc073000-7f9cbc074000 r--s 0000a000 08:05 3415599                    /home/gabriel/netbeans-8.2/java/maven/lib/maven-embedder-3.0.5.jar
7f9cbc074000-7f9cbc077000 r--s 00008000 08:05 3415486                    /home/gabriel/netbeans-8.2/java/maven/lib/maven-settings-builder-3.0.5.jar
7f9cbc077000-7f9cbc079000 r--s 0000b000 08:05 3415584                    /home/gabriel/netbeans-8.2/java/maven/lib/maven-plugin-api-3.0.5.jar
7f9cbc079000-7f9cbc07f000 r--s 0003f000 08:05 3415614                    /home/gabriel/netbeans-8.2/java/maven/lib/maven-compat-3.0.5.jar
7f9cbc07f000-7f9cbc086000 r--s 0002b000 08:05 3415560                    /home/gabriel/netbeans-8.2/java/maven/lib/sisu-inject-plexus-2.3.0.jar
7f9cbc086000-7f9cbc0a5000 r--s 00154000 08:05 3415626                    /home/gabriel/netbeans-8.2/java/maven/lib/sisu-guava-0.9.9.jar
7f9cbc0a5000-7f9cbc0a7000 r--s 0000b000 08:05 3415598                    /home/gabriel/netbeans-8.2/java/maven/lib/maven-artifact-3.0.5.jar
7f9cbc0a7000-7f9cbc0af000 r--s 00050000 08:05 3415570                    /home/gabriel/netbeans-8.2/java/maven/lib/sisu-guice-3.1.0-no_aop.jar
7f9cbc0af000-7f9cbc0b3000 r--s 00021000 08:05 3415539                    /home/gabriel/netbeans-8.2/java/maven/lib/maven-model-builder-3.0.5.jar
7f9cbc0b3000-7f9cbc0b5000 r--s 00006000 08:05 3415457                    /home/gabriel/netbeans-8.2/java/maven/lib/aether-connector-wagon-1.13.1.jar
7f9cbc0b5000-7f9cbc0b7000 r--s 0000d000 08:05 3415541                    /home/gabriel/netbeans-8.2/java/maven/lib/plexus-interpolation-1.14.jar
7f9cbc0b7000-7f9cbc0b9000 r--s 0000a000 08:05 3415600                    /home/gabriel/netbeans-8.2/java/maven/lib/maven-settings-3.0.5.jar
7f9cbc0b9000-7f9cbc0c0000 r--s 0003f000 08:05 3415585                    /home/gabriel/netbeans-8.2/java/maven/lib/sisu-inject-bean-2.3.0.jar
7f9cbc0c0000-7f9cbc0c4000 r--s 00013000 08:05 3415619                    /home/gabriel/netbeans-8.2/java/maven/lib/aether-api-1.13.1.jar
7f9cbc0c4000-7f9cbc0f3000 r--s 001c8000 08:05 3415583                    /home/gabriel/netbeans-8.2/java/maven/lib/wagon-http-2.10-shaded.jar
7f9cbc0f3000-7f9cbc0f4000 ---p 00000000 00:00 0 
7f9cbc0f4000-7f9cbd086000 rw-p 00000000 00:00 0 
7f9cbd086000-7f9cbd260000 r--s 03d4d000 08:05 4332336                    /usr/lib/jvm/java-8-oracle/jre/lib/rt.jar
7f9cbd260000-7f9cc1000000 rw-p 00000000 00:00 0 
7f9cc1000000-7f9cc18d0000 rwxp 00000000 00:00 0 
7f9cc18d0000-7f9cd0000000 ---p 00000000 00:00 0 
7f9cd0000000-7f9cd0ce7000 rw-p 00000000 00:00 0 
7f9cd0ce7000-7f9cd4000000 ---p 00000000 00:00 0 
7f9cd4000000-7f9cd4001000 r--s 00002000 08:05 3415586                    /home/gabriel/netbeans-8.2/java/maven/lib/wagon-http-shared-2.10.jar
7f9cd4001000-7f9cd4003000 r--s 00002000 08:05 3415618                    /home/gabriel/netbeans-8.2/java/maven/lib/plexus-cipher-1.7.jar
7f9cd4003000-7f9cd4da3000 rw-p 00000000 00:00 0 
7f9cd4da3000-7f9cd4da4000 ---p 00000000 00:00 0 
7f9cd4da4000-7f9cd4ea4000 rw-p 00000000 00:00 0 
7f9cd4ea4000-7f9cd4ea5000 ---p 00000000 00:00 0 
7f9cd4ea5000-7f9cd4fa5000 rw-p 00000000 00:00 0 
7f9cd4fa5000-7f9cd4fa6000 ---p 00000000 00:00 0 
7f9cd4fa6000-7f9cd50a6000 rw-p 00000000 00:00 0 
7f9cd50a6000-7f9cd50a7000 ---p 00000000 00:00 0 
7f9cd50a7000-7f9cd51d1000 rw-p 00000000 00:00 0 
7f9cd51d1000-7f9cd5439000 ---p 00000000 00:00 0 
7f9cd5439000-7f9cd5463000 rw-p 00000000 00:00 0 
7f9cd5463000-7f9cd56ca000 ---p 00000000 00:00 0 
7f9cd56ca000-7f9cd56ef000 rw-p 00000000 00:00 0 
7f9cd56ef000-7f9cd5813000 ---p 00000000 00:00 0 
7f9cd5813000-7f9cd5838000 rw-p 00000000 00:00 0 
7f9cd5838000-7f9cd5bd4000 ---p 00000000 00:00 0 
7f9cd5bd4000-7f9cd5bee000 r-xp 00000000 08:05 4332367                    /usr/lib/jvm/java-8-oracle/jre/lib/amd64/libzip.so
7f9cd5bee000-7f9cd5dee000 ---p 0001a000 08:05 4332367                    /usr/lib/jvm/java-8-oracle/jre/lib/amd64/libzip.so
7f9cd5dee000-7f9cd5def000 rw-p 0001a000 08:05 4332367                    /usr/lib/jvm/java-8-oracle/jre/lib/amd64/libzip.so
7f9cd5def000-7f9cd5dfa000 r-xp 00000000 08:05 262237                     /lib/x86_64-linux-gnu/libnss_files-2.24.so
7f9cd5dfa000-7f9cd5ff9000 ---p 0000b000 08:05 262237                     /lib/x86_64-linux-gnu/libnss_files-2.24.so
7f9cd5ff9000-7f9cd5ffa000 r--p 0000a000 08:05 262237                     /lib/x86_64-linux-gnu/libnss_files-2.24.so
7f9cd5ffa000-7f9cd5ffb000 rw-p 0000b000 08:05 262237                     /lib/x86_64-linux-gnu/libnss_files-2.24.so
7f9cd5ffb000-7f9cd6001000 rw-p 00000000 00:00 0 
7f9cd6001000-7f9cd600c000 r-xp 00000000 08:05 262239                     /lib/x86_64-linux-gnu/libnss_nis-2.24.so
7f9cd600c000-7f9cd620b000 ---p 0000b000 08:05 262239                     /lib/x86_64-linux-gnu/libnss_nis-2.24.so
7f9cd620b000-7f9cd620c000 r--p 0000a000 08:05 262239                     /lib/x86_64-linux-gnu/libnss_nis-2.24.so
7f9cd620c000-7f9cd620d000 rw-p 0000b000 08:05 262239                     /lib/x86_64-linux-gnu/libnss_nis-2.24.so
7f9cd620d000-7f9cd6223000 r-xp 00000000 08:05 262234                     /lib/x86_64-linux-gnu/libnsl-2.24.so
7f9cd6223000-7f9cd6422000 ---p 00016000 08:05 262234                     /lib/x86_64-linux-gnu/libnsl-2.24.so
7f9cd6422000-7f9cd6423000 r--p 00015000 08:05 262234                     /lib/x86_64-linux-gnu/libnsl-2.24.so
7f9cd6423000-7f9cd6424000 rw-p 00016000 08:05 262234                     /lib/x86_64-linux-gnu/libnsl-2.24.so
7f9cd6424000-7f9cd6426000 rw-p 00000000 00:00 0 
7f9cd6426000-7f9cd642e000 r-xp 00000000 08:05 262235                     /lib/x86_64-linux-gnu/libnss_compat-2.24.so
7f9cd642e000-7f9cd662d000 ---p 00008000 08:05 262235                     /lib/x86_64-linux-gnu/libnss_compat-2.24.so
7f9cd662d000-7f9cd662e000 r--p 00007000 08:05 262235                     /lib/x86_64-linux-gnu/libnss_compat-2.24.so
7f9cd662e000-7f9cd662f000 rw-p 00008000 08:05 262235                     /lib/x86_64-linux-gnu/libnss_compat-2.24.so
7f9cd662f000-7f9cd665a000 r-xp 00000000 08:05 4332392                    /usr/lib/jvm/java-8-oracle/jre/lib/amd64/libjava.so
7f9cd665a000-7f9cd6859000 ---p 0002b000 08:05 4332392                    /usr/lib/jvm/java-8-oracle/jre/lib/amd64/libjava.so
7f9cd6859000-7f9cd685b000 rw-p 0002a000 08:05 4332392                    /usr/lib/jvm/java-8-oracle/jre/lib/amd64/libjava.so
7f9cd685b000-7f9cd6868000 r-xp 00000000 08:05 4332345                    /usr/lib/jvm/java-8-oracle/jre/lib/amd64/libverify.so
7f9cd6868000-7f9cd6a68000 ---p 0000d000 08:05 4332345                    /usr/lib/jvm/java-8-oracle/jre/lib/amd64/libverify.so
7f9cd6a68000-7f9cd6a6a000 rw-p 0000d000 08:05 4332345                    /usr/lib/jvm/java-8-oracle/jre/lib/amd64/libverify.so
7f9cd6a6a000-7f9cd6a71000 r-xp 00000000 08:05 266656                     /lib/x86_64-linux-gnu/librt-2.24.so
7f9cd6a71000-7f9cd6c70000 ---p 00007000 08:05 266656                     /lib/x86_64-linux-gnu/librt-2.24.so
7f9cd6c70000-7f9cd6c71000 r--p 00006000 08:05 266656                     /lib/x86_64-linux-gnu/librt-2.24.so
7f9cd6c71000-7f9cd6c72000 rw-p 00007000 08:05 266656                     /lib/x86_64-linux-gnu/librt-2.24.so
7f9cd6c72000-7f9cd6d7a000 r-xp 00000000 08:05 262231                     /lib/x86_64-linux-gnu/libm-2.24.so
7f9cd6d7a000-7f9cd6f79000 ---p 00108000 08:05 262231                     /lib/x86_64-linux-gnu/libm-2.24.so
7f9cd6f79000-7f9cd6f7a000 r--p 00107000 08:05 262231                     /lib/x86_64-linux-gnu/libm-2.24.so
7f9cd6f7a000-7f9cd6f7b000 rw-p 00108000 08:05 262231                     /lib/x86_64-linux-gnu/libm-2.24.so
7f9cd6f7b000-7f9cd7c4e000 r-xp 00000000 08:05 4461272                    /usr/lib/jvm/java-8-oracle/jre/lib/amd64/server/libjvm.so
7f9cd7c4e000-7f9cd7e4d000 ---p 00cd3000 08:05 4461272                    /usr/lib/jvm/java-8-oracle/jre/lib/amd64/server/libjvm.so
7f9cd7e4d000-7f9cd7f27000 rw-p 00cd2000 08:05 4461272                    /usr/lib/jvm/java-8-oracle/jre/lib/amd64/server/libjvm.so
7f9cd7f27000-7f9cd7f72000 rw-p 00000000 00:00 0 
7f9cd7f72000-7f9cd8130000 r-xp 00000000 08:05 262227                     /lib/x86_64-linux-gnu/libc-2.24.so
7f9cd8130000-7f9cd832f000 ---p 001be000 08:05 262227                     /lib/x86_64-linux-gnu/libc-2.24.so
7f9cd832f000-7f9cd8333000 r--p 001bd000 08:05 262227                     /lib/x86_64-linux-gnu/libc-2.24.so
7f9cd8333000-7f9cd8335000 rw-p 001c1000 08:05 262227                     /lib/x86_64-linux-gnu/libc-2.24.so
7f9cd8335000-7f9cd8339000 rw-p 00000000 00:00 0 
7f9cd8339000-7f9cd833c000 r-xp 00000000 08:05 262230                     /lib/x86_64-linux-gnu/libdl-2.24.so
7f9cd833c000-7f9cd853b000 ---p 00003000 08:05 262230                     /lib/x86_64-linux-gnu/libdl-2.24.so
7f9cd853b000-7f9cd853c000 r--p 00002000 08:05 262230                     /lib/x86_64-linux-gnu/libdl-2.24.so
7f9cd853c000-7f9cd853d000 rw-p 00003000 08:05 262230                     /lib/x86_64-linux-gnu/libdl-2.24.so
7f9cd853d000-7f9cd8552000 r-xp 00000000 08:05 4202549                    /usr/lib/jvm/java-8-oracle/lib/amd64/jli/libjli.so
7f9cd8552000-7f9cd8752000 ---p 00015000 08:05 4202549                    /usr/lib/jvm/java-8-oracle/lib/amd64/jli/libjli.so
7f9cd8752000-7f9cd8753000 rw-p 00015000 08:05 4202549                    /usr/lib/jvm/java-8-oracle/lib/amd64/jli/libjli.so
7f9cd8753000-7f9cd876b000 r-xp 00000000 08:05 266654                     /lib/x86_64-linux-gnu/libpthread-2.24.so
7f9cd876b000-7f9cd896b000 ---p 00018000 08:05 266654                     /lib/x86_64-linux-gnu/libpthread-2.24.so
7f9cd896b000-7f9cd896c000 r--p 00018000 08:05 266654                     /lib/x86_64-linux-gnu/libpthread-2.24.so
7f9cd896c000-7f9cd896d000 rw-p 00019000 08:05 266654                     /lib/x86_64-linux-gnu/libpthread-2.24.so
7f9cd896d000-7f9cd8971000 rw-p 00000000 00:00 0 
7f9cd8971000-7f9cd8997000 r-xp 00000000 08:05 262159                     /lib/x86_64-linux-gnu/ld-2.24.so
7f9cd8997000-7f9cd8998000 r--s 00003000 08:05 3415620                    /home/gabriel/netbeans-8.2/java/maven/lib/aether-spi-1.13.1.jar
7f9cd8998000-7f9cd899a000 r--s 0000b000 08:05 3415571                    /home/gabriel/netbeans-8.2/java/maven/lib/wagon-provider-api-2.10.jar
7f9cd899a000-7f9cd899c000 r--s 00000000 08:05 3415270                    /home/gabriel/netbeans-8.2/java/maven/lib/plexus-component-annotations-1.5.5.jar
7f9cd899c000-7f9cd899f000 r--s 0001d000 08:05 3415612                    /home/gabriel/netbeans-8.2/java/maven/lib/aether-impl-1.13.1.jar
7f9cd899f000-7f9cd89ab000 r--s 0007d000 08:05 3415625                    /home/gabriel/netbeans-8.2/java/maven/lib/maven-core-3.0.5.jar
7f9cd89ab000-7f9cd8a76000 rw-p 00000000 00:00 0 
7f9cd8a76000-7f9cd8a79000 ---p 00000000 00:00 0 
7f9cd8a79000-7f9cd8b79000 rw-p 00000000 00:00 0 
7f9cd8b79000-7f9cd8b7b000 r--s 00026000 08:05 3415617                    /home/gabriel/netbeans-8.2/java/maven/lib/maven-model-3.0.5.jar
7f9cd8b7b000-7f9cd8b7d000 r--s 0000c000 08:05 3415504                    /home/gabriel/netbeans-8.2/java/maven/lib/maven-aether-provider-3.0.5.jar
7f9cd8b7d000-7f9cd8b7e000 r--s 00006000 08:05 3415540                    /home/gabriel/netbeans-8.2/java/maven/lib/plexus-sec-dispatcher-1.3.jar
7f9cd8b7e000-7f9cd8b80000 r--s 00006000 08:05 3415391                    /home/gabriel/netbeans-8.2/java/maven/lib/maven-repository-metadata-3.0.5.jar
7f9cd8b80000-7f9cd8b82000 r--s 00009000 08:05 3415629                    /home/gabriel/netbeans-8.2/java/maven/lib/commons-cli-1.2.jar
7f9cd8b82000-7f9cd8b83000 r--s 00002000 08:05 3415628                    /home/gabriel/netbeans-8.2/java/maven/lib/wagon-file-2.10.jar
7f9cd8b83000-7f9cd8b87000 r--s 0001c000 08:05 3415613                    /home/gabriel/netbeans-8.2/java/maven/lib/aether-util-1.13.1.jar
7f9cd8b87000-7f9cd8b89000 r--s 0000a000 08:05 3415573                    /home/gabriel/netbeans-8.2/java/maven/boot/plexus-classworlds-2.4.jar
7f9cd8b89000-7f9cd8b91000 rw-s 00000000 08:05 3145837                    /tmp/hsperfdata_gabriel/9148
7f9cd8b91000-7f9cd8b92000 rw-p 00000000 00:00 0 
7f9cd8b92000-7f9cd8b93000 ---p 00000000 00:00 0 
7f9cd8b93000-7f9cd8b96000 rw-p 00000000 00:00 0 
7f9cd8b96000-7f9cd8b97000 r--p 00025000 08:05 262159                     /lib/x86_64-linux-gnu/ld-2.24.so
7f9cd8b97000-7f9cd8b98000 rw-p 00026000 08:05 262159                     /lib/x86_64-linux-gnu/ld-2.24.so
7f9cd8b98000-7f9cd8b99000 rw-p 00000000 00:00 0 
7ffeb418a000-7ffeb41ab000 rw-p 00000000 00:00 0                          [stack]
7ffeb41f7000-7ffeb41f9000 r--p 00000000 00:00 0                          [vvar]
7ffeb41f9000-7ffeb41fb000 r-xp 00000000 00:00 0                          [vdso]
ffffffffff600000-ffffffffff601000 r-xp 00000000 00:00 0                  [vsyscall]

VM Arguments:
jvm_args: -Dclassworlds.conf=/home/gabriel/netbeans-8.2/java/maven/bin/m2.conf -Dmaven.home=/home/gabriel/netbeans-8.2/java/maven 
java_command: org.codehaus.plexus.classworlds.launcher.Launcher -Dmaven.ext.class.path=/home/gabriel/netbeans-8.2/java/maven-nblib/netbeans-eventspy.jar install
java_class_path (initial): /home/gabriel/netbeans-8.2/java/maven/boot/plexus-classworlds-2.4.jar
Launcher Type: SUN_STANDARD

Environment Variables:
JAVA_HOME=/usr/lib/jvm/java-8-oracle
PATH=/usr/local/sbin:/usr/local/bin:/usr/sbin:/usr/bin:/sbin:/bin:/usr/games:/usr/local/games:/snap/bin:/usr/lib/jvm/java-8-oracle/bin:/usr/lib/jvm/java-8-oracle/db/bin:/usr/lib/jvm/java-8-oracle/jre/bin
LD_LIBRARY_PATH=/usr/lib/jvm/java-8-oracle/jre/lib/amd64:/usr/lib/jvm/java-8-oracle/jre/lib/i386:
SHELL=/bin/bash
DISPLAY=:0

Signal Handlers:
SIGSEGV: [libjvm.so+0xacba10], sa_mask[0]=11111111011111111101111111111110, sa_flags=SA_RESTART|SA_SIGINFO
SIGBUS: [libjvm.so+0xacba10], sa_mask[0]=11111111011111111101111111111110, sa_flags=SA_RESTART|SA_SIGINFO
SIGFPE: [libjvm.so+0x924ba0], sa_mask[0]=11111111011111111101111111111110, sa_flags=SA_RESTART|SA_SIGINFO
SIGPIPE: [libjvm.so+0x924ba0], sa_mask[0]=11111111011111111101111111111110, sa_flags=SA_RESTART|SA_SIGINFO
SIGXFSZ: [libjvm.so+0x924ba0], sa_mask[0]=11111111011111111101111111111110, sa_flags=SA_RESTART|SA_SIGINFO
SIGILL: [libjvm.so+0x924ba0], sa_mask[0]=11111111011111111101111111111110, sa_flags=SA_RESTART|SA_SIGINFO
SIGUSR1: SIG_DFL, sa_mask[0]=00000000000000000000000000000000, sa_flags=none
SIGUSR2: [libjvm.so+0x9263e0], sa_mask[0]=00100000000000000000000000000000, sa_flags=SA_RESTART|SA_SIGINFO
SIGHUP: [libjvm.so+0x9277e0], sa_mask[0]=11111111011111111101111111111110, sa_flags=SA_RESTART|SA_SIGINFO
SIGINT: SIG_IGN, sa_mask[0]=00000000000000000000000000000000, sa_flags=none
SIGTERM: [libjvm.so+0x9277e0], sa_mask[0]=11111111011111111101111111111110, sa_flags=SA_RESTART|SA_SIGINFO
SIGQUIT: [libjvm.so+0x9277e0], sa_mask[0]=11111111011111111101111111111110, sa_flags=SA_RESTART|SA_SIGINFO


---------------  S Y S T E M  ---------------

OS:DISTRIB_ID=Ubuntu
DISTRIB_RELEASE=17.04
DISTRIB_CODENAME=zesty
DISTRIB_DESCRIPTION="Ubuntu 17.04"

uname:Linux 4.10.0-35-generic #39-Ubuntu SMP Wed Sep 13 07:46:59 UTC 2017 x86_64
libc:glibc 2.24 NPTL 2.24 
rlimit: STACK 8192k, CORE 0k, NPROC 31120, NOFILE 4096, AS infinity
load average:0,56 0,56 0,56

/proc/meminfo:
MemTotal:        8075780 kB
MemFree:          110168 kB
MemAvailable:        744 kB
Buffers:             460 kB
Cached:           226060 kB
SwapCached:         2400 kB
Active:          6889420 kB
Inactive:         826772 kB
Active(anon):    6883916 kB
Inactive(anon):   821220 kB
Active(file):       5504 kB
Inactive(file):     5552 kB
Unevictable:         568 kB
Mlocked:             568 kB
SwapTotal:       2097148 kB
SwapFree:              0 kB
Dirty:               332 kB
Writeback:             0 kB
AnonPages:       7488232 kB
Mapped:            99892 kB
Shmem:            215064 kB
Slab:              94468 kB
SReclaimable:      43872 kB
SUnreclaim:        50596 kB
KernelStack:       15200 kB
PageTables:        69692 kB
NFS_Unstable:          0 kB
Bounce:                0 kB
WritebackTmp:          0 kB
CommitLimit:     6135036 kB
Committed_AS:   11364448 kB
VmallocTotal:   34359738367 kB
VmallocUsed:           0 kB
VmallocChunk:          0 kB
HardwareCorrupted:     0 kB
AnonHugePages:   2983936 kB
ShmemHugePages:        0 kB
ShmemPmdMapped:        0 kB
CmaTotal:              0 kB
CmaFree:               0 kB
HugePages_Total:       0
HugePages_Free:        0
HugePages_Rsvd:        0
HugePages_Surp:        0
Hugepagesize:       2048 kB
DirectMap4k:      208352 kB
DirectMap2M:     8083456 kB
DirectMap1G:           0 kB


CPU:total 4 (initial active 4) (2 cores per cpu, 2 threads per core) family 6 model 69 stepping 1, cmov, cx8, fxsr, mmx, sse, sse2, sse3, ssse3, sse4.1, sse4.2, popcnt, avx, avx2, aes, clmul, erms, lzcnt, ht, tsc, tscinvbit, bmi1, bmi2

/proc/cpuinfo:
processor	: 0
vendor_id	: GenuineIntel
cpu family	: 6
model		: 69
model name	: Intel(R) Core(TM) i7-4500U CPU @ 1.80GHz
stepping	: 1
microcode	: 0x17
cpu MHz		: 2699.853
cache size	: 4096 KB
physical id	: 0
siblings	: 4
core id		: 0
cpu cores	: 2
apicid		: 0
initial apicid	: 0
fpu		: yes
fpu_exception	: yes
cpuid level	: 13
wp		: yes
flags		: fpu vme de pse tsc msr pae mce cx8 apic sep mtrr pge mca cmov pat pse36 clflush dts acpi mmx fxsr sse sse2 ss ht tm pbe syscall nx pdpe1gb rdtscp lm constant_tsc arch_perfmon pebs bts rep_good nopl xtopology nonstop_tsc aperfmperf pni pclmulqdq dtes64 monitor ds_cpl vmx est tm2 ssse3 sdbg fma cx16 xtpr pdcm pcid sse4_1 sse4_2 movbe popcnt tsc_deadline_timer aes xsave avx f16c rdrand lahf_lm abm epb tpr_shadow vnmi flexpriority ept vpid fsgsbase tsc_adjust bmi1 avx2 smep bmi2 erms invpcid xsaveopt dtherm ida arat pln pts
bugs		:
bogomips	: 4788.72
clflush size	: 64
cache_alignment	: 64
address sizes	: 39 bits physical, 48 bits virtual
power management:

processor	: 1
vendor_id	: GenuineIntel
cpu family	: 6
model		: 69
model name	: Intel(R) Core(TM) i7-4500U CPU @ 1.80GHz
stepping	: 1
microcode	: 0x17
cpu MHz		: 2699.853
cache size	: 4096 KB
physical id	: 0
siblings	: 4
core id		: 0
cpu cores	: 2
apicid		: 1
initial apicid	: 1
fpu		: yes
fpu_exception	: yes
cpuid level	: 13
wp		: yes
flags		: fpu vme de pse tsc msr pae mce cx8 apic sep mtrr pge mca cmov pat pse36 clflush dts acpi mmx fxsr sse sse2 ss ht tm pbe syscall nx pdpe1gb rdtscp lm constant_tsc arch_perfmon pebs bts rep_good nopl xtopology nonstop_tsc aperfmperf pni pclmulqdq dtes64 monitor ds_cpl vmx est tm2 ssse3 sdbg fma cx16 xtpr pdcm pcid sse4_1 sse4_2 movbe popcnt tsc_deadline_timer aes xsave avx f16c rdrand lahf_lm abm epb tpr_shadow vnmi flexpriority ept vpid fsgsbase tsc_adjust bmi1 avx2 smep bmi2 erms invpcid xsaveopt dtherm ida arat pln pts
bugs		:
bogomips	: 4788.72
clflush size	: 64
cache_alignment	: 64
address sizes	: 39 bits physical, 48 bits virtual
power management:

processor	: 2
vendor_id	: GenuineIntel
cpu family	: 6
model		: 69
model name	: Intel(R) Core(TM) i7-4500U CPU @ 1.80GHz
stepping	: 1
microcode	: 0x17
cpu MHz		: 2700.000
cache size	: 4096 KB
physical id	: 0
siblings	: 4
core id		: 1
cpu cores	: 2
apicid		: 2
initial apicid	: 2
fpu		: yes
fpu_exception	: yes
cpuid level	: 13
wp		: yes
flags		: fpu vme de pse tsc msr pae mce cx8 apic sep mtrr pge mca cmov pat pse36 clflush dts acpi mmx fxsr sse sse2 ss ht tm pbe syscall nx pdpe1gb rdtscp lm constant_tsc arch_perfmon pebs bts rep_good nopl xtopology nonstop_tsc aperfmperf pni pclmulqdq dtes64 monitor ds_cpl vmx est tm2 ssse3 sdbg fma cx16 xtpr pdcm pcid sse4_1 sse4_2 movbe popcnt tsc_deadline_timer aes xsave avx f16c rdrand lahf_lm abm epb tpr_shadow vnmi flexpriority ept vpid fsgsbase tsc_adjust bmi1 avx2 smep bmi2 erms invpcid xsaveopt dtherm ida arat pln pts
bugs		:
bogomips	: 4788.72
clflush size	: 64
cache_alignment	: 64
address sizes	: 39 bits physical, 48 bits virtual
power management:

processor	: 3
vendor_id	: GenuineIntel
cpu family	: 6
model		: 69
model name	: Intel(R) Core(TM) i7-4500U CPU @ 1.80GHz
stepping	: 1
microcode	: 0x17
cpu MHz		: 2699.853
cache size	: 4096 KB
physical id	: 0
siblings	: 4
core id		: 1
cpu cores	: 2
apicid		: 3
initial apicid	: 3
fpu		: yes
fpu_exception	: yes
cpuid level	: 13
wp		: yes
flags		: fpu vme de pse tsc msr pae mce cx8 apic sep mtrr pge mca cmov pat pse36 clflush dts acpi mmx fxsr sse sse2 ss ht tm pbe syscall nx pdpe1gb rdtscp lm constant_tsc arch_perfmon pebs bts rep_good nopl xtopology nonstop_tsc aperfmperf pni pclmulqdq dtes64 monitor ds_cpl vmx est tm2 ssse3 sdbg fma cx16 xtpr pdcm pcid sse4_1 sse4_2 movbe popcnt tsc_deadline_timer aes xsave avx f16c rdrand lahf_lm abm epb tpr_shadow vnmi flexpriority ept vpid fsgsbase tsc_adjust bmi1 avx2 smep bmi2 erms invpcid xsaveopt dtherm ida arat pln pts
bugs		:
bogomips	: 4788.72
clflush size	: 64
cache_alignment	: 64
address sizes	: 39 bits physical, 48 bits virtual
power management:



Memory: 4k page, physical 8075780k(110112k free), swap 2097148k(0k free)

vm_info: Java HotSpot(TM) 64-Bit Server VM (25.144-b01) for linux-amd64 JRE (1.8.0_144-b01), built on Jul 21 2017 21:57:33 by "java_re" with gcc 4.3.0 20080428 (Red Hat 4.3.0-8)

time: Mon Oct  9 17:30:15 2017
elapsed time: 4 seconds (0d 0h 0m 4s)

