#
# There is insufficient memory for the Java Runtime Environment to continue.
# Native memory allocation (mmap) failed to map 118489088 bytes for committing reserved memory.
# Possible reasons:
#   The system is out of physical RAM or swap space
#   In 32 bit mode, the process size limit was hit
# Possible solutions:
#   Reduce memory load on the system
#   Increase physical memory or swap space
#   Check if swap backing store is full
#   Use 64 bit Java on a 64 bit OS
#   Decrease Java heap size (-Xmx/-Xms)
#   Decrease number of Java threads
#   Decrease Java thread stack sizes (-Xss)
#   Set larger code cache with -XX:ReservedCodeCacheSize=
# This output file may be truncated or incomplete.
#
#  Out of Memory Error (os_linux.cpp:2640), pid=15411, tid=0x00007f40a8afa700
#
# JRE version: Java(TM) SE Runtime Environment (8.0_144-b01) (build 1.8.0_144-b01)
# Java VM: Java HotSpot(TM) 64-Bit Server VM (25.144-b01 mixed mode linux-amd64 compressed oops)
# Failed to write core dump. Core dumps have been disabled. To enable core dumping, try "ulimit -c unlimited" before starting Java again
#

---------------  T H R E A D  ---------------

Current thread (0x00007f40b8077800):  VMThread [stack: 0x00007f40a89fa000,0x00007f40a8afb000] [id=15418]

Stack: [0x00007f40a89fa000,0x00007f40a8afb000],  sp=0x00007f40a8af8f80,  free space=1019k
Native frames: (J=compiled Java code, j=interpreted, Vv=VM code, C=native code)
V  [libjvm.so+0xacb18a]  VMError::report_and_die()+0x2ba
V  [libjvm.so+0x4ff4db]  report_vm_out_of_memory(char const*, int, unsigned long, VMErrorType, char const*)+0x8b
V  [libjvm.so+0x927d23]  os::Linux::commit_memory_impl(char*, unsigned long, bool)+0x103
V  [libjvm.so+0x928279]  os::pd_commit_memory(char*, unsigned long, unsigned long, bool)+0x29
V  [libjvm.so+0x92249a]  os::commit_memory(char*, unsigned long, unsigned long, bool)+0x2a
V  [libjvm.so+0x996ff3]  PSVirtualSpace::expand_by(unsigned long)+0x53
V  [libjvm.so+0x9983f8]  PSYoungGen::resize_generation(unsigned long, unsigned long)+0xf8
V  [libjvm.so+0x997552]  PSYoungGen::resize(unsigned long, unsigned long)+0x22
V  [libjvm.so+0x99482b]  PSScavenge::invoke_no_policy()+0xf3b
V  [libjvm.so+0x98fad5]  PSParallelCompact::invoke(bool)+0x85
V  [libjvm.so+0x485f14]  CollectedHeap::collect_as_vm_thread(GCCause::Cause)+0x114
V  [libjvm.so+0xacc601]  VM_CollectForMetadataAllocation::doit()+0x161
V  [libjvm.so+0xad4685]  VM_Operation::evaluate()+0x55
V  [libjvm.so+0xad2a5a]  VMThread::evaluate_operation(VM_Operation*)+0xba
V  [libjvm.so+0xad2dde]  VMThread::loop()+0x1ce
V  [libjvm.so+0xad3250]  VMThread::run()+0x70
V  [libjvm.so+0x92a338]  java_start(Thread*)+0x108

VM_Operation (0x00007f40c1758920): CollectForMetadataAllocation, mode: safepoint, requested by thread 0x00007f40b800a000


---------------  P R O C E S S  ---------------

Java Threads: ( => current thread )
  0x00007f40b86d4800 JavaThread "process reaper" daemon [_thread_blocked, id=15428, stack(0x00007f40a0126000,0x00007f40a015f000)]
  0x00007f40b80c0000 JavaThread "Service Thread" daemon [_thread_blocked, id=15425, stack(0x00007f40a8016000,0x00007f40a8117000)]
  0x00007f40b80bd000 JavaThread "C1 CompilerThread2" daemon [_thread_blocked, id=15424, stack(0x00007f40a8117000,0x00007f40a8218000)]
  0x00007f40b80bb800 JavaThread "C2 CompilerThread1" daemon [_thread_blocked, id=15423, stack(0x00007f40a8218000,0x00007f40a8319000)]
  0x00007f40b80b8800 JavaThread "C2 CompilerThread0" daemon [_thread_blocked, id=15422, stack(0x00007f40a8319000,0x00007f40a841a000)]
  0x00007f40b80b7000 JavaThread "Signal Dispatcher" daemon [_thread_blocked, id=15421, stack(0x00007f40a841a000,0x00007f40a851b000)]
  0x00007f40b8084000 JavaThread "Finalizer" daemon [_thread_blocked, id=15420, stack(0x00007f40a87f8000,0x00007f40a88f9000)]
  0x00007f40b807f800 JavaThread "Reference Handler" daemon [_thread_blocked, id=15419, stack(0x00007f40a88f9000,0x00007f40a89fa000)]
  0x00007f40b800a000 JavaThread "main" [_thread_blocked, id=15413, stack(0x00007f40c165c000,0x00007f40c175d000)]

Other Threads:
=>0x00007f40b8077800 VMThread [stack: 0x00007f40a89fa000,0x00007f40a8afb000] [id=15418]
  0x00007f40b80c3000 WatcherThread [stack: 0x00007f40a015f000,0x00007f40a0260000] [id=15426]

VM state:at safepoint (normal execution)

VM Mutex/Monitor currently owned by a thread:  ([mutex/lock_event])
[0x00007f40b80061c0] Threads_lock - owner thread: 0x00007f40b8077800
[0x00007f40b80066c0] Heap_lock - owner thread: 0x00007f40b800a000
[0x00007f40b8006c40] MethodData_lock - owner thread: 0x00007f40b800a000

Heap:
 PSYoungGen      total 136192K, used 8141K [0x00000000d6f00000, 0x00000000e0700000, 0x0000000100000000)
  eden space 121856K, 0% used [0x00000000d6f00000,0x00000000d6f00000,0x00000000de600000)
  from space 14336K, 56% used [0x00000000de600000,0x00000000dedf3440,0x00000000df400000)
  to   space 9216K, 0% used [0x00000000df400000,0x00000000df400000,0x00000000dfd00000)
 ParOldGen       total 84992K, used 16481K [0x0000000084c00000, 0x0000000089f00000, 0x00000000d6f00000)
  object space 84992K, 19% used [0x0000000084c00000,0x0000000085c185d8,0x0000000089f00000)
 Metaspace       used 20661K, capacity 21116K, committed 21296K, reserved 1069056K
  class space    used 2434K, capacity 2598K, committed 2688K, reserved 1048576K

Card table byte_map: [0x00007f40be020000,0x00007f40be3fb000] byte_map_base: 0x00007f40bdbfa000

Marking Bits: (ParMarkBitMap*) 0x00007f40c0b2bdc0
 Begin Bits: [0x00007f40a0260000, 0x00007f40a2130000)
 End Bits:   [0x00007f40a2130000, 0x00007f40a4000000)

Polling page: 0x00007f40c1779000

CodeCache: size=245760Kb used=11627Kb max_used=11627Kb free=234132Kb
 bounds [0x00007f40a9000000, 0x00007f40a9b70000, 0x00007f40b8000000]
 total_blobs=4023 nmethods=3651 adapters=283
 compilation: enabled

Compilation events (10 events):
Event: 4,069 Thread 0x00007f40b80bd000 nmethod 3665 0x00007f40a9b5df50 code [0x00007f40a9b5e0c0, 0x00007f40a9b5e370]
Event: 4,069 Thread 0x00007f40b80bd000 3666       3       com.sun.tools.javac.util.ListBuffer$1::<init> (21 bytes)
Event: 4,069 Thread 0x00007f40b80bd000 nmethod 3666 0x00007f40a9b5e490 code [0x00007f40a9b5e600, 0x00007f40a9b5e7f0]
Event: 4,069 Thread 0x00007f40b80bd000 3675       3       com.sun.tools.javac.comp.Resolve$5$1::next (5 bytes)
Event: 4,070 Thread 0x00007f40b80bd000 nmethod 3675 0x00007f40a9b5e8d0 code [0x00007f40a9b5ea40, 0x00007f40a9b5ebc8]
Event: 4,070 Thread 0x00007f40b80bd000 3677       3       com.sun.tools.javac.jvm.Gen::genStat (69 bytes)
Event: 4,071 Thread 0x00007f40b80bd000 nmethod 3677 0x00007f40a9b5ec50 code [0x00007f40a9b5eea0, 0x00007f40a9b5fae8]
Event: 4,071 Thread 0x00007f40b80bd000 3668       3       com.sun.tools.javac.jvm.Code::truncate (32 bytes)
Event: 4,071 Thread 0x00007f40b80bd000 nmethod 3668 0x00007f40a9b600d0 code [0x00007f40a9b60220, 0x00007f40a9b60370]
Event: 4,071 Thread 0x00007f40b80bd000 3670       3       com.sun.tools.javac.code.Types$DescriptorCache::get (79 bytes)

GC Heap History (10 events):
Event: 1,442 GC heap after
Heap after GC invocations=2 (full 0):
 PSYoungGen      total 36864K, used 5113K [0x00000000d6f00000, 0x00000000db700000, 0x0000000100000000)
  eden space 31744K, 0% used [0x00000000d6f00000,0x00000000d6f00000,0x00000000d8e00000)
  from space 5120K, 99% used [0x00000000d9300000,0x00000000d97fe590,0x00000000d9800000)
  to   space 5120K, 0% used [0x00000000d8e00000,0x00000000d8e00000,0x00000000d9300000)
 ParOldGen       total 84992K, used 1801K [0x0000000084c00000, 0x0000000089f00000, 0x00000000d6f00000)
  object space 84992K, 2% used [0x0000000084c00000,0x0000000084dc2510,0x0000000089f00000)
 Metaspace       used 13073K, capacity 13426K, committed 13568K, reserved 1060864K
  class space    used 1612K, capacity 1725K, committed 1792K, reserved 1048576K
}
Event: 1,782 GC heap before
{Heap before GC invocations=3 (full 0):
 PSYoungGen      total 36864K, used 36857K [0x00000000d6f00000, 0x00000000db700000, 0x0000000100000000)
  eden space 31744K, 100% used [0x00000000d6f00000,0x00000000d8e00000,0x00000000d8e00000)
  from space 5120K, 99% used [0x00000000d9300000,0x00000000d97fe590,0x00000000d9800000)
  to   space 5120K, 0% used [0x00000000d8e00000,0x00000000d8e00000,0x00000000d9300000)
 ParOldGen       total 84992K, used 1801K [0x0000000084c00000, 0x0000000089f00000, 0x00000000d6f00000)
  object space 84992K, 2% used [0x0000000084c00000,0x0000000084dc2510,0x0000000089f00000)
 Metaspace       used 13520K, capacity 13896K, committed 14080K, reserved 1060864K
  class space    used 1644K, capacity 1766K, committed 1792K, reserved 1048576K
Event: 1,794 GC heap after
Heap after GC invocations=3 (full 0):
 PSYoungGen      total 36864K, used 5088K [0x00000000d6f00000, 0x00000000db700000, 0x0000000100000000)
  eden space 31744K, 0% used [0x00000000d6f00000,0x00000000d6f00000,0x00000000d8e00000)
  from space 5120K, 99% used [0x00000000d8e00000,0x00000000d92f8040,0x00000000d9300000)
  to   space 5120K, 0% used [0x00000000db200000,0x00000000db200000,0x00000000db700000)
 ParOldGen       total 84992K, used 2484K [0x0000000084c00000, 0x0000000089f00000, 0x00000000d6f00000)
  object space 84992K, 2% used [0x0000000084c00000,0x0000000084e6d1c0,0x0000000089f00000)
 Metaspace       used 13520K, capacity 13896K, committed 14080K, reserved 1060864K
  class space    used 1644K, capacity 1766K, committed 1792K, reserved 1048576K
}
Event: 2,177 GC heap before
{Heap before GC invocations=4 (full 0):
 PSYoungGen      total 36864K, used 36832K [0x00000000d6f00000, 0x00000000db700000, 0x0000000100000000)
  eden space 31744K, 100% used [0x00000000d6f00000,0x00000000d8e00000,0x00000000d8e00000)
  from space 5120K, 99% used [0x00000000d8e00000,0x00000000d92f8040,0x00000000d9300000)
  to   space 5120K, 0% used [0x00000000db200000,0x00000000db200000,0x00000000db700000)
 ParOldGen       total 84992K, used 2484K [0x0000000084c00000, 0x0000000089f00000, 0x00000000d6f00000)
  object space 84992K, 2% used [0x0000000084c00000,0x0000000084e6d1c0,0x0000000089f00000)
 Metaspace       used 14061K, capacity 14464K, committed 14720K, reserved 1062912K
  class space    used 1704K, capacity 1806K, committed 1920K, reserved 1048576K
Event: 2,215 GC heap after
Heap after GC invocations=4 (full 0):
 PSYoungGen      total 68608K, used 5104K [0x00000000d6f00000, 0x00000000db700000, 0x0000000100000000)
  eden space 63488K, 0% used [0x00000000d6f00000,0x00000000d6f00000,0x00000000dad00000)
  from space 5120K, 99% used [0x00000000db200000,0x00000000db6fc030,0x00000000db700000)
  to   space 5120K, 0% used [0x00000000dad00000,0x00000000dad00000,0x00000000db200000)
 ParOldGen       total 84992K, used 4065K [0x0000000084c00000, 0x0000000089f00000, 0x00000000d6f00000)
  object space 84992K, 4% used [0x0000000084c00000,0x0000000084ff84d8,0x0000000089f00000)
 Metaspace       used 14061K, capacity 14464K, committed 14720K, reserved 1062912K
  class space    used 1704K, capacity 1806K, committed 1920K, reserved 1048576K
}
Event: 3,046 GC heap before
{Heap before GC invocations=5 (full 0):
 PSYoungGen      total 68608K, used 68577K [0x00000000d6f00000, 0x00000000db700000, 0x0000000100000000)
  eden space 63488K, 99% used [0x00000000d6f00000,0x00000000dacfc4b8,0x00000000dad00000)
  from space 5120K, 99% used [0x00000000db200000,0x00000000db6fc030,0x00000000db700000)
  to   space 5120K, 0% used [0x00000000dad00000,0x00000000dad00000,0x00000000db200000)
 ParOldGen       total 84992K, used 4065K [0x0000000084c00000, 0x0000000089f00000, 0x00000000d6f00000)
  object space 84992K, 4% used [0x0000000084c00000,0x0000000084ff84d8,0x0000000089f00000)
 Metaspace       used 18549K, capacity 19004K, committed 19072K, reserved 1067008K
  class space    used 2268K, capacity 2406K, committed 2432K, reserved 1048576K
Event: 3,083 GC heap after
Heap after GC invocations=5 (full 0):
 PSYoungGen      total 68608K, used 5099K [0x00000000d6f00000, 0x00000000dfd00000, 0x0000000100000000)
  eden space 63488K, 0% used [0x00000000d6f00000,0x00000000d6f00000,0x00000000dad00000)
  from space 5120K, 99% used [0x00000000dad00000,0x00000000db1fae10,0x00000000db200000)
  to   space 9216K, 0% used [0x00000000df400000,0x00000000df400000,0x00000000dfd00000)
 ParOldGen       total 84992K, used 7476K [0x0000000084c00000, 0x0000000089f00000, 0x00000000d6f00000)
  object space 84992K, 8% used [0x0000000084c00000,0x000000008534d020,0x0000000089f00000)
 Metaspace       used 18549K, capacity 19004K, committed 19072K, reserved 1067008K
  class space    used 2268K, capacity 2406K, committed 2432K, reserved 1048576K
}
Event: 3,809 GC heap before
{Heap before GC invocations=6 (full 0):
 PSYoungGen      total 68608K, used 68587K [0x00000000d6f00000, 0x00000000dfd00000, 0x0000000100000000)
  eden space 63488K, 100% used [0x00000000d6f00000,0x00000000dad00000,0x00000000dad00000)
  from space 5120K, 99% used [0x00000000dad00000,0x00000000db1fae10,0x00000000db200000)
  to   space 9216K, 0% used [0x00000000df400000,0x00000000df400000,0x00000000dfd00000)
 ParOldGen       total 84992K, used 7476K [0x0000000084c00000, 0x0000000089f00000, 0x00000000d6f00000)
  object space 84992K, 8% used [0x0000000084c00000,0x000000008534d020,0x0000000089f00000)
 Metaspace       used 20225K, capacity 20732K, committed 20992K, reserved 1067008K
  class space    used 2405K, capacity 2534K, committed 2560K, reserved 1048576K
Event: 3,847 GC heap after
Heap after GC invocations=6 (full 0):
 PSYoungGen      total 131072K, used 9209K [0x00000000d6f00000, 0x00000000e0700000, 0x0000000100000000)
  eden space 121856K, 0% used [0x00000000d6f00000,0x00000000d6f00000,0x00000000de600000)
  from space 9216K, 99% used [0x00000000df400000,0x00000000dfcfe450,0x00000000dfd00000)
  to   space 14336K, 0% used [0x00000000de600000,0x00000000de600000,0x00000000df400000)
 ParOldGen       total 84992K, used 15065K [0x0000000084c00000, 0x0000000089f00000, 0x00000000d6f00000)
  object space 84992K, 17% used [0x0000000084c00000,0x0000000085ab6578,0x0000000089f00000)
 Metaspace       used 20225K, capacity 20732K, committed 20992K, reserved 1067008K
  class space    used 2405K, capacity 2534K, committed 2560K, reserved 1048576K
}
Event: 4,071 GC heap before
{Heap before GC invocations=7 (full 0):
 PSYoungGen      total 131072K, used 16610K [0x00000000d6f00000, 0x00000000e0700000, 0x0000000100000000)
  eden space 121856K, 6% used [0x00000000d6f00000,0x00000000d763a550,0x00000000de600000)
  from space 9216K, 99% used [0x00000000df400000,0x00000000dfcfe450,0x00000000dfd00000)
  to   space 14336K, 0% used [0x00000000de600000,0x00000000de600000,0x00000000df400000)
 ParOldGen       total 84992K, used 15065K [0x0000000084c00000, 0x0000000089f00000, 0x00000000d6f00000)
  object space 84992K, 17% used [0x0000000084c00000,0x0000000085ab6578,0x0000000089f00000)
 Metaspace       used 20661K, capacity 21116K, committed 21296K, reserved 1069056K
  class space    used 2434K, capacity 2598K, committed 2688K, reserved 1048576K

Deoptimization events (10 events):
Event: 3,311 Thread 0x00007f40b800a000 Uncommon trap: reason=unstable_if action=reinterpret pc=0x00007f40a973bf5c method=java.util.LinkedHashMap.afterNodeInsertion(Z)V @ 18
Event: 3,717 Thread 0x00007f40b800a000 Uncommon trap: reason=bimorphic action=maybe_recompile pc=0x00007f40a9531a78 method=java.util.HashMap.putVal(ILjava/lang/Object;Ljava/lang/Object;ZZ)Ljava/lang/Object; @ 253
Event: 3,721 Thread 0x00007f40b800a000 Uncommon trap: reason=bimorphic action=maybe_recompile pc=0x00007f40a9531a78 method=java.util.HashMap.putVal(ILjava/lang/Object;Ljava/lang/Object;ZZ)Ljava/lang/Object; @ 253
Event: 3,753 Thread 0x00007f40b800a000 Uncommon trap: reason=unstable_if action=reinterpret pc=0x00007f40a987e4f4 method=com.sun.tools.javac.util.Convert.chars2utf([CI[BII)I @ 35
Event: 3,773 Thread 0x00007f40b800a000 Uncommon trap: reason=unstable_if action=reinterpret pc=0x00007f40a9884e9c method=com.sun.tools.javac.util.IntHashTable.lookup(Ljava/lang/Object;I)I @ 67
Event: 3,773 Thread 0x00007f40b800a000 Uncommon trap: reason=unstable_if action=reinterpret pc=0x00007f40a9919054 method=com.sun.tools.javac.util.IntHashTable.putAtIndex(Ljava/lang/Object;II)I @ 18
Event: 3,926 Thread 0x00007f40b800a000 Uncommon trap: reason=class_check action=maybe_recompile pc=0x00007f40a9a71a24 method=com.sun.tools.javac.code.Type.containsAny(Lcom/sun/tools/javac/util/List;)Z @ 6
Event: 3,928 Thread 0x00007f40b800a000 Uncommon trap: reason=class_check action=maybe_recompile pc=0x00007f40a9a71a24 method=com.sun.tools.javac.code.Type.containsAny(Lcom/sun/tools/javac/util/List;)Z @ 6
Event: 3,928 Thread 0x00007f40b800a000 Uncommon trap: reason=class_check action=maybe_recompile pc=0x00007f40a9a71a24 method=com.sun.tools.javac.code.Type.containsAny(Lcom/sun/tools/javac/util/List;)Z @ 6
Event: 3,930 Thread 0x00007f40b800a000 Uncommon trap: reason=class_check action=maybe_recompile pc=0x00007f40a9a71a24 method=com.sun.tools.javac.code.Type.containsAny(Lcom/sun/tools/javac/util/List;)Z @ 6

Internal exceptions (10 events):
Event: 1,217 Thread 0x00007f40b800a000 Exception <a 'java/lang/NoSuchFieldError': method resolution failed> (0x00000000d84b6160) thrown at [/HUDSON3/workspace/8-2-build-linux-amd64/jdk8u144/9417/hotspot/src/share/vm/prims/methodHandles.cpp, line 1146]
Event: 1,401 Thread 0x00007f40b800a000 Implicit null exception at 0x00007f40a93878b5 to 0x00007f40a9387a99
Event: 1,402 Thread 0x00007f40b800a000 Implicit null exception at 0x00007f40a930e1af to 0x00007f40a930e219
Event: 1,582 Thread 0x00007f40b800a000 Implicit null exception at 0x00007f40a954673f to 0x00007f40a95469fd
Event: 1,855 Thread 0x00007f40b800a000 Exception <a 'java/lang/NoClassDefFoundError': org/slf4j/Logger> (0x00000000d730ac00) thrown at [/HUDSON3/workspace/8-2-build-linux-amd64/jdk8u144/9417/hotspot/src/share/vm/oops/constantPool.cpp, line 235]
Event: 2,361 Thread 0x00007f40b800a000 Exception <a 'java/lang/NoClassDefFoundError': org/slf4j/Logger> (0x00000000d78a0f10) thrown at [/HUDSON3/workspace/8-2-build-linux-amd64/jdk8u144/9417/hotspot/src/share/vm/oops/constantPool.cpp, line 235]
Event: 2,622 Thread 0x00007f40b800a000 Exception <a 'java/lang/NoClassDefFoundError': org/slf4j/Logger> (0x00000000d8d07be0) thrown at [/HUDSON3/workspace/8-2-build-linux-amd64/jdk8u144/9417/hotspot/src/share/vm/oops/constantPool.cpp, line 235]
Event: 2,708 Thread 0x00007f40b800a000 Exception <a 'java/lang/ClassNotFoundException': com/sun/tools/javac/api/JavacTool> (0x00000000d912c4e0) thrown at [/HUDSON3/workspace/8-2-build-linux-amd64/jdk8u144/9417/hotspot/src/share/vm/classfile/systemDictionary.cpp, line 210]
Event: 3,396 Thread 0x00007f40b800a000 Exception <a 'java/io/FileNotFoundException'> (0x00000000d937f5d0) thrown at [/HUDSON3/workspace/8-2-build-linux-amd64/jdk8u144/9417/hotspot/src/share/vm/prims/jni.cpp, line 709]
Event: 3,402 Thread 0x00007f40b800a000 Exception <a 'java/io/FileNotFoundException'> (0x00000000d93b4898) thrown at [/HUDSON3/workspace/8-2-build-linux-amd64/jdk8u144/9417/hotspot/src/share/vm/prims/jni.cpp, line 709]

Events (10 events):
Event: 3,943 Executing VM operation: ForceSafepoint done
Event: 4,048 Executing VM operation: ForceSafepoint
Event: 4,048 Executing VM operation: ForceSafepoint done
Event: 4,066 loading class com/sun/tools/javac/comp/Flow$BaseAnalyzer$JumpKind
Event: 4,066 loading class com/sun/tools/javac/comp/Flow$BaseAnalyzer$JumpKind done
Event: 4,066 loading class com/sun/tools/javac/comp/Flow$BaseAnalyzer$JumpKind$1
Event: 4,066 loading class com/sun/tools/javac/comp/Flow$BaseAnalyzer$JumpKind$1 done
Event: 4,066 loading class com/sun/tools/javac/comp/Flow$BaseAnalyzer$JumpKind$2
Event: 4,066 loading class com/sun/tools/javac/comp/Flow$BaseAnalyzer$JumpKind$2 done
Event: 4,071 Executing VM operation: CollectForMetadataAllocation


Dynamic libraries:
00400000-00401000 r-xp 00000000 08:02 13501868                           /usr/lib/jvm/java-8-oracle/bin/java
00600000-00601000 rw-p 00000000 08:02 13501868                           /usr/lib/jvm/java-8-oracle/bin/java
01afc000-01b1d000 rw-p 00000000 00:00 0                                  [heap]
84c00000-89f00000 rw-p 00000000 00:00 0 
89f00000-d6f00000 ---p 00000000 00:00 0 
d6f00000-e0700000 rw-p 00000000 00:00 0 
e7800000-100000000 ---p 00000000 00:00 0 
100000000-1002a0000 rw-p 00000000 00:00 0 
1002a0000-140000000 ---p 00000000 00:00 0 
7f4068000000-7f4068021000 rw-p 00000000 00:00 0 
7f4068021000-7f406c000000 ---p 00000000 00:00 0 
7f406ee32000-7f406ee5e000 rw-p 00000000 00:00 0 
7f406ee5e000-7f406f032000 ---p 00000000 00:00 0 
7f406f032000-7f406f039000 r--s 00000000 08:02 13375401                   /usr/lib/x86_64-linux-gnu/gconv/gconv-modules.cache
7f406f039000-7f406f05a000 r--p 00000000 08:02 659782                     /usr/share/locale-langpack/pt_BR/LC_MESSAGES/libc.mo
7f406f05a000-7f406f05c000 r--s 0000d000 08:02 9963006                    /home/gabriel/.m2/repository/commons-logging/commons-logging/1.1.1/commons-logging-1.1.1.jar
7f406f05c000-7f406f064000 r--s 00034000 08:02 9962821                    /home/gabriel/.m2/repository/org/springframework/spring-tx/3.2.6.RELEASE/spring-tx-3.2.6.RELEASE.jar
7f406f064000-7f406f06e000 r--s 0005a000 08:02 9962785                    /home/gabriel/.m2/repository/org/springframework/spring-jdbc/3.2.6.RELEASE/spring-jdbc-3.2.6.RELEASE.jar
7f406f06e000-7f406f077000 r--s 0004a000 08:02 9962744                    /home/gabriel/.m2/repository/org/springframework/spring-aop/3.2.8.RELEASE/spring-aop-3.2.8.RELEASE.jar
7f406f077000-7f406f07e000 r--s 0005d000 08:02 9962732                    /home/gabriel/.m2/repository/org/springframework/security/spring-security-config/3.2.6.RELEASE/spring-security-config-3.2.6.RELEASE.jar
7f406f07e000-7f406f08c000 r--s 0008c000 08:02 9962691                    /home/gabriel/.m2/repository/org/springframework/spring-web/3.2.8.RELEASE/spring-web-3.2.8.RELEASE.jar
7f406f08c000-7f406f090000 r--s 0002c000 08:02 9962690                    /home/gabriel/.m2/repository/org/springframework/spring-expression/3.2.8.RELEASE/spring-expression-3.2.8.RELEASE.jar
7f406f090000-7f406f0a2000 r--s 000c4000 08:02 9962549                    /home/gabriel/.m2/repository/org/springframework/spring-core/3.2.8.RELEASE/spring-core-3.2.8.RELEASE.jar
7f406f0a2000-7f406f0b7000 r--s 000bf000 08:02 9962545                    /home/gabriel/.m2/repository/org/springframework/spring-context/3.2.8.RELEASE/spring-context-3.2.8.RELEASE.jar
7f406f0b7000-7f406f0c3000 r--s 0008a000 08:02 9962544                    /home/gabriel/.m2/repository/org/springframework/spring-beans/3.2.8.RELEASE/spring-beans-3.2.8.RELEASE.jar
7f406f0c3000-7f406f0ce000 r--s 0004f000 08:02 9962546                    /home/gabriel/.m2/repository/org/springframework/security/spring-security-core/3.2.6.RELEASE/spring-security-core-3.2.6.RELEASE.jar
7f406f0ce000-7f406f0d0000 r--s 00000000 08:02 9962547                    /home/gabriel/.m2/repository/aopalliance/aopalliance/1.0/aopalliance-1.0.jar
7f406f0d0000-7f406f0da000 r--s 0004b000 08:02 9962543                    /home/gabriel/.m2/repository/org/springframework/security/spring-security-web/3.2.6.RELEASE/spring-security-web-3.2.6.RELEASE.jar
7f406f0da000-7f406f0dc000 r--s 0000e000 08:02 7602850                    /home/gabriel/.m2/repository/com/fasterxml/classmate/1.3.1/classmate-1.3.1.jar
7f406f0dc000-7f406f0e0000 r--s 0000c000 08:02 7738133                    /home/gabriel/.m2/repository/javax/validation/validation-api/1.1.0.Final/validation-api-1.1.0.Final.jar
7f406f0e0000-7f406f0f2000 r--s 000a9000 08:02 9962299                    /home/gabriel/.m2/repository/org/hibernate/hibernate-validator/5.4.1.Final/hibernate-validator-5.4.1.Final.jar
7f406f0f2000-7f406f0f4000 r--s 00011000 08:02 9961897                    /home/gabriel/.m2/repository/org/jboss/jandex/1.1.0.Final/jandex-1.1.0.Final.jar
7f406f0f4000-7f406f0f9000 r--s 00068000 08:02 7737865                    /home/gabriel/.m2/repository/antlr/antlr/2.7.7/antlr-2.7.7.jar
7f406f0f9000-7f406f103000 r--s 000a5000 08:02 9961896                    /home/gabriel/.m2/repository/org/javassist/javassist/3.18.1-GA/javassist-3.18.1-GA.jar
7f406f103000-7f406f108000 r--s 00017000 08:02 9961893                    /home/gabriel/.m2/repository/org/hibernate/javax/persistence/hibernate-jpa-2.1-api/1.0.0.Final/hibernate-jpa-2.1-api-1.0.0.Final.jar
7f406f108000-7f406f10d000 r--s 00016000 08:02 7607986                    /home/gabriel/.m2/repository/xml-apis/xml-apis/1.0.b2/xml-apis-1.0.b2.jar
7f406f10d000-7f406f16a000 r--s 0049f000 08:02 9961890                    /home/gabriel/.m2/repository/org/hibernate/hibernate-core/4.3.4.Final/hibernate-core-4.3.4.Final.jar
7f406f16a000-7f406f181000 r--s 001d2000 08:02 9961886                    /home/gabriel/.m2/repository/mysql/mysql-connector-java/6.0.6/mysql-connector-java-6.0.6.jar
7f406f181000-7f406f1af000 r--s 003ab000 08:02 7868199                    /home/gabriel/.m2/repository/org/primefaces/primefaces/6.1/primefaces-6.1.jar
7f406f1af000-7f406f1d8000 r--s 002d4000 08:02 8524514                    /home/gabriel/.m2/repository/org/glassfish/javax.faces/2.2.10/javax.faces-2.2.10.jar
7f406f1d8000-7f406f3d8000 rw-p 00000000 00:00 0 
7f406f3d8000-7f406f5d8000 rw-p 00000000 00:00 0 
7f406f5d8000-7f406f7d8000 rw-p 00000000 00:00 0 
7f406f7d8000-7f406f7e9000 r-xp 00000000 08:02 13503653                   /usr/lib/jvm/java-8-oracle/jre/lib/amd64/libnio.so
7f406f7e9000-7f406f9e8000 ---p 00011000 08:02 13503653                   /usr/lib/jvm/java-8-oracle/jre/lib/amd64/libnio.so
7f406f9e8000-7f406f9e9000 rw-p 00010000 08:02 13503653                   /usr/lib/jvm/java-8-oracle/jre/lib/amd64/libnio.so
7f406f9e9000-7f406f9ff000 r-xp 00000000 08:02 13503628                   /usr/lib/jvm/java-8-oracle/jre/lib/amd64/libnet.so
7f406f9ff000-7f406fbff000 ---p 00016000 08:02 13503628                   /usr/lib/jvm/java-8-oracle/jre/lib/amd64/libnet.so
7f406fbff000-7f406fc00000 rw-p 00016000 08:02 13503628                   /usr/lib/jvm/java-8-oracle/jre/lib/amd64/libnet.so
7f406fc00000-7f406fe00000 rw-p 00000000 00:00 0 
7f406fe00000-7f4070000000 rw-p 00000000 00:00 0 
7f4070000000-7f4070021000 rw-p 00000000 00:00 0 
7f4070021000-7f4074000000 ---p 00000000 00:00 0 
7f4074000000-7f4074021000 rw-p 00000000 00:00 0 
7f4074021000-7f4078000000 ---p 00000000 00:00 0 
7f4078000000-7f4078eea000 rw-p 00000000 00:00 0 
7f4078eea000-7f407c000000 ---p 00000000 00:00 0 
7f407c000000-7f407cc82000 rw-p 00000000 00:00 0 
7f407cc82000-7f4080000000 ---p 00000000 00:00 0 
7f4080000000-7f4080021000 rw-p 00000000 00:00 0 
7f4080021000-7f4084000000 ---p 00000000 00:00 0 
7f4084000000-7f40850c1000 rw-p 00000000 00:00 0 
7f40850c1000-7f4088000000 ---p 00000000 00:00 0 
7f4088000000-7f4088021000 rw-p 00000000 00:00 0 
7f4088021000-7f408c000000 ---p 00000000 00:00 0 
7f408c000000-7f408c021000 rw-p 00000000 00:00 0 
7f408c021000-7f4090000000 ---p 00000000 00:00 0 
7f4090000000-7f4090021000 rw-p 00000000 00:00 0 
7f4090021000-7f4094000000 ---p 00000000 00:00 0 
7f4094000000-7f4094296000 rw-p 00000000 00:00 0 
7f4094296000-7f4098000000 ---p 00000000 00:00 0 
7f4098000000-7f4098021000 rw-p 00000000 00:00 0 
7f4098021000-7f409c000000 ---p 00000000 00:00 0 
7f409c000000-7f409c021000 rw-p 00000000 00:00 0 
7f409c021000-7f40a0000000 ---p 00000000 00:00 0 
7f40a0000000-7f40a0003000 r--s 00010000 08:02 9961891                    /home/gabriel/.m2/repository/org/hibernate/common/hibernate-commons-annotations/4.0.4.Final/hibernate-commons-annotations-4.0.4.Final.jar
7f40a0003000-7f40a0008000 r--s 00048000 08:02 7607983                    /home/gabriel/.m2/repository/dom4j/dom4j/1.6.1/dom4j-1.6.1.jar
7f40a0008000-7f40a0009000 r--s 00006000 08:02 9961888                    /home/gabriel/.m2/repository/org/jboss/spec/javax/transaction/jboss-transaction-api_1.2_spec/1.0.0.Final/jboss-transaction-api_1.2_spec-1.0.0.Final.jar
7f40a0009000-7f40a000a000 r--s 00002000 08:02 9961887                    /home/gabriel/.m2/repository/org/jboss/logging/jboss-logging-annotations/1.2.0.Beta1/jboss-logging-annotations-1.2.0.Beta1.jar
7f40a000a000-7f40a000c000 r--s 0000c000 08:02 9961885                    /home/gabriel/.m2/repository/org/jboss/logging/jboss-logging/3.1.3.GA/jboss-logging-3.1.3.GA.jar
7f40a000c000-7f40a000e000 r--s 00003000 08:02 9050821                    /home/gabriel/.m2/repository/org/primefaces/themes/bootstrap/1.0.10/bootstrap-1.0.10.jar
7f40a000e000-7f40a0010000 r--s 0000e000 08:02 8524577                    /home/gabriel/.m2/repository/javax/activation/activation/1.1/activation-1.1.jar
7f40a0010000-7f40a0018000 r--s 00078000 08:02 8524578                    /home/gabriel/.m2/repository/com/sun/mail/javax.mail/1.5.0/javax.mail-1.5.0.jar
7f40a0018000-7f40a004c000 r--s 001a4000 08:02 8524576                    /home/gabriel/.m2/repository/javax/javaee-api/7.0/javaee-api-7.0.jar
7f40a004c000-7f40a00c6000 r--s 010f7000 08:02 13246327                   /usr/lib/jvm/java-8-oracle/lib/tools.jar
7f40a00c6000-7f40a00c9000 r--s 0001b000 08:02 8262810                    /home/gabriel/.m2/repository/junit/junit/3.8.2/junit-3.8.2.jar
7f40a00c9000-7f40a00d7000 r--s 0008f000 08:02 8262809                    /home/gabriel/.m2/repository/com/google/collections/google-collections/1.0/google-collections-1.0.jar
7f40a00d7000-7f40a00d8000 r--s 0000a000 08:02 8134517                    /home/gabriel/.m2/repository/commons-logging/commons-logging-api/1.1/commons-logging-api-1.1.jar
7f40a00d8000-7f40a00df000 r--s 00051000 08:02 8262807                    /home/gabriel/.m2/repository/log4j/log4j/1.2.12/log4j-1.2.12.jar
7f40a00df000-7f40a00e3000 r--s 0001d000 08:02 8262806                    /home/gabriel/.m2/repository/org/apache/xbean/xbean-reflect/3.4/xbean-reflect-3.4.jar
7f40a00e3000-7f40a00e4000 r--s 00004000 08:02 8394323                    /home/gabriel/.m2/repository/org/codehaus/plexus/plexus-compiler-javac/2.2/plexus-compiler-javac-2.2.jar
7f40a00e4000-7f40a00e6000 r--s 00000000 08:02 8394321                    /home/gabriel/.m2/repository/org/codehaus/plexus/plexus-compiler-manager/2.2/plexus-compiler-manager-2.2.jar
7f40a00e6000-7f40a00e8000 r--s 00005000 08:02 8394320                    /home/gabriel/.m2/repository/org/codehaus/plexus/plexus-compiler-api/2.2/plexus-compiler-api-2.2.jar
7f40a00e8000-7f40a00ea000 r--s 00000000 08:02 8134511                    /home/gabriel/.m2/repository/org/codehaus/plexus/plexus-component-annotations/1.5.5/plexus-component-annotations-1.5.5.jar
7f40a00ea000-7f40a00ec000 r--s 00002000 08:02 8262804                    /home/gabriel/.m2/repository/org/apache/maven/shared/maven-shared-incremental/1.1/maven-shared-incremental-1.1.jar
7f40a00ec000-7f40a00ef000 r--s 00023000 08:02 8262803                    /home/gabriel/.m2/repository/org/apache/maven/shared/maven-shared-utils/0.1/maven-shared-utils-0.1.jar
7f40a00ef000-7f40a00f3000 r--s 00030000 08:02 7868369                    /home/gabriel/.m2/repository/org/codehaus/plexus/plexus-utils/1.5.1/plexus-utils-1.5.1.jar
7f40a00f3000-7f40a00f5000 r--s 00009000 08:02 7868064                    /home/gabriel/.m2/repository/org/apache/maven/plugins/maven-compiler-plugin/3.1/maven-compiler-plugin-3.1.jar
7f40a00f5000-7f40a00f8000 r--s 0000d000 08:02 8524622                    /home/gabriel/.m2/repository/org/codehaus/plexus/plexus-interpolation/1.19/plexus-interpolation-1.19.jar
7f40a00f8000-7f40a00f9000 r--s 00001000 08:02 8262737                    /home/gabriel/.m2/repository/org/sonatype/plexus/plexus-build-api/0.0.4/plexus-build-api-0.0.4.jar
7f40a00f9000-7f40a00fb000 r--s 00006000 08:02 7737881                    /home/gabriel/.m2/repository/com/google/code/findbugs/jsr305/2.0.1/jsr305-2.0.1.jar
7f40a00fb000-7f40a00fe000 r--s 00023000 08:02 8524621                    /home/gabriel/.m2/repository/org/apache/maven/shared/maven-shared-utils/0.3/maven-shared-utils-0.3.jar
7f40a00fe000-7f40a0100000 r--s 00009000 08:02 8524620                    /home/gabriel/.m2/repository/org/apache/maven/shared/maven-filtering/1.2/maven-filtering-1.2.jar
7f40a0100000-7f40a0104000 r--s 00037000 08:02 8524619                    /home/gabriel/.m2/repository/org/codehaus/plexus/plexus-utils/3.0.15/plexus-utils-3.0.15.jar
7f40a0104000-7f40a0106000 r--s 00002000 08:02 7608005                    /home/gabriel/.m2/repository/org/sonatype/plexus/plexus-cipher/1.4/plexus-cipher-1.4.jar
7f40a0106000-7f40a0107000 r--s 00006000 08:02 7608003                    /home/gabriel/.m2/repository/org/sonatype/plexus/plexus-sec-dispatcher/1.3/plexus-sec-dispatcher-1.3.jar
7f40a0107000-7f40a0109000 r--s 00002000 08:02 7868360                    /home/gabriel/.m2/repository/org/codehaus/plexus/plexus-interactivity-api/1.0-alpha-4/plexus-interactivity-api-1.0-alpha-4.jar
7f40a0109000-7f40a010b000 r--s 00009000 08:02 7868403                    /home/gabriel/.m2/repository/commons-cli/commons-cli/1.2/commons-cli-1.2.jar
7f40a010b000-7f40a010c000 r--s 00002000 08:02 8524617                    /home/gabriel/.m2/repository/org/apache/maven/doxia/doxia-logging-api/1.1/doxia-logging-api-1.1.jar
7f40a010c000-7f40a010e000 r--s 00002000 08:02 8262831                    /home/gabriel/.m2/repository/org/apache/maven/doxia/doxia-sink-api/1.1/doxia-sink-api-1.1.jar
7f40a010e000-7f40a010f000 r--s 00002000 08:02 8001472                    /home/gabriel/.m2/repository/org/apache/maven/reporting/maven-reporting-api/2.2.1/maven-reporting-api-2.2.1.jar
7f40a010f000-7f40a0111000 r--s 00003000 08:02 8262829                    /home/gabriel/.m2/repository/org/slf4j/jcl-over-slf4j/1.5.6/jcl-over-slf4j-1.5.6.jar
7f40a0111000-7f40a0113000 r--s 00004000 08:02 8262825                    /home/gabriel/.m2/repository/org/slf4j/slf4j-api/1.5.6/slf4j-api-1.5.6.jar
7f40a0113000-7f40a0115000 r--s 00001000 08:02 8262827                    /home/gabriel/.m2/repository/org/slf4j/slf4j-jdk14/1.5.6/slf4j-jdk14-1.5.6.jar
7f40a0115000-7f40a0118000 r--s 0001b000 08:02 7868367                    /home/gabriel/.m2/repository/junit/junit/3.8.1/junit-3.8.1.jar
7f40a0118000-7f40a0120000 r--s 00049000 08:02 8262826                    /home/gabriel/.m2/repository/backport-util-concurrent/backport-util-concurrent/3.1/backport-util-concurrent-3.1.jar
7f40a0120000-7f40a0121000 r--s 00007000 08:02 8524538                    /home/gabriel/.m2/repository/org/apache/maven/plugins/maven-resources-plugin/2.7/maven-resources-plugin-2.7.jar
7f40a0121000-7f40a0125000 r--s 00033000 08:02 8262735                    /home/gabriel/.m2/repository/org/codehaus/plexus/plexus-utils/2.0.5/plexus-utils-2.0.5.jar
7f40a0125000-7f40a0126000 r--s 00005000 08:02 7474474                    /home/gabriel/.m2/repository/org/apache/maven/plugins/maven-clean-plugin/2.4.1/maven-clean-plugin-2.4.1.jar
7f40a0126000-7f40a0129000 ---p 00000000 00:00 0 
7f40a0129000-7f40a015f000 rw-p 00000000 00:00 0 
7f40a015f000-7f40a0160000 ---p 00000000 00:00 0 
7f40a0160000-7f40a4000000 rw-p 00000000 00:00 0 
7f40a4000000-7f40a4021000 rw-p 00000000 00:00 0 
7f40a4021000-7f40a8000000 ---p 00000000 00:00 0 
7f40a8000000-7f40a8001000 r--p 00000000 00:00 0 
7f40a8001000-7f40a8006000 r--s 0009a000 08:02 13503594                   /usr/lib/jvm/java-8-oracle/jre/lib/jsse.jar
7f40a8006000-7f40a8008000 r--s 0000d000 08:02 7347293                    /home/gabriel/netbeans-8.2/java/maven-nblib/netbeans-eventspy.jar
7f40a8008000-7f40a8009000 r--s 00002000 08:02 7347313                    /home/gabriel/netbeans-8.2/java/maven/lib/wagon-file-2.10.jar
7f40a8009000-7f40a800a000 r--s 00002000 08:02 7347271                    /home/gabriel/netbeans-8.2/java/maven/lib/wagon-http-shared-2.10.jar
7f40a800a000-7f40a800c000 r--s 0000b000 08:02 7347283                    /home/gabriel/netbeans-8.2/java/maven/lib/maven-artifact-3.0.5.jar
7f40a800c000-7f40a8016000 r--s 00116000 08:02 13634442                   /usr/lib/jvm/java-8-oracle/jre/lib/ext/localedata.jar
7f40a8016000-7f40a8019000 ---p 00000000 00:00 0 
7f40a8019000-7f40a8117000 rw-p 00000000 00:00 0 
7f40a8117000-7f40a811a000 ---p 00000000 00:00 0 
7f40a811a000-7f40a8218000 rw-p 00000000 00:00 0 
7f40a8218000-7f40a821b000 ---p 00000000 00:00 0 
7f40a821b000-7f40a8319000 rw-p 00000000 00:00 0 
7f40a8319000-7f40a831c000 ---p 00000000 00:00 0 
7f40a831c000-7f40a841a000 rw-p 00000000 00:00 0 
7f40a841a000-7f40a841d000 ---p 00000000 00:00 0 
7f40a841d000-7f40a851b000 rw-p 00000000 00:00 0 
7f40a851b000-7f40a87f8000 r--p 00000000 08:02 13107220                   /usr/lib/locale/locale-archive
7f40a87f8000-7f40a87fb000 ---p 00000000 00:00 0 
7f40a87fb000-7f40a88f9000 rw-p 00000000 00:00 0 
7f40a88f9000-7f40a88fc000 ---p 00000000 00:00 0 
7f40a88fc000-7f40a89fa000 rw-p 00000000 00:00 0 
7f40a89fa000-7f40a89fb000 ---p 00000000 00:00 0 
7f40a89fb000-7f40a9000000 rw-p 00000000 00:00 0 
7f40a9000000-7f40a9b70000 rwxp 00000000 00:00 0 
7f40a9b70000-7f40b8000000 ---p 00000000 00:00 0 
7f40b8000000-7f40b8e16000 rw-p 00000000 00:00 0 
7f40b8e16000-7f40bc000000 ---p 00000000 00:00 0 
7f40bc000000-7f40bc002000 r--s 0000d000 08:02 7347225                    /home/gabriel/netbeans-8.2/java/maven/lib/plexus-interpolation-1.14.jar
7f40bc002000-7f40bc004000 r--s 00002000 08:02 7347303                    /home/gabriel/netbeans-8.2/java/maven/lib/plexus-cipher-1.7.jar
7f40bc004000-7f40bc005000 r--s 0000a000 08:02 7347284                    /home/gabriel/netbeans-8.2/java/maven/lib/maven-embedder-3.0.5.jar
7f40bc005000-7f40bc007000 r--s 0000a000 08:02 7347285                    /home/gabriel/netbeans-8.2/java/maven/lib/maven-settings-3.0.5.jar
7f40bc007000-7f40bc009000 r--s 0000c000 08:02 7347188                    /home/gabriel/netbeans-8.2/java/maven/lib/maven-aether-provider-3.0.5.jar
7f40bc009000-7f40bc00d000 r--s 00013000 08:02 7347304                    /home/gabriel/netbeans-8.2/java/maven/lib/aether-api-1.13.1.jar
7f40bc00d000-7f40bc00f000 r--s 00026000 08:02 7347302                    /home/gabriel/netbeans-8.2/java/maven/lib/maven-model-3.0.5.jar
7f40bc00f000-7f40bc011000 r--s 00006000 08:02 7347141                    /home/gabriel/netbeans-8.2/java/maven/lib/aether-connector-wagon-1.13.1.jar
7f40bc011000-7f40bc015000 r--s 00033000 08:02 7347296                    /home/gabriel/netbeans-8.2/java/maven/lib/plexus-utils-2.0.6.jar
7f40bc015000-7f40bc034000 r--s 00154000 08:02 7347311                    /home/gabriel/netbeans-8.2/java/maven/lib/sisu-guava-0.9.9.jar
7f40bc034000-7f40bc063000 r--s 001c8000 08:02 7347268                    /home/gabriel/netbeans-8.2/java/maven/lib/wagon-http-2.10-shaded.jar
7f40bc063000-7f40bc06b000 r--s 00050000 08:02 7347255                    /home/gabriel/netbeans-8.2/java/maven/lib/sisu-guice-3.1.0-no_aop.jar
7f40bc06b000-7f40bc06c000 r--s 00003000 08:02 7347305                    /home/gabriel/netbeans-8.2/java/maven/lib/aether-spi-1.13.1.jar
7f40bc06c000-7f40bc06e000 r--s 00009000 08:02 7347314                    /home/gabriel/netbeans-8.2/java/maven/lib/commons-cli-1.2.jar
7f40bc06e000-7f40bc071000 r--s 0001d000 08:02 7347297                    /home/gabriel/netbeans-8.2/java/maven/lib/aether-impl-1.13.1.jar
7f40bc071000-7f40bc075000 r--s 0001c000 08:02 7347298                    /home/gabriel/netbeans-8.2/java/maven/lib/aether-util-1.13.1.jar
7f40bc075000-7f40bc077000 r--s 0000b000 08:02 7347269                    /home/gabriel/netbeans-8.2/java/maven/lib/maven-plugin-api-3.0.5.jar
7f40bc077000-7f40bc079000 r--s 00006000 08:02 7347075                    /home/gabriel/netbeans-8.2/java/maven/lib/maven-repository-metadata-3.0.5.jar
7f40bc079000-7f40bc07d000 r--s 00021000 08:02 7347223                    /home/gabriel/netbeans-8.2/java/maven/lib/maven-model-builder-3.0.5.jar
7f40bc07d000-7f40bc083000 r--s 0003f000 08:02 7347299                    /home/gabriel/netbeans-8.2/java/maven/lib/maven-compat-3.0.5.jar
7f40bc083000-7f40bcb60000 rw-p 00000000 00:00 0 
7f40bcb60000-7f40bcd3a000 r--s 03d4d000 08:02 13503599                   /usr/lib/jvm/java-8-oracle/jre/lib/rt.jar
7f40bcd3a000-7f40bd98a000 rw-p 00000000 00:00 0 
7f40bd98a000-7f40bd98b000 ---p 00000000 00:00 0 
7f40bd98b000-7f40bda8b000 rw-p 00000000 00:00 0 
7f40bda8b000-7f40bda8c000 ---p 00000000 00:00 0 
7f40bda8c000-7f40bdb8c000 rw-p 00000000 00:00 0 
7f40bdb8c000-7f40bdb8d000 ---p 00000000 00:00 0 
7f40bdb8d000-7f40bdc8d000 rw-p 00000000 00:00 0 
7f40bdc8d000-7f40bdc8e000 ---p 00000000 00:00 0 
7f40bdc8e000-7f40bddb8000 rw-p 00000000 00:00 0 
7f40bddb8000-7f40be020000 ---p 00000000 00:00 0 
7f40be020000-7f40be04a000 rw-p 00000000 00:00 0 
7f40be04a000-7f40be2b1000 ---p 00000000 00:00 0 
7f40be2b1000-7f40be2fe000 rw-p 00000000 00:00 0 
7f40be2fe000-7f40be3fa000 ---p 00000000 00:00 0 
7f40be3fa000-7f40be429000 rw-p 00000000 00:00 0 
7f40be429000-7f40be7bb000 ---p 00000000 00:00 0 
7f40be7bb000-7f40be7d5000 r-xp 00000000 08:02 13503651                   /usr/lib/jvm/java-8-oracle/jre/lib/amd64/libzip.so
7f40be7d5000-7f40be9d5000 ---p 0001a000 08:02 13503651                   /usr/lib/jvm/java-8-oracle/jre/lib/amd64/libzip.so
7f40be9d5000-7f40be9d6000 rw-p 0001a000 08:02 13503651                   /usr/lib/jvm/java-8-oracle/jre/lib/amd64/libzip.so
7f40be9d6000-7f40be9e1000 r-xp 00000000 08:02 8126557                    /lib/x86_64-linux-gnu/libnss_files-2.24.so
7f40be9e1000-7f40bebe0000 ---p 0000b000 08:02 8126557                    /lib/x86_64-linux-gnu/libnss_files-2.24.so
7f40bebe0000-7f40bebe1000 r--p 0000a000 08:02 8126557                    /lib/x86_64-linux-gnu/libnss_files-2.24.so
7f40bebe1000-7f40bebe2000 rw-p 0000b000 08:02 8126557                    /lib/x86_64-linux-gnu/libnss_files-2.24.so
7f40bebe2000-7f40bebe8000 rw-p 00000000 00:00 0 
7f40bebe8000-7f40bebf3000 r-xp 00000000 08:02 8126559                    /lib/x86_64-linux-gnu/libnss_nis-2.24.so
7f40bebf3000-7f40bedf2000 ---p 0000b000 08:02 8126559                    /lib/x86_64-linux-gnu/libnss_nis-2.24.so
7f40bedf2000-7f40bedf3000 r--p 0000a000 08:02 8126559                    /lib/x86_64-linux-gnu/libnss_nis-2.24.so
7f40bedf3000-7f40bedf4000 rw-p 0000b000 08:02 8126559                    /lib/x86_64-linux-gnu/libnss_nis-2.24.so
7f40bedf4000-7f40bee0a000 r-xp 00000000 08:02 8126554                    /lib/x86_64-linux-gnu/libnsl-2.24.so
7f40bee0a000-7f40bf009000 ---p 00016000 08:02 8126554                    /lib/x86_64-linux-gnu/libnsl-2.24.so
7f40bf009000-7f40bf00a000 r--p 00015000 08:02 8126554                    /lib/x86_64-linux-gnu/libnsl-2.24.so
7f40bf00a000-7f40bf00b000 rw-p 00016000 08:02 8126554                    /lib/x86_64-linux-gnu/libnsl-2.24.so
7f40bf00b000-7f40bf00d000 rw-p 00000000 00:00 0 
7f40bf00d000-7f40bf015000 r-xp 00000000 08:02 8126555                    /lib/x86_64-linux-gnu/libnss_compat-2.24.so
7f40bf015000-7f40bf214000 ---p 00008000 08:02 8126555                    /lib/x86_64-linux-gnu/libnss_compat-2.24.so
7f40bf214000-7f40bf215000 r--p 00007000 08:02 8126555                    /lib/x86_64-linux-gnu/libnss_compat-2.24.so
7f40bf215000-7f40bf216000 rw-p 00008000 08:02 8126555                    /lib/x86_64-linux-gnu/libnss_compat-2.24.so
7f40bf216000-7f40bf241000 r-xp 00000000 08:02 13503676                   /usr/lib/jvm/java-8-oracle/jre/lib/amd64/libjava.so
7f40bf241000-7f40bf440000 ---p 0002b000 08:02 13503676                   /usr/lib/jvm/java-8-oracle/jre/lib/amd64/libjava.so
7f40bf440000-7f40bf442000 rw-p 0002a000 08:02 13503676                   /usr/lib/jvm/java-8-oracle/jre/lib/amd64/libjava.so
7f40bf442000-7f40bf44f000 r-xp 00000000 08:02 13503629                   /usr/lib/jvm/java-8-oracle/jre/lib/amd64/libverify.so
7f40bf44f000-7f40bf64f000 ---p 0000d000 08:02 13503629                   /usr/lib/jvm/java-8-oracle/jre/lib/amd64/libverify.so
7f40bf64f000-7f40bf651000 rw-p 0000d000 08:02 13503629                   /usr/lib/jvm/java-8-oracle/jre/lib/amd64/libverify.so
7f40bf651000-7f40bf658000 r-xp 00000000 08:02 8131000                    /lib/x86_64-linux-gnu/librt-2.24.so
7f40bf658000-7f40bf857000 ---p 00007000 08:02 8131000                    /lib/x86_64-linux-gnu/librt-2.24.so
7f40bf857000-7f40bf858000 r--p 00006000 08:02 8131000                    /lib/x86_64-linux-gnu/librt-2.24.so
7f40bf858000-7f40bf859000 rw-p 00007000 08:02 8131000                    /lib/x86_64-linux-gnu/librt-2.24.so
7f40bf859000-7f40bf961000 r-xp 00000000 08:02 8126551                    /lib/x86_64-linux-gnu/libm-2.24.so
7f40bf961000-7f40bfb60000 ---p 00108000 08:02 8126551                    /lib/x86_64-linux-gnu/libm-2.24.so
7f40bfb60000-7f40bfb61000 r--p 00107000 08:02 8126551                    /lib/x86_64-linux-gnu/libm-2.24.so
7f40bfb61000-7f40bfb62000 rw-p 00108000 08:02 8126551                    /lib/x86_64-linux-gnu/libm-2.24.so
7f40bfb62000-7f40c0835000 r-xp 00000000 08:02 13503688                   /usr/lib/jvm/java-8-oracle/jre/lib/amd64/server/libjvm.so
7f40c0835000-7f40c0a34000 ---p 00cd3000 08:02 13503688                   /usr/lib/jvm/java-8-oracle/jre/lib/amd64/server/libjvm.so
7f40c0a34000-7f40c0b0e000 rw-p 00cd2000 08:02 13503688                   /usr/lib/jvm/java-8-oracle/jre/lib/amd64/server/libjvm.so
7f40c0b0e000-7f40c0b59000 rw-p 00000000 00:00 0 
7f40c0b59000-7f40c0d17000 r-xp 00000000 08:02 8126547                    /lib/x86_64-linux-gnu/libc-2.24.so
7f40c0d17000-7f40c0f16000 ---p 001be000 08:02 8126547                    /lib/x86_64-linux-gnu/libc-2.24.so
7f40c0f16000-7f40c0f1a000 r--p 001bd000 08:02 8126547                    /lib/x86_64-linux-gnu/libc-2.24.so
7f40c0f1a000-7f40c0f1c000 rw-p 001c1000 08:02 8126547                    /lib/x86_64-linux-gnu/libc-2.24.so
7f40c0f1c000-7f40c0f20000 rw-p 00000000 00:00 0 
7f40c0f20000-7f40c0f23000 r-xp 00000000 08:02 8126550                    /lib/x86_64-linux-gnu/libdl-2.24.so
7f40c0f23000-7f40c1122000 ---p 00003000 08:02 8126550                    /lib/x86_64-linux-gnu/libdl-2.24.so
7f40c1122000-7f40c1123000 r--p 00002000 08:02 8126550                    /lib/x86_64-linux-gnu/libdl-2.24.so
7f40c1123000-7f40c1124000 rw-p 00003000 08:02 8126550                    /lib/x86_64-linux-gnu/libdl-2.24.so
7f40c1124000-7f40c1139000 r-xp 00000000 08:02 13246324                   /usr/lib/jvm/java-8-oracle/lib/amd64/jli/libjli.so
7f40c1139000-7f40c1339000 ---p 00015000 08:02 13246324                   /usr/lib/jvm/java-8-oracle/lib/amd64/jli/libjli.so
7f40c1339000-7f40c133a000 rw-p 00015000 08:02 13246324                   /usr/lib/jvm/java-8-oracle/lib/amd64/jli/libjli.so
7f40c133a000-7f40c1352000 r-xp 00000000 08:02 8130945                    /lib/x86_64-linux-gnu/libpthread-2.24.so
7f40c1352000-7f40c1552000 ---p 00018000 08:02 8130945                    /lib/x86_64-linux-gnu/libpthread-2.24.so
7f40c1552000-7f40c1553000 r--p 00018000 08:02 8130945                    /lib/x86_64-linux-gnu/libpthread-2.24.so
7f40c1553000-7f40c1554000 rw-p 00019000 08:02 8130945                    /lib/x86_64-linux-gnu/libpthread-2.24.so
7f40c1554000-7f40c1558000 rw-p 00000000 00:00 0 
7f40c1558000-7f40c157e000 r-xp 00000000 08:02 8126479                    /lib/x86_64-linux-gnu/ld-2.24.so
7f40c157e000-7f40c1585000 r--s 0002b000 08:02 7347244                    /home/gabriel/netbeans-8.2/java/maven/lib/sisu-inject-plexus-2.3.0.jar
7f40c1585000-7f40c1591000 r--s 0007d000 08:02 7347310                    /home/gabriel/netbeans-8.2/java/maven/lib/maven-core-3.0.5.jar
7f40c1591000-7f40c165c000 rw-p 00000000 00:00 0 
7f40c165c000-7f40c165f000 ---p 00000000 00:00 0 
7f40c165f000-7f40c175f000 rw-p 00000000 00:00 0 
7f40c175f000-7f40c1761000 r--s 00000000 08:02 7346954                    /home/gabriel/netbeans-8.2/java/maven/lib/plexus-component-annotations-1.5.5.jar
7f40c1761000-7f40c1764000 r--s 00008000 08:02 7347170                    /home/gabriel/netbeans-8.2/java/maven/lib/maven-settings-builder-3.0.5.jar
7f40c1764000-7f40c1766000 r--s 0000b000 08:02 7347256                    /home/gabriel/netbeans-8.2/java/maven/lib/wagon-provider-api-2.10.jar
7f40c1766000-7f40c1767000 r--s 00006000 08:02 7347224                    /home/gabriel/netbeans-8.2/java/maven/lib/plexus-sec-dispatcher-1.3.jar
7f40c1767000-7f40c176e000 r--s 0003f000 08:02 7347270                    /home/gabriel/netbeans-8.2/java/maven/lib/sisu-inject-bean-2.3.0.jar
7f40c176e000-7f40c1770000 r--s 0000a000 08:02 7347258                    /home/gabriel/netbeans-8.2/java/maven/boot/plexus-classworlds-2.4.jar
7f40c1770000-7f40c1778000 rw-s 00000000 08:02 8655905                    /tmp/hsperfdata_gabriel/15411
7f40c1778000-7f40c1779000 rw-p 00000000 00:00 0 
7f40c1779000-7f40c177a000 ---p 00000000 00:00 0 
7f40c177a000-7f40c177d000 rw-p 00000000 00:00 0 
7f40c177d000-7f40c177e000 r--p 00025000 08:02 8126479                    /lib/x86_64-linux-gnu/ld-2.24.so
7f40c177e000-7f40c177f000 rw-p 00026000 08:02 8126479                    /lib/x86_64-linux-gnu/ld-2.24.so
7f40c177f000-7f40c1780000 rw-p 00000000 00:00 0 
7ffc09577000-7ffc09598000 rw-p 00000000 00:00 0                          [stack]
7ffc095be000-7ffc095c0000 r--p 00000000 00:00 0                          [vvar]
7ffc095c0000-7ffc095c2000 r-xp 00000000 00:00 0                          [vdso]
ffffffffff600000-ffffffffff601000 r-xp 00000000 00:00 0                  [vsyscall]

VM Arguments:
jvm_args: -Dclassworlds.conf=/home/gabriel/netbeans-8.2/java/maven/bin/m2.conf -Dmaven.home=/home/gabriel/netbeans-8.2/java/maven 
java_command: org.codehaus.plexus.classworlds.launcher.Launcher -Dmaven.ext.class.path=/home/gabriel/netbeans-8.2/java/maven-nblib/netbeans-eventspy.jar clean install
java_class_path (initial): /home/gabriel/netbeans-8.2/java/maven/boot/plexus-classworlds-2.4.jar
Launcher Type: SUN_STANDARD

Environment Variables:
JAVA_HOME=/usr/lib/jvm/java-8-oracle
PATH=/usr/local/sbin:/usr/local/bin:/usr/sbin:/usr/bin:/sbin:/bin:/usr/games:/usr/local/games:/snap/bin:/usr/lib/jvm/java-8-oracle/bin:/usr/lib/jvm/java-8-oracle/db/bin:/usr/lib/jvm/java-8-oracle/jre/bin
LD_LIBRARY_PATH=/usr/lib/jvm/java-8-oracle/jre/lib/amd64:/usr/lib/jvm/java-8-oracle/jre/lib/i386:
SHELL=/bin/bash
DISPLAY=:0

Signal Handlers:
SIGSEGV: [libjvm.so+0xacba10], sa_mask[0]=11111111011111111101111111111110, sa_flags=SA_RESTART|SA_SIGINFO
SIGBUS: [libjvm.so+0xacba10], sa_mask[0]=11111111011111111101111111111110, sa_flags=SA_RESTART|SA_SIGINFO
SIGFPE: [libjvm.so+0x924ba0], sa_mask[0]=11111111011111111101111111111110, sa_flags=SA_RESTART|SA_SIGINFO
SIGPIPE: [libjvm.so+0x924ba0], sa_mask[0]=11111111011111111101111111111110, sa_flags=SA_RESTART|SA_SIGINFO
SIGXFSZ: [libjvm.so+0x924ba0], sa_mask[0]=11111111011111111101111111111110, sa_flags=SA_RESTART|SA_SIGINFO
SIGILL: [libjvm.so+0x924ba0], sa_mask[0]=11111111011111111101111111111110, sa_flags=SA_RESTART|SA_SIGINFO
SIGUSR1: SIG_DFL, sa_mask[0]=00000000000000000000000000000000, sa_flags=none
SIGUSR2: [libjvm.so+0x9263e0], sa_mask[0]=00100000000000000000000000000000, sa_flags=SA_RESTART|SA_SIGINFO
SIGHUP: [libjvm.so+0x9277e0], sa_mask[0]=11111111011111111101111111111110, sa_flags=SA_RESTART|SA_SIGINFO
SIGINT: SIG_IGN, sa_mask[0]=00000000000000000000000000000000, sa_flags=none
SIGTERM: [libjvm.so+0x9277e0], sa_mask[0]=11111111011111111101111111111110, sa_flags=SA_RESTART|SA_SIGINFO
SIGQUIT: [libjvm.so+0x9277e0], sa_mask[0]=11111111011111111101111111111110, sa_flags=SA_RESTART|SA_SIGINFO


---------------  S Y S T E M  ---------------

OS:DISTRIB_ID=Ubuntu
DISTRIB_RELEASE=17.04
DISTRIB_CODENAME=zesty
DISTRIB_DESCRIPTION="Ubuntu 17.04"

uname:Linux 4.10.0-35-generic #39-Ubuntu SMP Wed Sep 13 07:46:59 UTC 2017 x86_64
libc:glibc 2.24 NPTL 2.24 
rlimit: STACK 8192k, CORE 0k, NPROC 31120, NOFILE 4096, AS infinity
load average:2,93 1,01 0,59

/proc/meminfo:
MemTotal:        8075780 kB
MemFree:          120968 kB
MemAvailable:      10188 kB
Buffers:             856 kB
Cached:           370312 kB
SwapCached:        11532 kB
Active:          6793208 kB
Inactive:         870100 kB
Active(anon):    6790384 kB
Inactive(anon):   866968 kB
Active(file):       2824 kB
Inactive(file):     3132 kB
Unevictable:         368 kB
Mlocked:             368 kB
SwapTotal:       2097148 kB
SwapFree:              0 kB
Dirty:               252 kB
Writeback:             0 kB
AnonPages:       7281692 kB
Mapped:           225260 kB
Shmem:            364768 kB
Slab:             105208 kB
SReclaimable:      46252 kB
SUnreclaim:        58956 kB
KernelStack:       20144 kB
PageTables:        85536 kB
NFS_Unstable:          0 kB
Bounce:                0 kB
WritebackTmp:          0 kB
CommitLimit:     6135036 kB
Committed_AS:   16257132 kB
VmallocTotal:   34359738367 kB
VmallocUsed:           0 kB
VmallocChunk:          0 kB
HardwareCorrupted:     0 kB
AnonHugePages:   2525184 kB
ShmemHugePages:        0 kB
ShmemPmdMapped:        0 kB
CmaTotal:              0 kB
CmaFree:               0 kB
HugePages_Total:       0
HugePages_Free:        0
HugePages_Rsvd:        0
HugePages_Surp:        0
Hugepagesize:       2048 kB
DirectMap4k:      263648 kB
DirectMap2M:     8028160 kB
DirectMap1G:           0 kB


CPU:total 4 (initial active 4) (2 cores per cpu, 2 threads per core) family 6 model 69 stepping 1, cmov, cx8, fxsr, mmx, sse, sse2, sse3, ssse3, sse4.1, sse4.2, popcnt, avx, avx2, aes, clmul, erms, lzcnt, ht, tsc, tscinvbit, bmi1, bmi2

/proc/cpuinfo:
processor	: 0
vendor_id	: GenuineIntel
cpu family	: 6
model		: 69
model name	: Intel(R) Core(TM) i7-4500U CPU @ 1.80GHz
stepping	: 1
microcode	: 0x20
cpu MHz		: 2571.972
cache size	: 4096 KB
physical id	: 0
siblings	: 4
core id		: 0
cpu cores	: 2
apicid		: 0
initial apicid	: 0
fpu		: yes
fpu_exception	: yes
cpuid level	: 13
wp		: yes
flags		: fpu vme de pse tsc msr pae mce cx8 apic sep mtrr pge mca cmov pat pse36 clflush dts acpi mmx fxsr sse sse2 ss ht tm pbe syscall nx pdpe1gb rdtscp lm constant_tsc arch_perfmon pebs bts rep_good nopl xtopology nonstop_tsc aperfmperf pni pclmulqdq dtes64 monitor ds_cpl vmx est tm2 ssse3 sdbg fma cx16 xtpr pdcm pcid sse4_1 sse4_2 movbe popcnt tsc_deadline_timer aes xsave avx f16c rdrand lahf_lm abm epb tpr_shadow vnmi flexpriority ept vpid fsgsbase tsc_adjust bmi1 avx2 smep bmi2 erms invpcid xsaveopt dtherm ida arat pln pts
bugs		:
bogomips	: 4788.81
clflush size	: 64
cache_alignment	: 64
address sizes	: 39 bits physical, 48 bits virtual
power management:

processor	: 1
vendor_id	: GenuineIntel
cpu family	: 6
model		: 69
model name	: Intel(R) Core(TM) i7-4500U CPU @ 1.80GHz
stepping	: 1
microcode	: 0x20
cpu MHz		: 2129.736
cache size	: 4096 KB
physical id	: 0
siblings	: 4
core id		: 0
cpu cores	: 2
apicid		: 1
initial apicid	: 1
fpu		: yes
fpu_exception	: yes
cpuid level	: 13
wp		: yes
flags		: fpu vme de pse tsc msr pae mce cx8 apic sep mtrr pge mca cmov pat pse36 clflush dts acpi mmx fxsr sse sse2 ss ht tm pbe syscall nx pdpe1gb rdtscp lm constant_tsc arch_perfmon pebs bts rep_good nopl xtopology nonstop_tsc aperfmperf pni pclmulqdq dtes64 monitor ds_cpl vmx est tm2 ssse3 sdbg fma cx16 xtpr pdcm pcid sse4_1 sse4_2 movbe popcnt tsc_deadline_timer aes xsave avx f16c rdrand lahf_lm abm epb tpr_shadow vnmi flexpriority ept vpid fsgsbase tsc_adjust bmi1 avx2 smep bmi2 erms invpcid xsaveopt dtherm ida arat pln pts
bugs		:
bogomips	: 4788.81
clflush size	: 64
cache_alignment	: 64
address sizes	: 39 bits physical, 48 bits virtual
power management:

processor	: 2
vendor_id	: GenuineIntel
cpu family	: 6
model		: 69
model name	: Intel(R) Core(TM) i7-4500U CPU @ 1.80GHz
stepping	: 1
microcode	: 0x20
cpu MHz		: 2356.787
cache size	: 4096 KB
physical id	: 0
siblings	: 4
core id		: 1
cpu cores	: 2
apicid		: 2
initial apicid	: 2
fpu		: yes
fpu_exception	: yes
cpuid level	: 13
wp		: yes
flags		: fpu vme de pse tsc msr pae mce cx8 apic sep mtrr pge mca cmov pat pse36 clflush dts acpi mmx fxsr sse sse2 ss ht tm pbe syscall nx pdpe1gb rdtscp lm constant_tsc arch_perfmon pebs bts rep_good nopl xtopology nonstop_tsc aperfmperf pni pclmulqdq dtes64 monitor ds_cpl vmx est tm2 ssse3 sdbg fma cx16 xtpr pdcm pcid sse4_1 sse4_2 movbe popcnt tsc_deadline_timer aes xsave avx f16c rdrand lahf_lm abm epb tpr_shadow vnmi flexpriority ept vpid fsgsbase tsc_adjust bmi1 avx2 smep bmi2 erms invpcid xsaveopt dtherm ida arat pln pts
bugs		:
bogomips	: 4788.81
clflush size	: 64
cache_alignment	: 64
address sizes	: 39 bits physical, 48 bits virtual
power management:

processor	: 3
vendor_id	: GenuineIntel
cpu family	: 6
model		: 69
model name	: Intel(R) Core(TM) i7-4500U CPU @ 1.80GHz
stepping	: 1
microcode	: 0x20
cpu MHz		: 2396.337
cache size	: 4096 KB
physical id	: 0
siblings	: 4
core id		: 1
cpu cores	: 2
apicid		: 3
initial apicid	: 3
fpu		: yes
fpu_exception	: yes
cpuid level	: 13
wp		: yes
flags		: fpu vme de pse tsc msr pae mce cx8 apic sep mtrr pge mca cmov pat pse36 clflush dts acpi mmx fxsr sse sse2 ss ht tm pbe syscall nx pdpe1gb rdtscp lm constant_tsc arch_perfmon pebs bts rep_good nopl xtopology nonstop_tsc aperfmperf pni pclmulqdq dtes64 monitor ds_cpl vmx est tm2 ssse3 sdbg fma cx16 xtpr pdcm pcid sse4_1 sse4_2 movbe popcnt tsc_deadline_timer aes xsave avx f16c rdrand lahf_lm abm epb tpr_shadow vnmi flexpriority ept vpid fsgsbase tsc_adjust bmi1 avx2 smep bmi2 erms invpcid xsaveopt dtherm ida arat pln pts
bugs		:
bogomips	: 4788.81
clflush size	: 64
cache_alignment	: 64
address sizes	: 39 bits physical, 48 bits virtual
power management:



Memory: 4k page, physical 8075780k(121312k free), swap 2097148k(0k free)

vm_info: Java HotSpot(TM) 64-Bit Server VM (25.144-b01) for linux-amd64 JRE (1.8.0_144-b01), built on Jul 21 2017 21:57:33 by "java_re" with gcc 4.3.0 20080428 (Red Hat 4.3.0-8)

time: Thu Sep 28 14:18:33 2017
elapsed time: 4 seconds (0d 0h 0m 4s)

