#
# There is insufficient memory for the Java Runtime Environment to continue.
# Native memory allocation (mmap) failed to map 118489088 bytes for committing reserved memory.
# Possible reasons:
#   The system is out of physical RAM or swap space
#   In 32 bit mode, the process size limit was hit
# Possible solutions:
#   Reduce memory load on the system
#   Increase physical memory or swap space
#   Check if swap backing store is full
#   Use 64 bit Java on a 64 bit OS
#   Decrease Java heap size (-Xmx/-Xms)
#   Decrease number of Java threads
#   Decrease Java thread stack sizes (-Xss)
#   Set larger code cache with -XX:ReservedCodeCacheSize=
# This output file may be truncated or incomplete.
#
#  Out of Memory Error (os_linux.cpp:2640), pid=15337, tid=0x00007f0916819700
#
# JRE version: Java(TM) SE Runtime Environment (8.0_144-b01) (build 1.8.0_144-b01)
# Java VM: Java HotSpot(TM) 64-Bit Server VM (25.144-b01 mixed mode linux-amd64 compressed oops)
# Failed to write core dump. Core dumps have been disabled. To enable core dumping, try "ulimit -c unlimited" before starting Java again
#

---------------  T H R E A D  ---------------

Current thread (0x00007f0934077800):  VMThread [stack: 0x00007f0916719000,0x00007f091681a000] [id=15345]

Stack: [0x00007f0916719000,0x00007f091681a000],  sp=0x00007f0916818080,  free space=1020k
Native frames: (J=compiled Java code, j=interpreted, Vv=VM code, C=native code)
V  [libjvm.so+0xacb18a]  VMError::report_and_die()+0x2ba
V  [libjvm.so+0x4ff4db]  report_vm_out_of_memory(char const*, int, unsigned long, VMErrorType, char const*)+0x8b
V  [libjvm.so+0x927d23]  os::Linux::commit_memory_impl(char*, unsigned long, bool)+0x103
V  [libjvm.so+0x928279]  os::pd_commit_memory(char*, unsigned long, unsigned long, bool)+0x29
V  [libjvm.so+0x92249a]  os::commit_memory(char*, unsigned long, unsigned long, bool)+0x2a
V  [libjvm.so+0x996ff3]  PSVirtualSpace::expand_by(unsigned long)+0x53
V  [libjvm.so+0x9983f8]  PSYoungGen::resize_generation(unsigned long, unsigned long)+0xf8
V  [libjvm.so+0x997552]  PSYoungGen::resize(unsigned long, unsigned long)+0x22
V  [libjvm.so+0x99482b]  PSScavenge::invoke_no_policy()+0xf3b
V  [libjvm.so+0x98fad5]  PSParallelCompact::invoke(bool)+0x85
V  [libjvm.so+0x485f14]  CollectedHeap::collect_as_vm_thread(GCCause::Cause)+0x114
V  [libjvm.so+0xacc601]  VM_CollectForMetadataAllocation::doit()+0x161
V  [libjvm.so+0xad4685]  VM_Operation::evaluate()+0x55
V  [libjvm.so+0xad2a5a]  VMThread::evaluate_operation(VM_Operation*)+0xba
V  [libjvm.so+0xad2dde]  VMThread::loop()+0x1ce
V  [libjvm.so+0xad3250]  VMThread::run()+0x70
V  [libjvm.so+0x92a338]  java_start(Thread*)+0x108

VM_Operation (0x00007f093b1d96f0): CollectForMetadataAllocation, mode: safepoint, requested by thread 0x00007f093400a000


---------------  P R O C E S S  ---------------

Java Threads: ( => current thread )
  0x00007f0934648000 JavaThread "process reaper" daemon [_thread_blocked, id=15355, stack(0x00007f09157a6000,0x00007f09157df000)]
  0x00007f09340c0800 JavaThread "Service Thread" daemon [_thread_blocked, id=15352, stack(0x00007f0915d35000,0x00007f0915e36000)]
  0x00007f09340bd000 JavaThread "C1 CompilerThread2" daemon [_thread_blocked, id=15351, stack(0x00007f0915e36000,0x00007f0915f37000)]
  0x00007f09340bb800 JavaThread "C2 CompilerThread1" daemon [_thread_blocked, id=15350, stack(0x00007f0915f37000,0x00007f0916038000)]
  0x00007f09340b8800 JavaThread "C2 CompilerThread0" daemon [_thread_blocked, id=15349, stack(0x00007f0916038000,0x00007f0916139000)]
  0x00007f09340b7000 JavaThread "Signal Dispatcher" daemon [_thread_blocked, id=15348, stack(0x00007f0916139000,0x00007f091623a000)]
  0x00007f0934084000 JavaThread "Finalizer" daemon [_thread_blocked, id=15347, stack(0x00007f0916517000,0x00007f0916618000)]
  0x00007f093407f800 JavaThread "Reference Handler" daemon [_thread_blocked, id=15346, stack(0x00007f0916618000,0x00007f0916719000)]
  0x00007f093400a000 JavaThread "main" [_thread_blocked, id=15340, stack(0x00007f093b0dc000,0x00007f093b1dd000)]

Other Threads:
=>0x00007f0934077800 VMThread [stack: 0x00007f0916719000,0x00007f091681a000] [id=15345]
  0x00007f09340c3000 WatcherThread [stack: 0x00007f0915c34000,0x00007f0915d35000] [id=15353]

VM state:at safepoint (normal execution)

VM Mutex/Monitor currently owned by a thread:  ([mutex/lock_event])
[0x00007f09340061c0] Threads_lock - owner thread: 0x00007f0934077800
[0x00007f09340066c0] Heap_lock - owner thread: 0x00007f093400a000
[0x00007f0934006c40] MethodData_lock - owner thread: 0x00007f093400a000

Heap:
 PSYoungGen      total 136192K, used 7831K [0x00000000d6f00000, 0x00000000e0700000, 0x0000000100000000)
  eden space 121856K, 0% used [0x00000000d6f00000,0x00000000d6f00000,0x00000000de600000)
  from space 14336K, 54% used [0x00000000de600000,0x00000000deda5ef8,0x00000000df400000)
  to   space 9216K, 0% used [0x00000000df400000,0x00000000df400000,0x00000000dfd00000)
 ParOldGen       total 84992K, used 17099K [0x0000000084c00000, 0x0000000089f00000, 0x00000000d6f00000)
  object space 84992K, 20% used [0x0000000084c00000,0x0000000085cb2e68,0x0000000089f00000)
 Metaspace       used 20644K, capacity 21116K, committed 21296K, reserved 1069056K
  class space    used 2432K, capacity 2598K, committed 2688K, reserved 1048576K

Card table byte_map: [0x00007f0924865000,0x00007f0924c40000] byte_map_base: 0x00007f092443f000

Marking Bits: (ParMarkBitMap*) 0x00007f093a5abdc0
 Begin Bits: [0x00007f091c260000, 0x00007f091e130000)
 End Bits:   [0x00007f091e130000, 0x00007f0920000000)

Polling page: 0x00007f093b1f9000

CodeCache: size=245760Kb used=12519Kb max_used=12524Kb free=233240Kb
 bounds [0x00007f0925000000, 0x00007f0925c50000, 0x00007f0934000000]
 total_blobs=4025 nmethods=3655 adapters=283
 compilation: enabled

Compilation events (10 events):
Event: 4,402 Thread 0x00007f09340bd000 3660       3       java.util.Formatter::checkText (58 bytes)
Event: 4,403 Thread 0x00007f09340bd000 nmethod 3660 0x00007f0925c3d510 code [0x00007f0925c3d700, 0x00007f0925c3e0a8]
Event: 4,403 Thread 0x00007f09340bd000 3657       3       com.sun.tools.javac.comp.AttrContext::dup (9 bytes)
Event: 4,403 Thread 0x00007f09340bd000 nmethod 3657 0x00007f0925c3d110 code [0x00007f0925c3d280, 0x00007f0925c3d428]
Event: 4,404 Thread 0x00007f09340bd000 3665       3       com.sun.tools.javac.tree.JCTree::getTree (2 bytes)
Event: 4,404 Thread 0x00007f09340bd000 nmethod 3665 0x00007f0925c3c390 code [0x00007f0925c3c4e0, 0x00007f0925c3c630]
Event: 4,404 Thread 0x00007f09340bd000 3661       3       java.util.Locale::getCountry (8 bytes)
Event: 4,404 Thread 0x00007f09340bd000 nmethod 3661 0x00007f0925c3bf90 code [0x00007f0925c3c100, 0x00007f0925c3c2f0]
Event: 4,404 Thread 0x00007f09340bd000 3663       3       sun.util.locale.provider.LocaleProviderAdapter::getAdapter (171 bytes)
Event: 4,407 Thread 0x00007f09340bb800 3662       4       com.sun.tools.javac.code.Types::isSubtype (186 bytes)

GC Heap History (10 events):
Event: 1,365 GC heap after
Heap after GC invocations=2 (full 0):
 PSYoungGen      total 36864K, used 5097K [0x00000000d6f00000, 0x00000000db700000, 0x0000000100000000)
  eden space 31744K, 0% used [0x00000000d6f00000,0x00000000d6f00000,0x00000000d8e00000)
  from space 5120K, 99% used [0x00000000d9300000,0x00000000d97fa5a0,0x00000000d9800000)
  to   space 5120K, 0% used [0x00000000d8e00000,0x00000000d8e00000,0x00000000d9300000)
 ParOldGen       total 84992K, used 1882K [0x0000000084c00000, 0x0000000089f00000, 0x00000000d6f00000)
  object space 84992K, 2% used [0x0000000084c00000,0x0000000084dd6938,0x0000000089f00000)
 Metaspace       used 13080K, capacity 13426K, committed 13568K, reserved 1060864K
  class space    used 1613K, capacity 1725K, committed 1792K, reserved 1048576K
}
Event: 1,910 GC heap before
{Heap before GC invocations=3 (full 0):
 PSYoungGen      total 36864K, used 36841K [0x00000000d6f00000, 0x00000000db700000, 0x0000000100000000)
  eden space 31744K, 100% used [0x00000000d6f00000,0x00000000d8e00000,0x00000000d8e00000)
  from space 5120K, 99% used [0x00000000d9300000,0x00000000d97fa5a0,0x00000000d9800000)
  to   space 5120K, 0% used [0x00000000d8e00000,0x00000000d8e00000,0x00000000d9300000)
 ParOldGen       total 84992K, used 1882K [0x0000000084c00000, 0x0000000089f00000, 0x00000000d6f00000)
  object space 84992K, 2% used [0x0000000084c00000,0x0000000084dd6938,0x0000000089f00000)
 Metaspace       used 13553K, capacity 13960K, committed 14080K, reserved 1060864K
  class space    used 1646K, capacity 1766K, committed 1792K, reserved 1048576K
Event: 1,938 GC heap after
Heap after GC invocations=3 (full 0):
 PSYoungGen      total 36864K, used 5088K [0x00000000d6f00000, 0x00000000db700000, 0x0000000100000000)
  eden space 31744K, 0% used [0x00000000d6f00000,0x00000000d6f00000,0x00000000d8e00000)
  from space 5120K, 99% used [0x00000000d8e00000,0x00000000d92f8020,0x00000000d9300000)
  to   space 5120K, 0% used [0x00000000db200000,0x00000000db200000,0x00000000db700000)
 ParOldGen       total 84992K, used 2563K [0x0000000084c00000, 0x0000000089f00000, 0x00000000d6f00000)
  object space 84992K, 3% used [0x0000000084c00000,0x0000000084e80cf8,0x0000000089f00000)
 Metaspace       used 13553K, capacity 13960K, committed 14080K, reserved 1060864K
  class space    used 1646K, capacity 1766K, committed 1792K, reserved 1048576K
}
Event: 2,362 GC heap before
{Heap before GC invocations=4 (full 0):
 PSYoungGen      total 36864K, used 36832K [0x00000000d6f00000, 0x00000000db700000, 0x0000000100000000)
  eden space 31744K, 100% used [0x00000000d6f00000,0x00000000d8e00000,0x00000000d8e00000)
  from space 5120K, 99% used [0x00000000d8e00000,0x00000000d92f8020,0x00000000d9300000)
  to   space 5120K, 0% used [0x00000000db200000,0x00000000db200000,0x00000000db700000)
 ParOldGen       total 84992K, used 2563K [0x0000000084c00000, 0x0000000089f00000, 0x00000000d6f00000)
  object space 84992K, 3% used [0x0000000084c00000,0x0000000084e80cf8,0x0000000089f00000)
 Metaspace       used 14081K, capacity 14464K, committed 14720K, reserved 1062912K
  class space    used 1704K, capacity 1806K, committed 1920K, reserved 1048576K
Event: 2,377 GC heap after
Heap after GC invocations=4 (full 0):
 PSYoungGen      total 68608K, used 5104K [0x00000000d6f00000, 0x00000000db700000, 0x0000000100000000)
  eden space 63488K, 0% used [0x00000000d6f00000,0x00000000d6f00000,0x00000000dad00000)
  from space 5120K, 99% used [0x00000000db200000,0x00000000db6fc010,0x00000000db700000)
  to   space 5120K, 0% used [0x00000000dad00000,0x00000000dad00000,0x00000000db200000)
 ParOldGen       total 84992K, used 4198K [0x0000000084c00000, 0x0000000089f00000, 0x00000000d6f00000)
  object space 84992K, 4% used [0x0000000084c00000,0x00000000850198a8,0x0000000089f00000)
 Metaspace       used 14081K, capacity 14464K, committed 14720K, reserved 1062912K
  class space    used 1704K, capacity 1806K, committed 1920K, reserved 1048576K
}
Event: 3,064 GC heap before
{Heap before GC invocations=5 (full 0):
 PSYoungGen      total 68608K, used 68576K [0x00000000d6f00000, 0x00000000db700000, 0x0000000100000000)
  eden space 63488K, 99% used [0x00000000d6f00000,0x00000000dacfc2e8,0x00000000dad00000)
  from space 5120K, 99% used [0x00000000db200000,0x00000000db6fc010,0x00000000db700000)
  to   space 5120K, 0% used [0x00000000dad00000,0x00000000dad00000,0x00000000db200000)
 ParOldGen       total 84992K, used 4198K [0x0000000084c00000, 0x0000000089f00000, 0x00000000d6f00000)
  object space 84992K, 4% used [0x0000000084c00000,0x00000000850198a8,0x0000000089f00000)
 Metaspace       used 18529K, capacity 19004K, committed 19072K, reserved 1067008K
  class space    used 2269K, capacity 2406K, committed 2432K, reserved 1048576K
Event: 3,085 GC heap after
Heap after GC invocations=5 (full 0):
 PSYoungGen      total 68608K, used 5114K [0x00000000d6f00000, 0x00000000dfd00000, 0x0000000100000000)
  eden space 63488K, 0% used [0x00000000d6f00000,0x00000000d6f00000,0x00000000dad00000)
  from space 5120K, 99% used [0x00000000dad00000,0x00000000db1fe8a0,0x00000000db200000)
  to   space 9216K, 0% used [0x00000000df400000,0x00000000df400000,0x00000000dfd00000)
 ParOldGen       total 84992K, used 7507K [0x0000000084c00000, 0x0000000089f00000, 0x00000000d6f00000)
  object space 84992K, 8% used [0x0000000084c00000,0x0000000085354f80,0x0000000089f00000)
 Metaspace       used 18529K, capacity 19004K, committed 19072K, reserved 1067008K
  class space    used 2269K, capacity 2406K, committed 2432K, reserved 1048576K
}
Event: 3,803 GC heap before
{Heap before GC invocations=6 (full 0):
 PSYoungGen      total 68608K, used 68602K [0x00000000d6f00000, 0x00000000dfd00000, 0x0000000100000000)
  eden space 63488K, 100% used [0x00000000d6f00000,0x00000000dad00000,0x00000000dad00000)
  from space 5120K, 99% used [0x00000000dad00000,0x00000000db1fe8a0,0x00000000db200000)
  to   space 9216K, 0% used [0x00000000df400000,0x00000000df400000,0x00000000dfd00000)
 ParOldGen       total 84992K, used 7507K [0x0000000084c00000, 0x0000000089f00000, 0x00000000d6f00000)
  object space 84992K, 8% used [0x0000000084c00000,0x0000000085354f80,0x0000000089f00000)
 Metaspace       used 20141K, capacity 20604K, committed 20736K, reserved 1067008K
  class space    used 2404K, capacity 2534K, committed 2560K, reserved 1048576K
Event: 3,882 GC heap after
Heap after GC invocations=6 (full 0):
 PSYoungGen      total 131072K, used 9207K [0x00000000d6f00000, 0x00000000e0700000, 0x0000000100000000)
  eden space 121856K, 0% used [0x00000000d6f00000,0x00000000d6f00000,0x00000000de600000)
  from space 9216K, 99% used [0x00000000df400000,0x00000000dfcfdf08,0x00000000dfd00000)
  to   space 14336K, 0% used [0x00000000de600000,0x00000000de600000,0x00000000df400000)
 ParOldGen       total 84992K, used 15203K [0x0000000084c00000, 0x0000000089f00000, 0x00000000d6f00000)
  object space 84992K, 17% used [0x0000000084c00000,0x0000000085ad8e08,0x0000000089f00000)
 Metaspace       used 20141K, capacity 20604K, committed 20736K, reserved 1067008K
  class space    used 2404K, capacity 2534K, committed 2560K, reserved 1048576K
}
Event: 4,410 GC heap before
{Heap before GC invocations=7 (full 0):
 PSYoungGen      total 131072K, used 16593K [0x00000000d6f00000, 0x00000000e0700000, 0x0000000100000000)
  eden space 121856K, 6% used [0x00000000d6f00000,0x00000000d7636768,0x00000000de600000)
  from space 9216K, 99% used [0x00000000df400000,0x00000000dfcfdf08,0x00000000dfd00000)
  to   space 14336K, 0% used [0x00000000de600000,0x00000000de600000,0x00000000df400000)
 ParOldGen       total 84992K, used 15203K [0x0000000084c00000, 0x0000000089f00000, 0x00000000d6f00000)
  object space 84992K, 17% used [0x0000000084c00000,0x0000000085ad8e08,0x0000000089f00000)
 Metaspace       used 20644K, capacity 21116K, committed 21296K, reserved 1069056K
  class space    used 2432K, capacity 2598K, committed 2688K, reserved 1048576K

Deoptimization events (10 events):
Event: 3,683 Thread 0x00007f093400a000 Uncommon trap: reason=bimorphic action=maybe_recompile pc=0x00007f092582f0b8 method=java.util.HashMap.putVal(ILjava/lang/Object;Ljava/lang/Object;ZZ)Ljava/lang/Object; @ 253
Event: 3,687 Thread 0x00007f093400a000 Uncommon trap: reason=unstable_if action=reinterpret pc=0x00007f0925a8efe8 method=com.sun.tools.javac.code.Scope.enter(Lcom/sun/tools/javac/code/Symbol;Lcom/sun/tools/javac/code/Scope;Lcom/sun/tools/javac/code/Scope;Z)V @ 116
Event: 3,758 Thread 0x00007f093400a000 Uncommon trap: reason=unstable_if action=reinterpret pc=0x00007f0925a34f74 method=com.sun.tools.javac.util.Convert.chars2utf([CI[BII)I @ 35
Event: 3,892 Thread 0x00007f093400a000 Uncommon trap: reason=unstable_if action=reinterpret pc=0x00007f092590661c method=com.sun.tools.javac.util.IntHashTable.lookup(Ljava/lang/Object;I)I @ 67
Event: 3,892 Thread 0x00007f093400a000 Uncommon trap: reason=unstable_if action=reinterpret pc=0x00007f0925905e14 method=com.sun.tools.javac.util.IntHashTable.putAtIndex(Ljava/lang/Object;II)I @ 18
Event: 4,051 Thread 0x00007f093400a000 Uncommon trap: reason=class_check action=maybe_recompile pc=0x00007f0925ade224 method=com.sun.tools.javac.code.Type.containsAny(Lcom/sun/tools/javac/util/List;)Z @ 6
Event: 4,053 Thread 0x00007f093400a000 Uncommon trap: reason=class_check action=maybe_recompile pc=0x00007f0925ade224 method=com.sun.tools.javac.code.Type.containsAny(Lcom/sun/tools/javac/util/List;)Z @ 6
Event: 4,053 Thread 0x00007f093400a000 Uncommon trap: reason=class_check action=maybe_recompile pc=0x00007f0925ade224 method=com.sun.tools.javac.code.Type.containsAny(Lcom/sun/tools/javac/util/List;)Z @ 6
Event: 4,060 Thread 0x00007f093400a000 Uncommon trap: reason=class_check action=maybe_recompile pc=0x00007f0925ade224 method=com.sun.tools.javac.code.Type.containsAny(Lcom/sun/tools/javac/util/List;)Z @ 6
Event: 4,180 Thread 0x00007f093400a000 Uncommon trap: reason=class_check action=maybe_recompile pc=0x00007f0925ba75f4 method=com.sun.tools.javac.code.Type.containsAny(Lcom/sun/tools/javac/util/List;)Z @ 6

Internal exceptions (10 events):
Event: 1,336 Thread 0x00007f093400a000 Implicit null exception at 0x00007f09253b6f75 to 0x00007f09253b717d
Event: 1,336 Thread 0x00007f093400a000 Implicit null exception at 0x00007f09252f136f to 0x00007f09252f13d9
Event: 1,543 Thread 0x00007f093400a000 Implicit null exception at 0x00007f0925561a49 to 0x00007f0925562575
Event: 1,906 Thread 0x00007f093400a000 Implicit null exception at 0x00007f0925387c3b to 0x00007f0925388211
Event: 2,013 Thread 0x00007f093400a000 Exception <a 'java/lang/NoClassDefFoundError': org/slf4j/Logger> (0x00000000d734c3f8) thrown at [/HUDSON3/workspace/8-2-build-linux-amd64/jdk8u144/9417/hotspot/src/share/vm/oops/constantPool.cpp, line 235]
Event: 2,481 Thread 0x00007f093400a000 Exception <a 'java/lang/NoClassDefFoundError': org/slf4j/Logger> (0x00000000d798b468) thrown at [/HUDSON3/workspace/8-2-build-linux-amd64/jdk8u144/9417/hotspot/src/share/vm/oops/constantPool.cpp, line 235]
Event: 2,685 Thread 0x00007f093400a000 Exception <a 'java/lang/NoClassDefFoundError': org/slf4j/Logger> (0x00000000d8ddbe70) thrown at [/HUDSON3/workspace/8-2-build-linux-amd64/jdk8u144/9417/hotspot/src/share/vm/oops/constantPool.cpp, line 235]
Event: 2,744 Thread 0x00007f093400a000 Exception <a 'java/lang/ClassNotFoundException': com/sun/tools/javac/api/JavacTool> (0x00000000d91ffaf0) thrown at [/HUDSON3/workspace/8-2-build-linux-amd64/jdk8u144/9417/hotspot/src/share/vm/classfile/systemDictionary.cpp, line 210]
Event: 3,340 Thread 0x00007f093400a000 Exception <a 'java/io/FileNotFoundException'> (0x00000000d944a810) thrown at [/HUDSON3/workspace/8-2-build-linux-amd64/jdk8u144/9417/hotspot/src/share/vm/prims/jni.cpp, line 709]
Event: 3,343 Thread 0x00007f093400a000 Exception <a 'java/io/FileNotFoundException'> (0x00000000d947f990) thrown at [/HUDSON3/workspace/8-2-build-linux-amd64/jdk8u144/9417/hotspot/src/share/vm/prims/jni.cpp, line 709]

Events (10 events):
Event: 4,089 loading class com/sun/tools/javac/comp/Infer$IncorporationBinaryOp
Event: 4,089 loading class com/sun/tools/javac/comp/Infer$IncorporationBinaryOp done
Event: 4,116 Executing VM operation: EnableBiasedLocking
Event: 4,125 Executing VM operation: EnableBiasedLocking done
Event: 4,180 Thread 0x00007f093400a000 Uncommon trap: trap_request=0xffffffde fr.pc=0x00007f0925ba75f4
Event: 4,180 Thread 0x00007f093400a000 DEOPT PACKING pc=0x00007f0925ba75f4 sp=0x00007f093b1d8ea0
Event: 4,180 Thread 0x00007f093400a000 DEOPT UNPACKING pc=0x00007f0925005229 sp=0x00007f093b1d8dd8 mode 2
Event: 4,366 Executing VM operation: ForceSafepoint
Event: 4,366 Executing VM operation: ForceSafepoint done
Event: 4,408 Executing VM operation: CollectForMetadataAllocation


Dynamic libraries:
00400000-00401000 r-xp 00000000 08:02 13501868                           /usr/lib/jvm/java-8-oracle/bin/java
00600000-00601000 rw-p 00000000 08:02 13501868                           /usr/lib/jvm/java-8-oracle/bin/java
008fa000-0091b000 rw-p 00000000 00:00 0                                  [heap]
84c00000-89f00000 rw-p 00000000 00:00 0 
89f00000-d6f00000 ---p 00000000 00:00 0 
d6f00000-e0700000 rw-p 00000000 00:00 0 
e7800000-100000000 ---p 00000000 00:00 0 
100000000-1002a0000 rw-p 00000000 00:00 0 
1002a0000-140000000 ---p 00000000 00:00 0 
7f08e4000000-7f08e4021000 rw-p 00000000 00:00 0 
7f08e4021000-7f08e8000000 ---p 00000000 00:00 0 
7f08e8000000-7f08e8021000 rw-p 00000000 00:00 0 
7f08e8021000-7f08ec000000 ---p 00000000 00:00 0 
7f08ec000000-7f08ec887000 rw-p 00000000 00:00 0 
7f08ec887000-7f08f0000000 ---p 00000000 00:00 0 
7f08f0000000-7f08f0021000 rw-p 00000000 00:00 0 
7f08f0021000-7f08f4000000 ---p 00000000 00:00 0 
7f08f4000000-7f08f4bee000 rw-p 00000000 00:00 0 
7f08f4bee000-7f08f8000000 ---p 00000000 00:00 0 
7f08f8000000-7f08f8f44000 rw-p 00000000 00:00 0 
7f08f8f44000-7f08fc000000 ---p 00000000 00:00 0 
7f08fc000000-7f08fc021000 rw-p 00000000 00:00 0 
7f08fc021000-7f0900000000 ---p 00000000 00:00 0 
7f0900000000-7f0900021000 rw-p 00000000 00:00 0 
7f0900021000-7f0904000000 ---p 00000000 00:00 0 
7f0904000000-7f0904296000 rw-p 00000000 00:00 0 
7f0904296000-7f0908000000 ---p 00000000 00:00 0 
7f0908000000-7f0908021000 rw-p 00000000 00:00 0 
7f0908021000-7f090c000000 ---p 00000000 00:00 0 
7f090c000000-7f090c021000 rw-p 00000000 00:00 0 
7f090c021000-7f0910000000 ---p 00000000 00:00 0 
7f0910000000-7f0910022000 rw-p 00000000 00:00 0 
7f0910022000-7f0914000000 ---p 00000000 00:00 0 
7f09148b2000-7f09148de000 rw-p 00000000 00:00 0 
7f09148de000-7f0914ab2000 ---p 00000000 00:00 0 
7f0914ab2000-7f0914ab9000 r--s 00000000 08:02 13375401                   /usr/lib/x86_64-linux-gnu/gconv/gconv-modules.cache
7f0914ab9000-7f0914ada000 r--p 00000000 08:02 659782                     /usr/share/locale-langpack/pt_BR/LC_MESSAGES/libc.mo
7f0914ada000-7f0914adc000 r--s 0000d000 08:02 9963006                    /home/gabriel/.m2/repository/commons-logging/commons-logging/1.1.1/commons-logging-1.1.1.jar
7f0914adc000-7f0914ae4000 r--s 00034000 08:02 9962821                    /home/gabriel/.m2/repository/org/springframework/spring-tx/3.2.6.RELEASE/spring-tx-3.2.6.RELEASE.jar
7f0914ae4000-7f0914aee000 r--s 0005a000 08:02 9962785                    /home/gabriel/.m2/repository/org/springframework/spring-jdbc/3.2.6.RELEASE/spring-jdbc-3.2.6.RELEASE.jar
7f0914aee000-7f0914af7000 r--s 0004a000 08:02 9962744                    /home/gabriel/.m2/repository/org/springframework/spring-aop/3.2.8.RELEASE/spring-aop-3.2.8.RELEASE.jar
7f0914af7000-7f0914afe000 r--s 0005d000 08:02 9962732                    /home/gabriel/.m2/repository/org/springframework/security/spring-security-config/3.2.6.RELEASE/spring-security-config-3.2.6.RELEASE.jar
7f0914afe000-7f0914b0c000 r--s 0008c000 08:02 9962691                    /home/gabriel/.m2/repository/org/springframework/spring-web/3.2.8.RELEASE/spring-web-3.2.8.RELEASE.jar
7f0914b0c000-7f0914b10000 r--s 0002c000 08:02 9962690                    /home/gabriel/.m2/repository/org/springframework/spring-expression/3.2.8.RELEASE/spring-expression-3.2.8.RELEASE.jar
7f0914b10000-7f0914b22000 r--s 000c4000 08:02 9962549                    /home/gabriel/.m2/repository/org/springframework/spring-core/3.2.8.RELEASE/spring-core-3.2.8.RELEASE.jar
7f0914b22000-7f0914b37000 r--s 000bf000 08:02 9962545                    /home/gabriel/.m2/repository/org/springframework/spring-context/3.2.8.RELEASE/spring-context-3.2.8.RELEASE.jar
7f0914b37000-7f0914b43000 r--s 0008a000 08:02 9962544                    /home/gabriel/.m2/repository/org/springframework/spring-beans/3.2.8.RELEASE/spring-beans-3.2.8.RELEASE.jar
7f0914b43000-7f0914b4e000 r--s 0004f000 08:02 9962546                    /home/gabriel/.m2/repository/org/springframework/security/spring-security-core/3.2.6.RELEASE/spring-security-core-3.2.6.RELEASE.jar
7f0914b4e000-7f0914b50000 r--s 00000000 08:02 9962547                    /home/gabriel/.m2/repository/aopalliance/aopalliance/1.0/aopalliance-1.0.jar
7f0914b50000-7f0914b5a000 r--s 0004b000 08:02 9962543                    /home/gabriel/.m2/repository/org/springframework/security/spring-security-web/3.2.6.RELEASE/spring-security-web-3.2.6.RELEASE.jar
7f0914b5a000-7f0914b5c000 r--s 0000e000 08:02 7602850                    /home/gabriel/.m2/repository/com/fasterxml/classmate/1.3.1/classmate-1.3.1.jar
7f0914b5c000-7f0914b60000 r--s 0000c000 08:02 7738133                    /home/gabriel/.m2/repository/javax/validation/validation-api/1.1.0.Final/validation-api-1.1.0.Final.jar
7f0914b60000-7f0914b72000 r--s 000a9000 08:02 9962299                    /home/gabriel/.m2/repository/org/hibernate/hibernate-validator/5.4.1.Final/hibernate-validator-5.4.1.Final.jar
7f0914b72000-7f0914b74000 r--s 00011000 08:02 9961897                    /home/gabriel/.m2/repository/org/jboss/jandex/1.1.0.Final/jandex-1.1.0.Final.jar
7f0914b74000-7f0914b79000 r--s 00068000 08:02 7737865                    /home/gabriel/.m2/repository/antlr/antlr/2.7.7/antlr-2.7.7.jar
7f0914b79000-7f0914b83000 r--s 000a5000 08:02 9961896                    /home/gabriel/.m2/repository/org/javassist/javassist/3.18.1-GA/javassist-3.18.1-GA.jar
7f0914b83000-7f0914b88000 r--s 00017000 08:02 9961893                    /home/gabriel/.m2/repository/org/hibernate/javax/persistence/hibernate-jpa-2.1-api/1.0.0.Final/hibernate-jpa-2.1-api-1.0.0.Final.jar
7f0914b88000-7f0914b8b000 r--s 00010000 08:02 9961891                    /home/gabriel/.m2/repository/org/hibernate/common/hibernate-commons-annotations/4.0.4.Final/hibernate-commons-annotations-4.0.4.Final.jar
7f0914b8b000-7f0914b90000 r--s 00016000 08:02 7607986                    /home/gabriel/.m2/repository/xml-apis/xml-apis/1.0.b2/xml-apis-1.0.b2.jar
7f0914b90000-7f0914b95000 r--s 00048000 08:02 7607983                    /home/gabriel/.m2/repository/dom4j/dom4j/1.6.1/dom4j-1.6.1.jar
7f0914b95000-7f0914b96000 r--s 00006000 08:02 9961888                    /home/gabriel/.m2/repository/org/jboss/spec/javax/transaction/jboss-transaction-api_1.2_spec/1.0.0.Final/jboss-transaction-api_1.2_spec-1.0.0.Final.jar
7f0914b96000-7f0914b97000 r--s 00002000 08:02 9961887                    /home/gabriel/.m2/repository/org/jboss/logging/jboss-logging-annotations/1.2.0.Beta1/jboss-logging-annotations-1.2.0.Beta1.jar
7f0914b97000-7f0914b99000 r--s 0000c000 08:02 9961885                    /home/gabriel/.m2/repository/org/jboss/logging/jboss-logging/3.1.3.GA/jboss-logging-3.1.3.GA.jar
7f0914b99000-7f0914bf6000 r--s 0049f000 08:02 9961890                    /home/gabriel/.m2/repository/org/hibernate/hibernate-core/4.3.4.Final/hibernate-core-4.3.4.Final.jar
7f0914bf6000-7f0914c0d000 r--s 001d2000 08:02 9961886                    /home/gabriel/.m2/repository/mysql/mysql-connector-java/6.0.6/mysql-connector-java-6.0.6.jar
7f0914c0d000-7f0914c0f000 r--s 00003000 08:02 9050821                    /home/gabriel/.m2/repository/org/primefaces/themes/bootstrap/1.0.10/bootstrap-1.0.10.jar
7f0914c0f000-7f0914c3d000 r--s 003ab000 08:02 7868199                    /home/gabriel/.m2/repository/org/primefaces/primefaces/6.1/primefaces-6.1.jar
7f0914c3d000-7f0914c66000 r--s 002d4000 08:02 8524514                    /home/gabriel/.m2/repository/org/glassfish/javax.faces/2.2.10/javax.faces-2.2.10.jar
7f0914c66000-7f0914c68000 r--s 0000e000 08:02 8524577                    /home/gabriel/.m2/repository/javax/activation/activation/1.1/activation-1.1.jar
7f0914c68000-7f0914c70000 r--s 00078000 08:02 8524578                    /home/gabriel/.m2/repository/com/sun/mail/javax.mail/1.5.0/javax.mail-1.5.0.jar
7f0914c70000-7f0914ca4000 r--s 001a4000 08:02 8524576                    /home/gabriel/.m2/repository/javax/javaee-api/7.0/javaee-api-7.0.jar
7f0914ca4000-7f0914ea4000 rw-p 00000000 00:00 0 
7f0914ea4000-7f09150a4000 rw-p 00000000 00:00 0 
7f09150a4000-7f091511e000 r--s 010f7000 08:02 13246327                   /usr/lib/jvm/java-8-oracle/lib/tools.jar
7f091511e000-7f0915121000 r--s 0001b000 08:02 8262810                    /home/gabriel/.m2/repository/junit/junit/3.8.2/junit-3.8.2.jar
7f0915121000-7f091512f000 r--s 0008f000 08:02 8262809                    /home/gabriel/.m2/repository/com/google/collections/google-collections/1.0/google-collections-1.0.jar
7f091512f000-7f0915130000 r--s 0000a000 08:02 8134517                    /home/gabriel/.m2/repository/commons-logging/commons-logging-api/1.1/commons-logging-api-1.1.jar
7f0915130000-7f0915137000 r--s 00051000 08:02 8262807                    /home/gabriel/.m2/repository/log4j/log4j/1.2.12/log4j-1.2.12.jar
7f0915137000-7f091513b000 r--s 0001d000 08:02 8262806                    /home/gabriel/.m2/repository/org/apache/xbean/xbean-reflect/3.4/xbean-reflect-3.4.jar
7f091513b000-7f091513c000 r--s 00004000 08:02 8394323                    /home/gabriel/.m2/repository/org/codehaus/plexus/plexus-compiler-javac/2.2/plexus-compiler-javac-2.2.jar
7f091513c000-7f091513e000 r--s 00000000 08:02 8394321                    /home/gabriel/.m2/repository/org/codehaus/plexus/plexus-compiler-manager/2.2/plexus-compiler-manager-2.2.jar
7f091513e000-7f0915140000 r--s 00005000 08:02 8394320                    /home/gabriel/.m2/repository/org/codehaus/plexus/plexus-compiler-api/2.2/plexus-compiler-api-2.2.jar
7f0915140000-7f0915142000 r--s 00000000 08:02 8134511                    /home/gabriel/.m2/repository/org/codehaus/plexus/plexus-component-annotations/1.5.5/plexus-component-annotations-1.5.5.jar
7f0915142000-7f0915144000 r--s 00002000 08:02 8262804                    /home/gabriel/.m2/repository/org/apache/maven/shared/maven-shared-incremental/1.1/maven-shared-incremental-1.1.jar
7f0915144000-7f0915147000 r--s 00023000 08:02 8262803                    /home/gabriel/.m2/repository/org/apache/maven/shared/maven-shared-utils/0.1/maven-shared-utils-0.1.jar
7f0915147000-7f091514b000 r--s 00030000 08:02 7868369                    /home/gabriel/.m2/repository/org/codehaus/plexus/plexus-utils/1.5.1/plexus-utils-1.5.1.jar
7f091514b000-7f091514d000 r--s 00009000 08:02 7868064                    /home/gabriel/.m2/repository/org/apache/maven/plugins/maven-compiler-plugin/3.1/maven-compiler-plugin-3.1.jar
7f091514d000-7f0915150000 r--s 0000d000 08:02 8524622                    /home/gabriel/.m2/repository/org/codehaus/plexus/plexus-interpolation/1.19/plexus-interpolation-1.19.jar
7f0915150000-7f0915151000 r--s 00001000 08:02 8262737                    /home/gabriel/.m2/repository/org/sonatype/plexus/plexus-build-api/0.0.4/plexus-build-api-0.0.4.jar
7f0915151000-7f0915153000 r--s 00006000 08:02 7737881                    /home/gabriel/.m2/repository/com/google/code/findbugs/jsr305/2.0.1/jsr305-2.0.1.jar
7f0915153000-7f0915156000 r--s 00023000 08:02 8524621                    /home/gabriel/.m2/repository/org/apache/maven/shared/maven-shared-utils/0.3/maven-shared-utils-0.3.jar
7f0915156000-7f0915158000 r--s 00009000 08:02 8524620                    /home/gabriel/.m2/repository/org/apache/maven/shared/maven-filtering/1.2/maven-filtering-1.2.jar
7f0915158000-7f091515c000 r--s 00037000 08:02 8524619                    /home/gabriel/.m2/repository/org/codehaus/plexus/plexus-utils/3.0.15/plexus-utils-3.0.15.jar
7f091515c000-7f091515e000 r--s 00002000 08:02 7608005                    /home/gabriel/.m2/repository/org/sonatype/plexus/plexus-cipher/1.4/plexus-cipher-1.4.jar
7f091515e000-7f091515f000 r--s 00006000 08:02 7608003                    /home/gabriel/.m2/repository/org/sonatype/plexus/plexus-sec-dispatcher/1.3/plexus-sec-dispatcher-1.3.jar
7f091515f000-7f0915161000 r--s 00002000 08:02 7868360                    /home/gabriel/.m2/repository/org/codehaus/plexus/plexus-interactivity-api/1.0-alpha-4/plexus-interactivity-api-1.0-alpha-4.jar
7f0915161000-7f0915163000 r--s 00009000 08:02 7868403                    /home/gabriel/.m2/repository/commons-cli/commons-cli/1.2/commons-cli-1.2.jar
7f0915163000-7f0915164000 r--s 00002000 08:02 8524617                    /home/gabriel/.m2/repository/org/apache/maven/doxia/doxia-logging-api/1.1/doxia-logging-api-1.1.jar
7f0915164000-7f0915166000 r--s 00002000 08:02 8262831                    /home/gabriel/.m2/repository/org/apache/maven/doxia/doxia-sink-api/1.1/doxia-sink-api-1.1.jar
7f0915166000-7f0915167000 r--s 00002000 08:02 8001472                    /home/gabriel/.m2/repository/org/apache/maven/reporting/maven-reporting-api/2.2.1/maven-reporting-api-2.2.1.jar
7f0915167000-7f0915169000 r--s 00003000 08:02 8262829                    /home/gabriel/.m2/repository/org/slf4j/jcl-over-slf4j/1.5.6/jcl-over-slf4j-1.5.6.jar
7f0915169000-7f091516b000 r--s 00004000 08:02 8262825                    /home/gabriel/.m2/repository/org/slf4j/slf4j-api/1.5.6/slf4j-api-1.5.6.jar
7f091516b000-7f091516d000 r--s 00001000 08:02 8262827                    /home/gabriel/.m2/repository/org/slf4j/slf4j-jdk14/1.5.6/slf4j-jdk14-1.5.6.jar
7f091516d000-7f0915170000 r--s 0001b000 08:02 7868367                    /home/gabriel/.m2/repository/junit/junit/3.8.1/junit-3.8.1.jar
7f0915170000-7f0915178000 r--s 00049000 08:02 8262826                    /home/gabriel/.m2/repository/backport-util-concurrent/backport-util-concurrent/3.1/backport-util-concurrent-3.1.jar
7f0915178000-7f0915179000 r--s 00007000 08:02 8524538                    /home/gabriel/.m2/repository/org/apache/maven/plugins/maven-resources-plugin/2.7/maven-resources-plugin-2.7.jar
7f0915179000-7f091517d000 r--s 00033000 08:02 8262735                    /home/gabriel/.m2/repository/org/codehaus/plexus/plexus-utils/2.0.5/plexus-utils-2.0.5.jar
7f091517d000-7f091517e000 r--s 00005000 08:02 7474474                    /home/gabriel/.m2/repository/org/apache/maven/plugins/maven-clean-plugin/2.4.1/maven-clean-plugin-2.4.1.jar
7f091517e000-7f091537e000 rw-p 00000000 00:00 0 
7f091537e000-7f091538f000 r-xp 00000000 08:02 13503653                   /usr/lib/jvm/java-8-oracle/jre/lib/amd64/libnio.so
7f091538f000-7f091558e000 ---p 00011000 08:02 13503653                   /usr/lib/jvm/java-8-oracle/jre/lib/amd64/libnio.so
7f091558e000-7f091558f000 rw-p 00010000 08:02 13503653                   /usr/lib/jvm/java-8-oracle/jre/lib/amd64/libnio.so
7f091558f000-7f09155a5000 r-xp 00000000 08:02 13503628                   /usr/lib/jvm/java-8-oracle/jre/lib/amd64/libnet.so
7f09155a5000-7f09157a5000 ---p 00016000 08:02 13503628                   /usr/lib/jvm/java-8-oracle/jre/lib/amd64/libnet.so
7f09157a5000-7f09157a6000 rw-p 00016000 08:02 13503628                   /usr/lib/jvm/java-8-oracle/jre/lib/amd64/libnet.so
7f09157a6000-7f09157a9000 ---p 00000000 00:00 0 
7f09157a9000-7f09159df000 rw-p 00000000 00:00 0 
7f09159df000-7f09159e4000 r--s 0009a000 08:02 13503594                   /usr/lib/jvm/java-8-oracle/jre/lib/jsse.jar
7f09159e4000-7f0915be4000 rw-p 00000000 00:00 0 
7f0915be4000-7f0915be6000 r--s 0000d000 08:02 7347293                    /home/gabriel/netbeans-8.2/java/maven-nblib/netbeans-eventspy.jar
7f0915be6000-7f0915c05000 r--s 00154000 08:02 7347311                    /home/gabriel/netbeans-8.2/java/maven/lib/sisu-guava-0.9.9.jar
7f0915c05000-7f0915c34000 r--s 001c8000 08:02 7347268                    /home/gabriel/netbeans-8.2/java/maven/lib/wagon-http-2.10-shaded.jar
7f0915c34000-7f0915c35000 ---p 00000000 00:00 0 
7f0915c35000-7f0915d35000 rw-p 00000000 00:00 0 
7f0915d35000-7f0915d38000 ---p 00000000 00:00 0 
7f0915d38000-7f0915e36000 rw-p 00000000 00:00 0 
7f0915e36000-7f0915e39000 ---p 00000000 00:00 0 
7f0915e39000-7f0915f37000 rw-p 00000000 00:00 0 
7f0915f37000-7f0915f3a000 ---p 00000000 00:00 0 
7f0915f3a000-7f0916038000 rw-p 00000000 00:00 0 
7f0916038000-7f091603b000 ---p 00000000 00:00 0 
7f091603b000-7f0916139000 rw-p 00000000 00:00 0 
7f0916139000-7f091613c000 ---p 00000000 00:00 0 
7f091613c000-7f091623a000 rw-p 00000000 00:00 0 
7f091623a000-7f0916517000 r--p 00000000 08:02 13107220                   /usr/lib/locale/locale-archive
7f0916517000-7f091651a000 ---p 00000000 00:00 0 
7f091651a000-7f0916618000 rw-p 00000000 00:00 0 
7f0916618000-7f091661b000 ---p 00000000 00:00 0 
7f091661b000-7f0916719000 rw-p 00000000 00:00 0 
7f0916719000-7f091671a000 ---p 00000000 00:00 0 
7f091671a000-7f0918000000 rw-p 00000000 00:00 0 
7f0918000000-7f0918021000 rw-p 00000000 00:00 0 
7f0918021000-7f091c000000 ---p 00000000 00:00 0 
7f091c000000-7f091c001000 r--p 00000000 00:00 0 
7f091c001000-7f091c002000 r--s 00002000 08:02 7347313                    /home/gabriel/netbeans-8.2/java/maven/lib/wagon-file-2.10.jar
7f091c002000-7f091c003000 r--s 00002000 08:02 7347271                    /home/gabriel/netbeans-8.2/java/maven/lib/wagon-http-shared-2.10.jar
7f091c003000-7f091c005000 r--s 0000b000 08:02 7347283                    /home/gabriel/netbeans-8.2/java/maven/lib/maven-artifact-3.0.5.jar
7f091c005000-7f091c007000 r--s 0000d000 08:02 7347225                    /home/gabriel/netbeans-8.2/java/maven/lib/plexus-interpolation-1.14.jar
7f091c007000-7f091c009000 r--s 00002000 08:02 7347303                    /home/gabriel/netbeans-8.2/java/maven/lib/plexus-cipher-1.7.jar
7f091c009000-7f091c013000 r--s 00116000 08:02 13634442                   /usr/lib/jvm/java-8-oracle/jre/lib/ext/localedata.jar
7f091c013000-7f091c014000 r--s 0000a000 08:02 7347284                    /home/gabriel/netbeans-8.2/java/maven/lib/maven-embedder-3.0.5.jar
7f091c014000-7f091c016000 r--s 0000a000 08:02 7347285                    /home/gabriel/netbeans-8.2/java/maven/lib/maven-settings-3.0.5.jar
7f091c016000-7f091c018000 r--s 0000c000 08:02 7347188                    /home/gabriel/netbeans-8.2/java/maven/lib/maven-aether-provider-3.0.5.jar
7f091c018000-7f091c01c000 r--s 00013000 08:02 7347304                    /home/gabriel/netbeans-8.2/java/maven/lib/aether-api-1.13.1.jar
7f091c01c000-7f0920000000 rw-p 00000000 00:00 0 
7f0920000000-7f0920021000 rw-p 00000000 00:00 0 
7f0920021000-7f0924000000 ---p 00000000 00:00 0 
7f0924000000-7f0924002000 r--s 00026000 08:02 7347302                    /home/gabriel/netbeans-8.2/java/maven/lib/maven-model-3.0.5.jar
7f0924002000-7f0924004000 r--s 00006000 08:02 7347141                    /home/gabriel/netbeans-8.2/java/maven/lib/aether-connector-wagon-1.13.1.jar
7f0924004000-7f0924008000 r--s 00033000 08:02 7347296                    /home/gabriel/netbeans-8.2/java/maven/lib/plexus-utils-2.0.6.jar
7f0924008000-7f0924010000 r--s 00050000 08:02 7347255                    /home/gabriel/netbeans-8.2/java/maven/lib/sisu-guice-3.1.0-no_aop.jar
7f0924010000-7f0924181000 rw-p 00000000 00:00 0 
7f0924181000-7f092435b000 r--s 03d4d000 08:02 13503599                   /usr/lib/jvm/java-8-oracle/jre/lib/rt.jar
7f092435b000-7f09243d1000 rw-p 00000000 00:00 0 
7f09243d1000-7f09243d2000 ---p 00000000 00:00 0 
7f09243d2000-7f09244d2000 rw-p 00000000 00:00 0 
7f09244d2000-7f09244d3000 ---p 00000000 00:00 0 
7f09244d3000-7f09245fd000 rw-p 00000000 00:00 0 
7f09245fd000-7f0924865000 ---p 00000000 00:00 0 
7f0924865000-7f092488f000 rw-p 00000000 00:00 0 
7f092488f000-7f0924af6000 ---p 00000000 00:00 0 
7f0924af6000-7f0924b43000 rw-p 00000000 00:00 0 
7f0924b43000-7f0924c3f000 ---p 00000000 00:00 0 
7f0924c3f000-7f0924c72000 rw-p 00000000 00:00 0 
7f0924c72000-7f0925000000 ---p 00000000 00:00 0 
7f0925000000-7f0925c50000 rwxp 00000000 00:00 0 
7f0925c50000-7f0934000000 ---p 00000000 00:00 0 
7f0934000000-7f0935025000 rw-p 00000000 00:00 0 
7f0935025000-7f0938000000 ---p 00000000 00:00 0 
7f0938000000-7f0938001000 r--s 00003000 08:02 7347305                    /home/gabriel/netbeans-8.2/java/maven/lib/aether-spi-1.13.1.jar
7f0938001000-7f0938003000 r--s 00009000 08:02 7347314                    /home/gabriel/netbeans-8.2/java/maven/lib/commons-cli-1.2.jar
7f0938003000-7f0938006000 r--s 0001d000 08:02 7347297                    /home/gabriel/netbeans-8.2/java/maven/lib/aether-impl-1.13.1.jar
7f0938006000-7f093800a000 r--s 0001c000 08:02 7347298                    /home/gabriel/netbeans-8.2/java/maven/lib/aether-util-1.13.1.jar
7f093800a000-7f093800c000 r--s 0000b000 08:02 7347269                    /home/gabriel/netbeans-8.2/java/maven/lib/maven-plugin-api-3.0.5.jar
7f093800c000-7f093800e000 r--s 00006000 08:02 7347075                    /home/gabriel/netbeans-8.2/java/maven/lib/maven-repository-metadata-3.0.5.jar
7f093800e000-7f0938012000 r--s 00021000 08:02 7347223                    /home/gabriel/netbeans-8.2/java/maven/lib/maven-model-builder-3.0.5.jar
7f0938012000-7f0938018000 r--s 0003f000 08:02 7347299                    /home/gabriel/netbeans-8.2/java/maven/lib/maven-compat-3.0.5.jar
7f0938018000-7f0938039000 rw-p 00000000 00:00 0 
7f0938039000-7f093803a000 ---p 00000000 00:00 0 
7f093803a000-7f093813a000 rw-p 00000000 00:00 0 
7f093813a000-7f093813b000 ---p 00000000 00:00 0 
7f093813b000-7f093823b000 rw-p 00000000 00:00 0 
7f093823b000-7f0938255000 r-xp 00000000 08:02 13503651                   /usr/lib/jvm/java-8-oracle/jre/lib/amd64/libzip.so
7f0938255000-7f0938455000 ---p 0001a000 08:02 13503651                   /usr/lib/jvm/java-8-oracle/jre/lib/amd64/libzip.so
7f0938455000-7f0938456000 rw-p 0001a000 08:02 13503651                   /usr/lib/jvm/java-8-oracle/jre/lib/amd64/libzip.so
7f0938456000-7f0938461000 r-xp 00000000 08:02 8126557                    /lib/x86_64-linux-gnu/libnss_files-2.24.so
7f0938461000-7f0938660000 ---p 0000b000 08:02 8126557                    /lib/x86_64-linux-gnu/libnss_files-2.24.so
7f0938660000-7f0938661000 r--p 0000a000 08:02 8126557                    /lib/x86_64-linux-gnu/libnss_files-2.24.so
7f0938661000-7f0938662000 rw-p 0000b000 08:02 8126557                    /lib/x86_64-linux-gnu/libnss_files-2.24.so
7f0938662000-7f0938668000 rw-p 00000000 00:00 0 
7f0938668000-7f0938673000 r-xp 00000000 08:02 8126559                    /lib/x86_64-linux-gnu/libnss_nis-2.24.so
7f0938673000-7f0938872000 ---p 0000b000 08:02 8126559                    /lib/x86_64-linux-gnu/libnss_nis-2.24.so
7f0938872000-7f0938873000 r--p 0000a000 08:02 8126559                    /lib/x86_64-linux-gnu/libnss_nis-2.24.so
7f0938873000-7f0938874000 rw-p 0000b000 08:02 8126559                    /lib/x86_64-linux-gnu/libnss_nis-2.24.so
7f0938874000-7f093888a000 r-xp 00000000 08:02 8126554                    /lib/x86_64-linux-gnu/libnsl-2.24.so
7f093888a000-7f0938a89000 ---p 00016000 08:02 8126554                    /lib/x86_64-linux-gnu/libnsl-2.24.so
7f0938a89000-7f0938a8a000 r--p 00015000 08:02 8126554                    /lib/x86_64-linux-gnu/libnsl-2.24.so
7f0938a8a000-7f0938a8b000 rw-p 00016000 08:02 8126554                    /lib/x86_64-linux-gnu/libnsl-2.24.so
7f0938a8b000-7f0938a8d000 rw-p 00000000 00:00 0 
7f0938a8d000-7f0938a95000 r-xp 00000000 08:02 8126555                    /lib/x86_64-linux-gnu/libnss_compat-2.24.so
7f0938a95000-7f0938c94000 ---p 00008000 08:02 8126555                    /lib/x86_64-linux-gnu/libnss_compat-2.24.so
7f0938c94000-7f0938c95000 r--p 00007000 08:02 8126555                    /lib/x86_64-linux-gnu/libnss_compat-2.24.so
7f0938c95000-7f0938c96000 rw-p 00008000 08:02 8126555                    /lib/x86_64-linux-gnu/libnss_compat-2.24.so
7f0938c96000-7f0938cc1000 r-xp 00000000 08:02 13503676                   /usr/lib/jvm/java-8-oracle/jre/lib/amd64/libjava.so
7f0938cc1000-7f0938ec0000 ---p 0002b000 08:02 13503676                   /usr/lib/jvm/java-8-oracle/jre/lib/amd64/libjava.so
7f0938ec0000-7f0938ec2000 rw-p 0002a000 08:02 13503676                   /usr/lib/jvm/java-8-oracle/jre/lib/amd64/libjava.so
7f0938ec2000-7f0938ecf000 r-xp 00000000 08:02 13503629                   /usr/lib/jvm/java-8-oracle/jre/lib/amd64/libverify.so
7f0938ecf000-7f09390cf000 ---p 0000d000 08:02 13503629                   /usr/lib/jvm/java-8-oracle/jre/lib/amd64/libverify.so
7f09390cf000-7f09390d1000 rw-p 0000d000 08:02 13503629                   /usr/lib/jvm/java-8-oracle/jre/lib/amd64/libverify.so
7f09390d1000-7f09390d8000 r-xp 00000000 08:02 8131000                    /lib/x86_64-linux-gnu/librt-2.24.so
7f09390d8000-7f09392d7000 ---p 00007000 08:02 8131000                    /lib/x86_64-linux-gnu/librt-2.24.so
7f09392d7000-7f09392d8000 r--p 00006000 08:02 8131000                    /lib/x86_64-linux-gnu/librt-2.24.so
7f09392d8000-7f09392d9000 rw-p 00007000 08:02 8131000                    /lib/x86_64-linux-gnu/librt-2.24.so
7f09392d9000-7f09393e1000 r-xp 00000000 08:02 8126551                    /lib/x86_64-linux-gnu/libm-2.24.so
7f09393e1000-7f09395e0000 ---p 00108000 08:02 8126551                    /lib/x86_64-linux-gnu/libm-2.24.so
7f09395e0000-7f09395e1000 r--p 00107000 08:02 8126551                    /lib/x86_64-linux-gnu/libm-2.24.so
7f09395e1000-7f09395e2000 rw-p 00108000 08:02 8126551                    /lib/x86_64-linux-gnu/libm-2.24.so
7f09395e2000-7f093a2b5000 r-xp 00000000 08:02 13503688                   /usr/lib/jvm/java-8-oracle/jre/lib/amd64/server/libjvm.so
7f093a2b5000-7f093a4b4000 ---p 00cd3000 08:02 13503688                   /usr/lib/jvm/java-8-oracle/jre/lib/amd64/server/libjvm.so
7f093a4b4000-7f093a58e000 rw-p 00cd2000 08:02 13503688                   /usr/lib/jvm/java-8-oracle/jre/lib/amd64/server/libjvm.so
7f093a58e000-7f093a5d9000 rw-p 00000000 00:00 0 
7f093a5d9000-7f093a797000 r-xp 00000000 08:02 8126547                    /lib/x86_64-linux-gnu/libc-2.24.so
7f093a797000-7f093a996000 ---p 001be000 08:02 8126547                    /lib/x86_64-linux-gnu/libc-2.24.so
7f093a996000-7f093a99a000 r--p 001bd000 08:02 8126547                    /lib/x86_64-linux-gnu/libc-2.24.so
7f093a99a000-7f093a99c000 rw-p 001c1000 08:02 8126547                    /lib/x86_64-linux-gnu/libc-2.24.so
7f093a99c000-7f093a9a0000 rw-p 00000000 00:00 0 
7f093a9a0000-7f093a9a3000 r-xp 00000000 08:02 8126550                    /lib/x86_64-linux-gnu/libdl-2.24.so
7f093a9a3000-7f093aba2000 ---p 00003000 08:02 8126550                    /lib/x86_64-linux-gnu/libdl-2.24.so
7f093aba2000-7f093aba3000 r--p 00002000 08:02 8126550                    /lib/x86_64-linux-gnu/libdl-2.24.so
7f093aba3000-7f093aba4000 rw-p 00003000 08:02 8126550                    /lib/x86_64-linux-gnu/libdl-2.24.so
7f093aba4000-7f093abb9000 r-xp 00000000 08:02 13246324                   /usr/lib/jvm/java-8-oracle/lib/amd64/jli/libjli.so
7f093abb9000-7f093adb9000 ---p 00015000 08:02 13246324                   /usr/lib/jvm/java-8-oracle/lib/amd64/jli/libjli.so
7f093adb9000-7f093adba000 rw-p 00015000 08:02 13246324                   /usr/lib/jvm/java-8-oracle/lib/amd64/jli/libjli.so
7f093adba000-7f093add2000 r-xp 00000000 08:02 8130945                    /lib/x86_64-linux-gnu/libpthread-2.24.so
7f093add2000-7f093afd2000 ---p 00018000 08:02 8130945                    /lib/x86_64-linux-gnu/libpthread-2.24.so
7f093afd2000-7f093afd3000 r--p 00018000 08:02 8130945                    /lib/x86_64-linux-gnu/libpthread-2.24.so
7f093afd3000-7f093afd4000 rw-p 00019000 08:02 8130945                    /lib/x86_64-linux-gnu/libpthread-2.24.so
7f093afd4000-7f093afd8000 rw-p 00000000 00:00 0 
7f093afd8000-7f093affe000 r-xp 00000000 08:02 8126479                    /lib/x86_64-linux-gnu/ld-2.24.so
7f093affe000-7f093b005000 r--s 0002b000 08:02 7347244                    /home/gabriel/netbeans-8.2/java/maven/lib/sisu-inject-plexus-2.3.0.jar
7f093b005000-7f093b011000 r--s 0007d000 08:02 7347310                    /home/gabriel/netbeans-8.2/java/maven/lib/maven-core-3.0.5.jar
7f093b011000-7f093b0dc000 rw-p 00000000 00:00 0 
7f093b0dc000-7f093b0df000 ---p 00000000 00:00 0 
7f093b0df000-7f093b1df000 rw-p 00000000 00:00 0 
7f093b1df000-7f093b1e1000 r--s 00000000 08:02 7346954                    /home/gabriel/netbeans-8.2/java/maven/lib/plexus-component-annotations-1.5.5.jar
7f093b1e1000-7f093b1e4000 r--s 00008000 08:02 7347170                    /home/gabriel/netbeans-8.2/java/maven/lib/maven-settings-builder-3.0.5.jar
7f093b1e4000-7f093b1e6000 r--s 0000b000 08:02 7347256                    /home/gabriel/netbeans-8.2/java/maven/lib/wagon-provider-api-2.10.jar
7f093b1e6000-7f093b1e7000 r--s 00006000 08:02 7347224                    /home/gabriel/netbeans-8.2/java/maven/lib/plexus-sec-dispatcher-1.3.jar
7f093b1e7000-7f093b1ee000 r--s 0003f000 08:02 7347270                    /home/gabriel/netbeans-8.2/java/maven/lib/sisu-inject-bean-2.3.0.jar
7f093b1ee000-7f093b1f0000 r--s 0000a000 08:02 7347258                    /home/gabriel/netbeans-8.2/java/maven/boot/plexus-classworlds-2.4.jar
7f093b1f0000-7f093b1f8000 rw-s 00000000 08:02 8655905                    /tmp/hsperfdata_gabriel/15337
7f093b1f8000-7f093b1f9000 rw-p 00000000 00:00 0 
7f093b1f9000-7f093b1fa000 ---p 00000000 00:00 0 
7f093b1fa000-7f093b1fd000 rw-p 00000000 00:00 0 
7f093b1fd000-7f093b1fe000 r--p 00025000 08:02 8126479                    /lib/x86_64-linux-gnu/ld-2.24.so
7f093b1fe000-7f093b1ff000 rw-p 00026000 08:02 8126479                    /lib/x86_64-linux-gnu/ld-2.24.so
7f093b1ff000-7f093b200000 rw-p 00000000 00:00 0 
7ffd34eaf000-7ffd34ed0000 rw-p 00000000 00:00 0                          [stack]
7ffd34fe5000-7ffd34fe7000 r--p 00000000 00:00 0                          [vvar]
7ffd34fe7000-7ffd34fe9000 r-xp 00000000 00:00 0                          [vdso]
ffffffffff600000-ffffffffff601000 r-xp 00000000 00:00 0                  [vsyscall]

VM Arguments:
jvm_args: -Dclassworlds.conf=/home/gabriel/netbeans-8.2/java/maven/bin/m2.conf -Dmaven.home=/home/gabriel/netbeans-8.2/java/maven 
java_command: org.codehaus.plexus.classworlds.launcher.Launcher -Dmaven.ext.class.path=/home/gabriel/netbeans-8.2/java/maven-nblib/netbeans-eventspy.jar clean install
java_class_path (initial): /home/gabriel/netbeans-8.2/java/maven/boot/plexus-classworlds-2.4.jar
Launcher Type: SUN_STANDARD

Environment Variables:
JAVA_HOME=/usr/lib/jvm/java-8-oracle
PATH=/usr/local/sbin:/usr/local/bin:/usr/sbin:/usr/bin:/sbin:/bin:/usr/games:/usr/local/games:/snap/bin:/usr/lib/jvm/java-8-oracle/bin:/usr/lib/jvm/java-8-oracle/db/bin:/usr/lib/jvm/java-8-oracle/jre/bin
LD_LIBRARY_PATH=/usr/lib/jvm/java-8-oracle/jre/lib/amd64:/usr/lib/jvm/java-8-oracle/jre/lib/i386:
SHELL=/bin/bash
DISPLAY=:0

Signal Handlers:
SIGSEGV: [libjvm.so+0xacba10], sa_mask[0]=11111111011111111101111111111110, sa_flags=SA_RESTART|SA_SIGINFO
SIGBUS: [libjvm.so+0xacba10], sa_mask[0]=11111111011111111101111111111110, sa_flags=SA_RESTART|SA_SIGINFO
SIGFPE: [libjvm.so+0x924ba0], sa_mask[0]=11111111011111111101111111111110, sa_flags=SA_RESTART|SA_SIGINFO
SIGPIPE: [libjvm.so+0x924ba0], sa_mask[0]=11111111011111111101111111111110, sa_flags=SA_RESTART|SA_SIGINFO
SIGXFSZ: [libjvm.so+0x924ba0], sa_mask[0]=11111111011111111101111111111110, sa_flags=SA_RESTART|SA_SIGINFO
SIGILL: [libjvm.so+0x924ba0], sa_mask[0]=11111111011111111101111111111110, sa_flags=SA_RESTART|SA_SIGINFO
SIGUSR1: SIG_DFL, sa_mask[0]=00000000000000000000000000000000, sa_flags=none
SIGUSR2: [libjvm.so+0x9263e0], sa_mask[0]=00100000000000000000000000000000, sa_flags=SA_RESTART|SA_SIGINFO
SIGHUP: [libjvm.so+0x9277e0], sa_mask[0]=11111111011111111101111111111110, sa_flags=SA_RESTART|SA_SIGINFO
SIGINT: SIG_IGN, sa_mask[0]=00000000000000000000000000000000, sa_flags=none
SIGTERM: [libjvm.so+0x9277e0], sa_mask[0]=11111111011111111101111111111110, sa_flags=SA_RESTART|SA_SIGINFO
SIGQUIT: [libjvm.so+0x9277e0], sa_mask[0]=11111111011111111101111111111110, sa_flags=SA_RESTART|SA_SIGINFO


---------------  S Y S T E M  ---------------

OS:DISTRIB_ID=Ubuntu
DISTRIB_RELEASE=17.04
DISTRIB_CODENAME=zesty
DISTRIB_DESCRIPTION="Ubuntu 17.04"

uname:Linux 4.10.0-35-generic #39-Ubuntu SMP Wed Sep 13 07:46:59 UTC 2017 x86_64
libc:glibc 2.24 NPTL 2.24 
rlimit: STACK 8192k, CORE 0k, NPROC 31120, NOFILE 4096, AS infinity
load average:0,55 0,33 0,36

/proc/meminfo:
MemTotal:        8075780 kB
MemFree:          127472 kB
MemAvailable:      22672 kB
Buffers:            1268 kB
Cached:           363408 kB
SwapCached:        11592 kB
Active:          6795108 kB
Inactive:         858600 kB
Active(anon):    6787004 kB
Inactive(anon):   850464 kB
Active(file):       8104 kB
Inactive(file):     8136 kB
Unevictable:         368 kB
Mlocked:             368 kB
SwapTotal:       2097148 kB
SwapFree:              0 kB
Dirty:               184 kB
Writeback:             0 kB
AnonPages:       7278204 kB
Mapped:           216212 kB
Shmem:            348240 kB
Slab:             106688 kB
SReclaimable:      47932 kB
SUnreclaim:        58756 kB
KernelStack:       20208 kB
PageTables:        85428 kB
NFS_Unstable:          0 kB
Bounce:                0 kB
WritebackTmp:          0 kB
CommitLimit:     6135036 kB
Committed_AS:   16244556 kB
VmallocTotal:   34359738367 kB
VmallocUsed:           0 kB
VmallocChunk:          0 kB
HardwareCorrupted:     0 kB
AnonHugePages:   2521088 kB
ShmemHugePages:        0 kB
ShmemPmdMapped:        0 kB
CmaTotal:              0 kB
CmaFree:               0 kB
HugePages_Total:       0
HugePages_Free:        0
HugePages_Rsvd:        0
HugePages_Surp:        0
Hugepagesize:       2048 kB
DirectMap4k:      263648 kB
DirectMap2M:     8028160 kB
DirectMap1G:           0 kB


CPU:total 4 (initial active 4) (2 cores per cpu, 2 threads per core) family 6 model 69 stepping 1, cmov, cx8, fxsr, mmx, sse, sse2, sse3, ssse3, sse4.1, sse4.2, popcnt, avx, avx2, aes, clmul, erms, lzcnt, ht, tsc, tscinvbit, bmi1, bmi2

/proc/cpuinfo:
processor	: 0
vendor_id	: GenuineIntel
cpu family	: 6
model		: 69
model name	: Intel(R) Core(TM) i7-4500U CPU @ 1.80GHz
stepping	: 1
microcode	: 0x20
cpu MHz		: 2679.931
cache size	: 4096 KB
physical id	: 0
siblings	: 4
core id		: 0
cpu cores	: 2
apicid		: 0
initial apicid	: 0
fpu		: yes
fpu_exception	: yes
cpuid level	: 13
wp		: yes
flags		: fpu vme de pse tsc msr pae mce cx8 apic sep mtrr pge mca cmov pat pse36 clflush dts acpi mmx fxsr sse sse2 ss ht tm pbe syscall nx pdpe1gb rdtscp lm constant_tsc arch_perfmon pebs bts rep_good nopl xtopology nonstop_tsc aperfmperf pni pclmulqdq dtes64 monitor ds_cpl vmx est tm2 ssse3 sdbg fma cx16 xtpr pdcm pcid sse4_1 sse4_2 movbe popcnt tsc_deadline_timer aes xsave avx f16c rdrand lahf_lm abm epb tpr_shadow vnmi flexpriority ept vpid fsgsbase tsc_adjust bmi1 avx2 smep bmi2 erms invpcid xsaveopt dtherm ida arat pln pts
bugs		:
bogomips	: 4788.81
clflush size	: 64
cache_alignment	: 64
address sizes	: 39 bits physical, 48 bits virtual
power management:

processor	: 1
vendor_id	: GenuineIntel
cpu family	: 6
model		: 69
model name	: Intel(R) Core(TM) i7-4500U CPU @ 1.80GHz
stepping	: 1
microcode	: 0x20
cpu MHz		: 2693.115
cache size	: 4096 KB
physical id	: 0
siblings	: 4
core id		: 0
cpu cores	: 2
apicid		: 1
initial apicid	: 1
fpu		: yes
fpu_exception	: yes
cpuid level	: 13
wp		: yes
flags		: fpu vme de pse tsc msr pae mce cx8 apic sep mtrr pge mca cmov pat pse36 clflush dts acpi mmx fxsr sse sse2 ss ht tm pbe syscall nx pdpe1gb rdtscp lm constant_tsc arch_perfmon pebs bts rep_good nopl xtopology nonstop_tsc aperfmperf pni pclmulqdq dtes64 monitor ds_cpl vmx est tm2 ssse3 sdbg fma cx16 xtpr pdcm pcid sse4_1 sse4_2 movbe popcnt tsc_deadline_timer aes xsave avx f16c rdrand lahf_lm abm epb tpr_shadow vnmi flexpriority ept vpid fsgsbase tsc_adjust bmi1 avx2 smep bmi2 erms invpcid xsaveopt dtherm ida arat pln pts
bugs		:
bogomips	: 4788.81
clflush size	: 64
cache_alignment	: 64
address sizes	: 39 bits physical, 48 bits virtual
power management:

processor	: 2
vendor_id	: GenuineIntel
cpu family	: 6
model		: 69
model name	: Intel(R) Core(TM) i7-4500U CPU @ 1.80GHz
stepping	: 1
microcode	: 0x20
cpu MHz		: 2700.292
cache size	: 4096 KB
physical id	: 0
siblings	: 4
core id		: 1
cpu cores	: 2
apicid		: 2
initial apicid	: 2
fpu		: yes
fpu_exception	: yes
cpuid level	: 13
wp		: yes
flags		: fpu vme de pse tsc msr pae mce cx8 apic sep mtrr pge mca cmov pat pse36 clflush dts acpi mmx fxsr sse sse2 ss ht tm pbe syscall nx pdpe1gb rdtscp lm constant_tsc arch_perfmon pebs bts rep_good nopl xtopology nonstop_tsc aperfmperf pni pclmulqdq dtes64 monitor ds_cpl vmx est tm2 ssse3 sdbg fma cx16 xtpr pdcm pcid sse4_1 sse4_2 movbe popcnt tsc_deadline_timer aes xsave avx f16c rdrand lahf_lm abm epb tpr_shadow vnmi flexpriority ept vpid fsgsbase tsc_adjust bmi1 avx2 smep bmi2 erms invpcid xsaveopt dtherm ida arat pln pts
bugs		:
bogomips	: 4788.81
clflush size	: 64
cache_alignment	: 64
address sizes	: 39 bits physical, 48 bits virtual
power management:

processor	: 3
vendor_id	: GenuineIntel
cpu family	: 6
model		: 69
model name	: Intel(R) Core(TM) i7-4500U CPU @ 1.80GHz
stepping	: 1
microcode	: 0x20
cpu MHz		: 2700.439
cache size	: 4096 KB
physical id	: 0
siblings	: 4
core id		: 1
cpu cores	: 2
apicid		: 3
initial apicid	: 3
fpu		: yes
fpu_exception	: yes
cpuid level	: 13
wp		: yes
flags		: fpu vme de pse tsc msr pae mce cx8 apic sep mtrr pge mca cmov pat pse36 clflush dts acpi mmx fxsr sse sse2 ss ht tm pbe syscall nx pdpe1gb rdtscp lm constant_tsc arch_perfmon pebs bts rep_good nopl xtopology nonstop_tsc aperfmperf pni pclmulqdq dtes64 monitor ds_cpl vmx est tm2 ssse3 sdbg fma cx16 xtpr pdcm pcid sse4_1 sse4_2 movbe popcnt tsc_deadline_timer aes xsave avx f16c rdrand lahf_lm abm epb tpr_shadow vnmi flexpriority ept vpid fsgsbase tsc_adjust bmi1 avx2 smep bmi2 erms invpcid xsaveopt dtherm ida arat pln pts
bugs		:
bogomips	: 4788.81
clflush size	: 64
cache_alignment	: 64
address sizes	: 39 bits physical, 48 bits virtual
power management:



Memory: 4k page, physical 8075780k(127472k free), swap 2097148k(0k free)

vm_info: Java HotSpot(TM) 64-Bit Server VM (25.144-b01) for linux-amd64 JRE (1.8.0_144-b01), built on Jul 21 2017 21:57:33 by "java_re" with gcc 4.3.0 20080428 (Red Hat 4.3.0-8)

time: Thu Sep 28 14:17:59 2017
elapsed time: 4 seconds (0d 0h 0m 4s)

